[INFO] Scanning for projects...
[INFO] 
[INFO] ----------------< com.heroesoftimepoc:temporal-engine >-----------------
[INFO] Building Heroes of Time POC - Temporal Engine 0.0.1-SNAPSHOT
[INFO] --------------------------------[ jar ]---------------------------------
[INFO] 
[INFO] >>> spring-boot-maven-plugin:3.2.0:run (default-cli) > test-compile @ temporal-engine >>>
[INFO] 
[INFO] --- maven-resources-plugin:3.3.1:resources (default-resources) @ temporal-engine ---
[INFO] Copying 1 resource from src/main/resources to target/classes
[INFO] Copying 4 resources from src/main/resources to target/classes
[INFO] 
[INFO] --- maven-compiler-plugin:3.11.0:compile (default-compile) @ temporal-engine ---
[INFO] Changes detected - recompiling the module! :source
[INFO] Compiling 58 source files with javac [debug release 17] to target/classes
[INFO] /Users/admin/HOT/Heroes-of-Time/backend/src/main/java/com/heroesoftimepoc/temporalengine/service/AntlrTemporalScriptParser.java: /Users/admin/HOT/Heroes-of-Time/backend/src/main/java/com/heroesoftimepoc/temporalengine/service/AntlrTemporalScriptParser.java uses or overrides a deprecated API.
[INFO] /Users/admin/HOT/Heroes-of-Time/backend/src/main/java/com/heroesoftimepoc/temporalengine/service/AntlrTemporalScriptParser.java: Recompile with -Xlint:deprecation for details.
[INFO] /Users/admin/HOT/Heroes-of-Time/backend/src/main/java/com/heroesoftimepoc/temporalengine/service/TemporalEngineService.java: Some input files use unchecked or unsafe operations.
[INFO] /Users/admin/HOT/Heroes-of-Time/backend/src/main/java/com/heroesoftimepoc/temporalengine/service/TemporalEngineService.java: Recompile with -Xlint:unchecked for details.
[INFO] -------------------------------------------------------------
[ERROR] COMPILATION ERROR : 
[INFO] -------------------------------------------------------------
[ERROR] /Users/admin/HOT/Heroes-of-Time/backend/src/main/java/com/example/demo/service/CausalCollapseService.java:[25,13] cannot find symbol
  symbol:   class PsiStateRepository
  location: class com.example.demo.service.CausalCollapseService
[ERROR] /Users/admin/HOT/Heroes-of-Time/backend/src/main/java/com/example/demo/service/CausalCollapseService.java:[28,13] cannot find symbol
  symbol:   class HeroRepository
  location: class com.example.demo.service.CausalCollapseService
[ERROR] /Users/admin/HOT/Heroes-of-Time/backend/src/main/java/com/example/demo/service/CausalCollapseService.java:[31,13] cannot find symbol
  symbol:   class GameTileRepository
  location: class com.example.demo.service.CausalCollapseService
[ERROR] /Users/admin/HOT/Heroes-of-Time/backend/src/main/java/com/example/demo/service/CausalCollapseService.java:[34,13] cannot find symbol
  symbol:   class PerformanceMetricsService
  location: class com.example.demo.service.CausalCollapseService
[ERROR] /Users/admin/HOT/Heroes-of-Time/backend/src/main/java/com/example/demo/service/CausalCollapseService.java:[81,59] cannot find symbol
  symbol:   class Game
  location: class com.example.demo.service.CausalCollapseService
[ERROR] /Users/admin/HOT/Heroes-of-Time/backend/src/main/java/com/example/demo/service/CausalCollapseService.java:[109,62] cannot find symbol
  symbol:   class Game
  location: class com.example.demo.service.CausalCollapseService
[ERROR] /Users/admin/HOT/Heroes-of-Time/backend/src/main/java/com/example/demo/service/CausalCollapseService.java:[138,62] cannot find symbol
  symbol:   class Game
  location: class com.example.demo.service.CausalCollapseService
[ERROR] /Users/admin/HOT/Heroes-of-Time/backend/src/main/java/com/example/demo/service/CausalCollapseService.java:[165,60] cannot find symbol
  symbol:   class Game
  location: class com.example.demo.service.CausalCollapseService
[ERROR] /Users/admin/HOT/Heroes-of-Time/backend/src/main/java/com/example/demo/service/CausalCollapseService.java:[191,60] cannot find symbol
  symbol:   class PsiState
  location: class com.example.demo.service.CausalCollapseService
[ERROR] /Users/admin/HOT/Heroes-of-Time/backend/src/main/java/com/example/demo/service/CausalCollapseService.java:[222,55] cannot find symbol
  symbol:   class PsiState
  location: class com.example.demo.service.CausalCollapseService
[ERROR] /Users/admin/HOT/Heroes-of-Time/backend/src/main/java/com/example/demo/service/CausalCollapseService.java:[222,79] cannot access com.example.demo.model.Hero
  bad source file: /Users/admin/HOT/Heroes-of-Time/backend/src/main/java/com/example/demo/model/Hero.java
    file does not contain class com.example.demo.model.Hero
    Please remove or make sure it appears in the correct subdirectory of the sourcepath.
[ERROR] /Users/admin/HOT/Heroes-of-Time/backend/src/main/java/com/example/demo/service/CausalCollapseService.java:[238,53] cannot find symbol
  symbol:   class PsiState
  location: class com.example.demo.service.CausalCollapseService
[ERROR] /Users/admin/HOT/Heroes-of-Time/backend/src/main/java/com/example/demo/service/CausalCollapseService.java:[238,72] cannot find symbol
  symbol:   class Hero
  location: class com.example.demo.service.CausalCollapseService
[ERROR] /Users/admin/HOT/Heroes-of-Time/backend/src/main/java/com/example/demo/service/CausalCollapseService.java:[256,48] cannot find symbol
  symbol:   class Game
  location: class com.example.demo.service.CausalCollapseService
[ERROR] /Users/admin/HOT/Heroes-of-Time/backend/src/main/java/com/example/demo/service/CausalCollapseService.java:[256,18] cannot find symbol
  symbol:   class Hero
  location: class com.example.demo.service.CausalCollapseService
[ERROR] /Users/admin/HOT/Heroes-of-Time/backend/src/main/java/com/example/demo/service/CausalCollapseService.java:[267,42] cannot find symbol
  symbol:   class Hero
  location: class com.example.demo.service.CausalCollapseService
[ERROR] /Users/admin/HOT/Heroes-of-Time/backend/src/main/java/com/example/demo/service/CausalCollapseService.java:[275,41] cannot find symbol
  symbol:   class Hero
  location: class com.example.demo.service.CausalCollapseService
[ERROR] /Users/admin/HOT/Heroes-of-Time/backend/src/main/java/com/example/demo/service/CausalCollapseService.java:[297,54] cannot find symbol
  symbol:   class Game
  location: class com.example.demo.service.CausalCollapseService
[ERROR] /Users/admin/HOT/Heroes-of-Time/backend/src/main/java/com/example/demo/service/CausalCollapseService.java:[297,65] cannot find symbol
  symbol:   class Hero
  location: class com.example.demo.service.CausalCollapseService
[ERROR] /Users/admin/HOT/Heroes-of-Time/backend/src/main/java/com/example/demo/service/CausalCollapseService.java:[297,18] cannot find symbol
  symbol:   class PsiState
  location: class com.example.demo.service.CausalCollapseService
[ERROR] /Users/admin/HOT/Heroes-of-Time/backend/src/main/java/com/example/demo/service/CausalCollapseService.java:[310,42] cannot find symbol
  symbol:   class Hero
  location: class com.example.demo.service.CausalCollapseService
[ERROR] /Users/admin/HOT/Heroes-of-Time/backend/src/main/java/com/example/demo/service/CausalCollapseService.java:[322,54] cannot find symbol
  symbol:   class Game
  location: class com.example.demo.service.CausalCollapseService
[ERROR] /Users/admin/HOT/Heroes-of-Time/backend/src/main/java/com/example/demo/service/CausalCollapseService.java:[50,23] cannot find symbol
  symbol:   class PsiState
  location: class com.example.demo.service.CausalCollapseService.CollapseResult
[ERROR] /Users/admin/HOT/Heroes-of-Time/backend/src/main/java/com/example/demo/service/CausalCollapseService.java:[55,50] cannot find symbol
  symbol:   class PsiState
  location: class com.example.demo.service.CausalCollapseService.CollapseResult
[ERROR] /Users/admin/HOT/Heroes-of-Time/backend/src/main/java/com/example/demo/service/CausalCollapseService.java:[66,16] cannot find symbol
  symbol:   class PsiState
  location: class com.example.demo.service.CausalCollapseService.CollapseResult
[ERROR] /Users/admin/HOT/Heroes-of-Time/backend/src/main/java/com/example/demo/service/CausalCollapseService.java:[4,1] package com.example.demo.repository does not exist
[ERROR] /Users/admin/HOT/Heroes-of-Time/backend/src/main/java/com/example/demo/service/TemporalArtifactService.java:[29,13] cannot find symbol
  symbol:   class GameRepository
  location: class com.example.demo.service.TemporalArtifactService
[ERROR] /Users/admin/HOT/Heroes-of-Time/backend/src/main/java/com/example/demo/service/TemporalArtifactService.java:[32,13] cannot find symbol
  symbol:   class HeroRepository
  location: class com.example.demo.service.TemporalArtifactService
[ERROR] /Users/admin/HOT/Heroes-of-Time/backend/src/main/java/com/example/demo/service/TemporalArtifactService.java:[35,13] cannot find symbol
  symbol:   class PsiStateRepository
  location: class com.example.demo.service.TemporalArtifactService
[ERROR] /Users/admin/HOT/Heroes-of-Time/backend/src/main/java/com/example/demo/service/TemporalArtifactService.java:[38,13] cannot find symbol
  symbol:   class GameTileRepository
  location: class com.example.demo.service.TemporalArtifactService
[ERROR] /Users/admin/HOT/Heroes-of-Time/backend/src/main/java/com/example/demo/service/TemporalArtifactService.java:[41,13] cannot find symbol
  symbol:   class PerformanceMetricsService
  location: class com.example.demo.service.TemporalArtifactService
[ERROR] /Users/admin/HOT/Heroes-of-Time/backend/src/main/java/com/example/demo/service/TemporalArtifactService.java:[113,52] cannot find symbol
  symbol:   class Game
  location: class com.example.demo.service.TemporalArtifactService
[ERROR] /Users/admin/HOT/Heroes-of-Time/backend/src/main/java/com/example/demo/service/TemporalArtifactService.java:[113,63] cannot find symbol
  symbol:   class Hero
  location: class com.example.demo.service.TemporalArtifactService
[ERROR] /Users/admin/HOT/Heroes-of-Time/backend/src/main/java/com/example/demo/service/TemporalArtifactService.java:[159,49] cannot find symbol
  symbol:   class Game
  location: class com.example.demo.service.TemporalArtifactService
[ERROR] /Users/admin/HOT/Heroes-of-Time/backend/src/main/java/com/example/demo/service/TemporalArtifactService.java:[159,60] cannot find symbol
  symbol:   class Hero
  location: class com.example.demo.service.TemporalArtifactService
[ERROR] /Users/admin/HOT/Heroes-of-Time/backend/src/main/java/com/example/demo/service/TemporalArtifactService.java:[198,56] cannot find symbol
  symbol:   class Game
  location: class com.example.demo.service.TemporalArtifactService
[ERROR] /Users/admin/HOT/Heroes-of-Time/backend/src/main/java/com/example/demo/service/TemporalArtifactService.java:[198,67] cannot find symbol
  symbol:   class Hero
  location: class com.example.demo.service.TemporalArtifactService
[ERROR] /Users/admin/HOT/Heroes-of-Time/backend/src/main/java/com/example/demo/service/TemporalArtifactService.java:[237,56] cannot find symbol
  symbol:   class Game
  location: class com.example.demo.service.TemporalArtifactService
[ERROR] /Users/admin/HOT/Heroes-of-Time/backend/src/main/java/com/example/demo/service/TemporalArtifactService.java:[237,67] cannot find symbol
  symbol:   class Hero
  location: class com.example.demo.service.TemporalArtifactService
[ERROR] /Users/admin/HOT/Heroes-of-Time/backend/src/main/java/com/example/demo/service/TemporalArtifactService.java:[274,62] cannot find symbol
  symbol:   class Game
  location: class com.example.demo.service.TemporalArtifactService
[ERROR] /Users/admin/HOT/Heroes-of-Time/backend/src/main/java/com/example/demo/service/TemporalArtifactService.java:[274,73] cannot find symbol
  symbol:   class Hero
  location: class com.example.demo.service.TemporalArtifactService
[ERROR] /Users/admin/HOT/Heroes-of-Time/backend/src/main/java/com/example/demo/service/TemporalArtifactService.java:[317,57] cannot find symbol
  symbol:   class Game
  location: class com.example.demo.service.TemporalArtifactService
[ERROR] /Users/admin/HOT/Heroes-of-Time/backend/src/main/java/com/example/demo/service/TemporalArtifactService.java:[317,68] cannot find symbol
  symbol:   class Hero
  location: class com.example.demo.service.TemporalArtifactService
[ERROR] /Users/admin/HOT/Heroes-of-Time/backend/src/main/java/com/example/demo/service/TemporalArtifactService.java:[368,58] cannot find symbol
  symbol:   class Game
  location: class com.example.demo.service.TemporalArtifactService
[ERROR] /Users/admin/HOT/Heroes-of-Time/backend/src/main/java/com/example/demo/service/TemporalArtifactService.java:[368,69] cannot find symbol
  symbol:   class Hero
  location: class com.example.demo.service.TemporalArtifactService
[ERROR] /Users/admin/HOT/Heroes-of-Time/backend/src/main/java/com/example/demo/service/TemporalArtifactService.java:[407,62] cannot find symbol
  symbol:   class Game
  location: class com.example.demo.service.TemporalArtifactService
[ERROR] /Users/admin/HOT/Heroes-of-Time/backend/src/main/java/com/example/demo/service/TemporalArtifactService.java:[407,73] cannot find symbol
  symbol:   class Hero
  location: class com.example.demo.service.TemporalArtifactService
[ERROR] /Users/admin/HOT/Heroes-of-Time/backend/src/main/java/com/example/demo/service/TemporalArtifactService.java:[4,1] package com.example.demo.repository does not exist
[ERROR] /Users/admin/HOT/Heroes-of-Time/backend/src/main/java/com/example/demo/service/CausalCollapseService.java:[113,26] cannot find symbol
  symbol:   class PsiState
  location: class com.example.demo.service.CausalCollapseService
[ERROR] /Users/admin/HOT/Heroes-of-Time/backend/src/main/java/com/example/demo/service/CausalCollapseService.java:[116,24] cannot find symbol
  symbol:   method getTargetX()
  location: variable psi of type java.lang.Object
[ERROR] /Users/admin/HOT/Heroes-of-Time/backend/src/main/java/com/example/demo/service/CausalCollapseService.java:[116,49] cannot find symbol
  symbol:   method getTargetY()
  location: variable psi of type java.lang.Object
[ERROR] /Users/admin/HOT/Heroes-of-Time/backend/src/main/java/com/example/demo/service/CausalCollapseService.java:[117,25] cannot find symbol
  symbol:   method getDeltaT()
  location: variable psi of type java.lang.Object
[ERROR] /Users/admin/HOT/Heroes-of-Time/backend/src/main/java/com/example/demo/service/CausalCollapseService.java:[117,51] cannot find symbol
  symbol:   method getDeltaT()
  location: variable psi of type java.lang.Object
[ERROR] /Users/admin/HOT/Heroes-of-Time/backend/src/main/java/com/example/demo/service/CausalCollapseService.java:[120,37] cannot find symbol
  symbol:   class PsiState
  location: class com.example.demo.service.CausalCollapseService
[ERROR] /Users/admin/HOT/Heroes-of-Time/backend/src/main/java/com/example/demo/service/CausalCollapseService.java:[121,18] cannot find symbol
  symbol:   class PsiState
  location: class com.example.demo.service.CausalCollapseService
[ERROR] /Users/admin/HOT/Heroes-of-Time/backend/src/main/java/com/example/demo/service/CausalCollapseService.java:[142,14] cannot find symbol
  symbol:   class PsiState
  location: class com.example.demo.service.CausalCollapseService
[ERROR] /Users/admin/HOT/Heroes-of-Time/backend/src/main/java/com/example/demo/service/CausalCollapseService.java:[146,22] cannot find symbol
  symbol:   class Hero
  location: class com.example.demo.service.CausalCollapseService
[ERROR] /Users/admin/HOT/Heroes-of-Time/backend/src/main/java/com/example/demo/service/CausalCollapseService.java:[169,14] cannot find symbol
  symbol:   class Hero
  location: class com.example.demo.service.CausalCollapseService
[ERROR] /Users/admin/HOT/Heroes-of-Time/backend/src/main/java/com/example/demo/service/CausalCollapseService.java:[173,22] cannot find symbol
  symbol:   class PsiState
  location: class com.example.demo.service.CausalCollapseService
[ERROR] /Users/admin/HOT/Heroes-of-Time/backend/src/main/java/com/example/demo/service/CausalCollapseService.java:[175,22] cannot find symbol
  symbol:   class PsiState
  location: class com.example.demo.service.CausalCollapseService
[ERROR] /Users/admin/HOT/Heroes-of-Time/backend/src/main/java/com/example/demo/service/CausalCollapseService.java:[198,9] cannot find symbol
  symbol:   class PsiState
  location: class com.example.demo.service.CausalCollapseService
[ERROR] /Users/admin/HOT/Heroes-of-Time/backend/src/main/java/com/example/demo/service/CausalCollapseService.java:[211,31] cannot find symbol
  symbol:   variable PsiState
  location: class com.example.demo.service.CausalCollapseService
[ERROR] /Users/admin/HOT/Heroes-of-Time/backend/src/main/java/com/example/demo/service/CausalCollapseService.java:[227,57] cannot find symbol
  symbol:   variable Hero
  location: class com.example.demo.service.CausalCollapseService
[ERROR] /Users/admin/HOT/Heroes-of-Time/backend/src/main/java/com/example/demo/service/CausalCollapseService.java:[325,14] cannot find symbol
  symbol:   class PsiState
  location: class com.example.demo.service.CausalCollapseService
[ERROR] /Users/admin/HOT/Heroes-of-Time/backend/src/main/java/com/example/demo/service/CausalCollapseService.java:[326,14] cannot find symbol
  symbol:   class PsiState
  location: class com.example.demo.service.CausalCollapseService
[ERROR] /Users/admin/HOT/Heroes-of-Time/backend/src/main/java/com/example/demo/service/TemporalArtifactService.java:[163,28] package Hero does not exist
[ERROR] /Users/admin/HOT/Heroes-of-Time/backend/src/main/java/com/example/demo/service/TemporalArtifactService.java:[167,14] cannot find symbol
  symbol:   class GameTile
  location: class com.example.demo.service.TemporalArtifactService
[ERROR] /Users/admin/HOT/Heroes-of-Time/backend/src/main/java/com/example/demo/service/TemporalArtifactService.java:[174,17] cannot find symbol
  symbol:   class GameTile
  location: class com.example.demo.service.TemporalArtifactService
[ERROR] /Users/admin/HOT/Heroes-of-Time/backend/src/main/java/com/example/demo/service/TemporalArtifactService.java:[202,14] cannot find symbol
  symbol:   class PsiState
  location: class com.example.demo.service.TemporalArtifactService
[ERROR] /Users/admin/HOT/Heroes-of-Time/backend/src/main/java/com/example/demo/service/TemporalArtifactService.java:[210,14] cannot find symbol
  symbol:   class PsiState
  location: class com.example.demo.service.TemporalArtifactService
[ERROR] /Users/admin/HOT/Heroes-of-Time/backend/src/main/java/com/example/demo/service/TemporalArtifactService.java:[218,9] cannot find symbol
  symbol:   class GameTile
  location: class com.example.demo.service.TemporalArtifactService
[ERROR] /Users/admin/HOT/Heroes-of-Time/backend/src/main/java/com/example/demo/service/TemporalArtifactService.java:[245,14] cannot find symbol
  symbol:   class PsiState
  location: class com.example.demo.service.TemporalArtifactService
[ERROR] /Users/admin/HOT/Heroes-of-Time/backend/src/main/java/com/example/demo/service/TemporalArtifactService.java:[254,14] cannot find symbol
  symbol:   class PsiState
  location: class com.example.demo.service.TemporalArtifactService
[ERROR] /Users/admin/HOT/Heroes-of-Time/backend/src/main/java/com/example/demo/service/TemporalArtifactService.java:[288,9] cannot find symbol
  symbol:   class PsiState
  location: class com.example.demo.service.TemporalArtifactService
[ERROR] /Users/admin/HOT/Heroes-of-Time/backend/src/main/java/com/example/demo/service/TemporalArtifactService.java:[288,38] cannot find symbol
  symbol:   class PsiState
  location: class com.example.demo.service.TemporalArtifactService
[ERROR] /Users/admin/HOT/Heroes-of-Time/backend/src/main/java/com/example/demo/service/TemporalArtifactService.java:[335,14] cannot find symbol
  symbol:   class GameTile
  location: class com.example.demo.service.TemporalArtifactService
[ERROR] /Users/admin/HOT/Heroes-of-Time/backend/src/main/java/com/example/demo/service/TemporalArtifactService.java:[342,17] cannot find symbol
  symbol:   class GameTile
  location: class com.example.demo.service.TemporalArtifactService
[ERROR] /Users/admin/HOT/Heroes-of-Time/backend/src/main/java/com/example/demo/service/TemporalArtifactService.java:[372,28] package Hero does not exist
[ERROR] /Users/admin/HOT/Heroes-of-Time/backend/src/main/java/com/example/demo/service/TemporalArtifactService.java:[375,9] cannot find symbol
  symbol:   class PsiState
  location: class com.example.demo.service.TemporalArtifactService
[ERROR] /Users/admin/HOT/Heroes-of-Time/backend/src/main/java/com/example/demo/service/TemporalArtifactService.java:[375,34] cannot find symbol
  symbol:   class PsiState
  location: class com.example.demo.service.TemporalArtifactService
[ERROR] /Users/admin/HOT/Heroes-of-Time/backend/src/main/java/com/example/demo/service/TemporalArtifactService.java:[412,14] cannot find symbol
  symbol:   class PsiState
  location: class com.example.demo.service.TemporalArtifactService
[ERROR] /Users/admin/HOT/Heroes-of-Time/backend/src/main/java/com/example/demo/service/TemporalArtifactService.java:[415,14] cannot find symbol
  symbol:   class PsiState
  location: class com.example.demo.service.TemporalArtifactService
[ERROR] /Users/admin/HOT/Heroes-of-Time/backend/src/main/java/com/example/demo/service/TemporalArtifactService.java:[422,14] cannot find symbol
  symbol:   class PsiState
  location: class com.example.demo.service.TemporalArtifactService
[ERROR] /Users/admin/HOT/Heroes-of-Time/backend/src/main/java/com/example/demo/service/TemporalArtifactService.java:[431,14] cannot find symbol
  symbol:   class GameTile
  location: class com.example.demo.service.TemporalArtifactService
[ERROR] /Users/admin/HOT/Heroes-of-Time/backend/src/main/java/com/example/demo/service/TemporalArtifactService.java:[437,17] cannot find symbol
  symbol:   class GameTile
  location: class com.example.demo.service.TemporalArtifactService
[INFO] 85 errors 
[INFO] -------------------------------------------------------------
[INFO] ------------------------------------------------------------------------
[INFO] BUILD FAILURE
[INFO] ------------------------------------------------------------------------
[INFO] Total time:  5.024 s
[INFO] Finished at: 2025-07-19T00:09:17+02:00
[INFO] ------------------------------------------------------------------------
[ERROR] Failed to execute goal org.apache.maven.plugins:maven-compiler-plugin:3.11.0:compile (default-compile) on project temporal-engine: Compilation failure: Compilation failure: 
[ERROR] /Users/admin/HOT/Heroes-of-Time/backend/src/main/java/com/example/demo/service/CausalCollapseService.java:[25,13] cannot find symbol
[ERROR]   symbol:   class PsiStateRepository
[ERROR]   location: class com.example.demo.service.CausalCollapseService
[ERROR] /Users/admin/HOT/Heroes-of-Time/backend/src/main/java/com/example/demo/service/CausalCollapseService.java:[28,13] cannot find symbol
[ERROR]   symbol:   class HeroRepository
[ERROR]   location: class com.example.demo.service.CausalCollapseService
[ERROR] /Users/admin/HOT/Heroes-of-Time/backend/src/main/java/com/example/demo/service/CausalCollapseService.java:[31,13] cannot find symbol
[ERROR]   symbol:   class GameTileRepository
[ERROR]   location: class com.example.demo.service.CausalCollapseService
[ERROR] /Users/admin/HOT/Heroes-of-Time/backend/src/main/java/com/example/demo/service/CausalCollapseService.java:[34,13] cannot find symbol
[ERROR]   symbol:   class PerformanceMetricsService
[ERROR]   location: class com.example.demo.service.CausalCollapseService
[ERROR] /Users/admin/HOT/Heroes-of-Time/backend/src/main/java/com/example/demo/service/CausalCollapseService.java:[81,59] cannot find symbol
[ERROR]   symbol:   class Game
[ERROR]   location: class com.example.demo.service.CausalCollapseService
[ERROR] /Users/admin/HOT/Heroes-of-Time/backend/src/main/java/com/example/demo/service/CausalCollapseService.java:[109,62] cannot find symbol
[ERROR]   symbol:   class Game
[ERROR]   location: class com.example.demo.service.CausalCollapseService
[ERROR] /Users/admin/HOT/Heroes-of-Time/backend/src/main/java/com/example/demo/service/CausalCollapseService.java:[138,62] cannot find symbol
[ERROR]   symbol:   class Game
[ERROR]   location: class com.example.demo.service.CausalCollapseService
[ERROR] /Users/admin/HOT/Heroes-of-Time/backend/src/main/java/com/example/demo/service/CausalCollapseService.java:[165,60] cannot find symbol
[ERROR]   symbol:   class Game
[ERROR]   location: class com.example.demo.service.CausalCollapseService
[ERROR] /Users/admin/HOT/Heroes-of-Time/backend/src/main/java/com/example/demo/service/CausalCollapseService.java:[191,60] cannot find symbol
[ERROR]   symbol:   class PsiState
[ERROR]   location: class com.example.demo.service.CausalCollapseService
[ERROR] /Users/admin/HOT/Heroes-of-Time/backend/src/main/java/com/example/demo/service/CausalCollapseService.java:[222,55] cannot find symbol
[ERROR]   symbol:   class PsiState
[ERROR]   location: class com.example.demo.service.CausalCollapseService
[ERROR] /Users/admin/HOT/Heroes-of-Time/backend/src/main/java/com/example/demo/service/CausalCollapseService.java:[222,79] cannot access com.example.demo.model.Hero
[ERROR]   bad source file: /Users/admin/HOT/Heroes-of-Time/backend/src/main/java/com/example/demo/model/Hero.java
[ERROR]     file does not contain class com.example.demo.model.Hero
[ERROR]     Please remove or make sure it appears in the correct subdirectory of the sourcepath.
[ERROR] /Users/admin/HOT/Heroes-of-Time/backend/src/main/java/com/example/demo/service/CausalCollapseService.java:[238,53] cannot find symbol
[ERROR]   symbol:   class PsiState
[ERROR]   location: class com.example.demo.service.CausalCollapseService
[ERROR] /Users/admin/HOT/Heroes-of-Time/backend/src/main/java/com/example/demo/service/CausalCollapseService.java:[238,72] cannot find symbol
[ERROR]   symbol:   class Hero
[ERROR]   location: class com.example.demo.service.CausalCollapseService
[ERROR] /Users/admin/HOT/Heroes-of-Time/backend/src/main/java/com/example/demo/service/CausalCollapseService.java:[256,48] cannot find symbol
[ERROR]   symbol:   class Game
[ERROR]   location: class com.example.demo.service.CausalCollapseService
[ERROR] /Users/admin/HOT/Heroes-of-Time/backend/src/main/java/com/example/demo/service/CausalCollapseService.java:[256,18] cannot find symbol
[ERROR]   symbol:   class Hero
[ERROR]   location: class com.example.demo.service.CausalCollapseService
[ERROR] /Users/admin/HOT/Heroes-of-Time/backend/src/main/java/com/example/demo/service/CausalCollapseService.java:[267,42] cannot find symbol
[ERROR]   symbol:   class Hero
[ERROR]   location: class com.example.demo.service.CausalCollapseService
[ERROR] /Users/admin/HOT/Heroes-of-Time/backend/src/main/java/com/example/demo/service/CausalCollapseService.java:[275,41] cannot find symbol
[ERROR]   symbol:   class Hero
[ERROR]   location: class com.example.demo.service.CausalCollapseService
[ERROR] /Users/admin/HOT/Heroes-of-Time/backend/src/main/java/com/example/demo/service/CausalCollapseService.java:[297,54] cannot find symbol
[ERROR]   symbol:   class Game
[ERROR]   location: class com.example.demo.service.CausalCollapseService
[ERROR] /Users/admin/HOT/Heroes-of-Time/backend/src/main/java/com/example/demo/service/CausalCollapseService.java:[297,65] cannot find symbol
[ERROR]   symbol:   class Hero
[ERROR]   location: class com.example.demo.service.CausalCollapseService
[ERROR] /Users/admin/HOT/Heroes-of-Time/backend/src/main/java/com/example/demo/service/CausalCollapseService.java:[297,18] cannot find symbol
[ERROR]   symbol:   class PsiState
[ERROR]   location: class com.example.demo.service.CausalCollapseService
[ERROR] /Users/admin/HOT/Heroes-of-Time/backend/src/main/java/com/example/demo/service/CausalCollapseService.java:[310,42] cannot find symbol
[ERROR]   symbol:   class Hero
[ERROR]   location: class com.example.demo.service.CausalCollapseService
[ERROR] /Users/admin/HOT/Heroes-of-Time/backend/src/main/java/com/example/demo/service/CausalCollapseService.java:[322,54] cannot find symbol
[ERROR]   symbol:   class Game
[ERROR]   location: class com.example.demo.service.CausalCollapseService
[ERROR] /Users/admin/HOT/Heroes-of-Time/backend/src/main/java/com/example/demo/service/CausalCollapseService.java:[50,23] cannot find symbol
[ERROR]   symbol:   class PsiState
[ERROR]   location: class com.example.demo.service.CausalCollapseService.CollapseResult
[ERROR] /Users/admin/HOT/Heroes-of-Time/backend/src/main/java/com/example/demo/service/CausalCollapseService.java:[55,50] cannot find symbol
[ERROR]   symbol:   class PsiState
[ERROR]   location: class com.example.demo.service.CausalCollapseService.CollapseResult
[ERROR] /Users/admin/HOT/Heroes-of-Time/backend/src/main/java/com/example/demo/service/CausalCollapseService.java:[66,16] cannot find symbol
[ERROR]   symbol:   class PsiState
[ERROR]   location: class com.example.demo.service.CausalCollapseService.CollapseResult
[ERROR] /Users/admin/HOT/Heroes-of-Time/backend/src/main/java/com/example/demo/service/CausalCollapseService.java:[4,1] package com.example.demo.repository does not exist
[ERROR] /Users/admin/HOT/Heroes-of-Time/backend/src/main/java/com/example/demo/service/TemporalArtifactService.java:[29,13] cannot find symbol
[ERROR]   symbol:   class GameRepository
[ERROR]   location: class com.example.demo.service.TemporalArtifactService
[ERROR] /Users/admin/HOT/Heroes-of-Time/backend/src/main/java/com/example/demo/service/TemporalArtifactService.java:[32,13] cannot find symbol
[ERROR]   symbol:   class HeroRepository
[ERROR]   location: class com.example.demo.service.TemporalArtifactService
[ERROR] /Users/admin/HOT/Heroes-of-Time/backend/src/main/java/com/example/demo/service/TemporalArtifactService.java:[35,13] cannot find symbol
[ERROR]   symbol:   class PsiStateRepository
[ERROR]   location: class com.example.demo.service.TemporalArtifactService
[ERROR] /Users/admin/HOT/Heroes-of-Time/backend/src/main/java/com/example/demo/service/TemporalArtifactService.java:[38,13] cannot find symbol
[ERROR]   symbol:   class GameTileRepository
[ERROR]   location: class com.example.demo.service.TemporalArtifactService
[ERROR] /Users/admin/HOT/Heroes-of-Time/backend/src/main/java/com/example/demo/service/TemporalArtifactService.java:[41,13] cannot find symbol
[ERROR]   symbol:   class PerformanceMetricsService
[ERROR]   location: class com.example.demo.service.TemporalArtifactService
[ERROR] /Users/admin/HOT/Heroes-of-Time/backend/src/main/java/com/example/demo/service/TemporalArtifactService.java:[113,52] cannot find symbol
[ERROR]   symbol:   class Game
[ERROR]   location: class com.example.demo.service.TemporalArtifactService
[ERROR] /Users/admin/HOT/Heroes-of-Time/backend/src/main/java/com/example/demo/service/TemporalArtifactService.java:[113,63] cannot find symbol
[ERROR]   symbol:   class Hero
[ERROR]   location: class com.example.demo.service.TemporalArtifactService
[ERROR] /Users/admin/HOT/Heroes-of-Time/backend/src/main/java/com/example/demo/service/TemporalArtifactService.java:[159,49] cannot find symbol
[ERROR]   symbol:   class Game
[ERROR]   location: class com.example.demo.service.TemporalArtifactService
[ERROR] /Users/admin/HOT/Heroes-of-Time/backend/src/main/java/com/example/demo/service/TemporalArtifactService.java:[159,60] cannot find symbol
[ERROR]   symbol:   class Hero
[ERROR]   location: class com.example.demo.service.TemporalArtifactService
[ERROR] /Users/admin/HOT/Heroes-of-Time/backend/src/main/java/com/example/demo/service/TemporalArtifactService.java:[198,56] cannot find symbol
[ERROR]   symbol:   class Game
[ERROR]   location: class com.example.demo.service.TemporalArtifactService
[ERROR] /Users/admin/HOT/Heroes-of-Time/backend/src/main/java/com/example/demo/service/TemporalArtifactService.java:[198,67] cannot find symbol
[ERROR]   symbol:   class Hero
[ERROR]   location: class com.example.demo.service.TemporalArtifactService
[ERROR] /Users/admin/HOT/Heroes-of-Time/backend/src/main/java/com/example/demo/service/TemporalArtifactService.java:[237,56] cannot find symbol
[ERROR]   symbol:   class Game
[ERROR]   location: class com.example.demo.service.TemporalArtifactService
[ERROR] /Users/admin/HOT/Heroes-of-Time/backend/src/main/java/com/example/demo/service/TemporalArtifactService.java:[237,67] cannot find symbol
[ERROR]   symbol:   class Hero
[ERROR]   location: class com.example.demo.service.TemporalArtifactService
[ERROR] /Users/admin/HOT/Heroes-of-Time/backend/src/main/java/com/example/demo/service/TemporalArtifactService.java:[274,62] cannot find symbol
[ERROR]   symbol:   class Game
[ERROR]   location: class com.example.demo.service.TemporalArtifactService
[ERROR] /Users/admin/HOT/Heroes-of-Time/backend/src/main/java/com/example/demo/service/TemporalArtifactService.java:[274,73] cannot find symbol
[ERROR]   symbol:   class Hero
[ERROR]   location: class com.example.demo.service.TemporalArtifactService
[ERROR] /Users/admin/HOT/Heroes-of-Time/backend/src/main/java/com/example/demo/service/TemporalArtifactService.java:[317,57] cannot find symbol
[ERROR]   symbol:   class Game
[ERROR]   location: class com.example.demo.service.TemporalArtifactService
[ERROR] /Users/admin/HOT/Heroes-of-Time/backend/src/main/java/com/example/demo/service/TemporalArtifactService.java:[317,68] cannot find symbol
[ERROR]   symbol:   class Hero
[ERROR]   location: class com.example.demo.service.TemporalArtifactService
[ERROR] /Users/admin/HOT/Heroes-of-Time/backend/src/main/java/com/example/demo/service/TemporalArtifactService.java:[368,58] cannot find symbol
[ERROR]   symbol:   class Game
[ERROR]   location: class com.example.demo.service.TemporalArtifactService
[ERROR] /Users/admin/HOT/Heroes-of-Time/backend/src/main/java/com/example/demo/service/TemporalArtifactService.java:[368,69] cannot find symbol
[ERROR]   symbol:   class Hero
[ERROR]   location: class com.example.demo.service.TemporalArtifactService
[ERROR] /Users/admin/HOT/Heroes-of-Time/backend/src/main/java/com/example/demo/service/TemporalArtifactService.java:[407,62] cannot find symbol
[ERROR]   symbol:   class Game
[ERROR]   location: class com.example.demo.service.TemporalArtifactService
[ERROR] /Users/admin/HOT/Heroes-of-Time/backend/src/main/java/com/example/demo/service/TemporalArtifactService.java:[407,73] cannot find symbol
[ERROR]   symbol:   class Hero
[ERROR]   location: class com.example.demo.service.TemporalArtifactService
[ERROR] /Users/admin/HOT/Heroes-of-Time/backend/src/main/java/com/example/demo/service/TemporalArtifactService.java:[4,1] package com.example.demo.repository does not exist
[ERROR] /Users/admin/HOT/Heroes-of-Time/backend/src/main/java/com/example/demo/service/CausalCollapseService.java:[113,26] cannot find symbol
[ERROR]   symbol:   class PsiState
[ERROR]   location: class com.example.demo.service.CausalCollapseService
[ERROR] /Users/admin/HOT/Heroes-of-Time/backend/src/main/java/com/example/demo/service/CausalCollapseService.java:[116,24] cannot find symbol
[ERROR]   symbol:   method getTargetX()
[ERROR]   location: variable psi of type java.lang.Object
[ERROR] /Users/admin/HOT/Heroes-of-Time/backend/src/main/java/com/example/demo/service/CausalCollapseService.java:[116,49] cannot find symbol
[ERROR]   symbol:   method getTargetY()
[ERROR]   location: variable psi of type java.lang.Object
[ERROR] /Users/admin/HOT/Heroes-of-Time/backend/src/main/java/com/example/demo/service/CausalCollapseService.java:[117,25] cannot find symbol
[ERROR]   symbol:   method getDeltaT()
[ERROR]   location: variable psi of type java.lang.Object
[ERROR] /Users/admin/HOT/Heroes-of-Time/backend/src/main/java/com/example/demo/service/CausalCollapseService.java:[117,51] cannot find symbol
[ERROR]   symbol:   method getDeltaT()
[ERROR]   location: variable psi of type java.lang.Object
[ERROR] /Users/admin/HOT/Heroes-of-Time/backend/src/main/java/com/example/demo/service/CausalCollapseService.java:[120,37] cannot find symbol
[ERROR]   symbol:   class PsiState
[ERROR]   location: class com.example.demo.service.CausalCollapseService
[ERROR] /Users/admin/HOT/Heroes-of-Time/backend/src/main/java/com/example/demo/service/CausalCollapseService.java:[121,18] cannot find symbol
[ERROR]   symbol:   class PsiState
[ERROR]   location: class com.example.demo.service.CausalCollapseService
[ERROR] /Users/admin/HOT/Heroes-of-Time/backend/src/main/java/com/example/demo/service/CausalCollapseService.java:[142,14] cannot find symbol
[ERROR]   symbol:   class PsiState
[ERROR]   location: class com.example.demo.service.CausalCollapseService
[ERROR] /Users/admin/HOT/Heroes-of-Time/backend/src/main/java/com/example/demo/service/CausalCollapseService.java:[146,22] cannot find symbol
[ERROR]   symbol:   class Hero
[ERROR]   location: class com.example.demo.service.CausalCollapseService
[ERROR] /Users/admin/HOT/Heroes-of-Time/backend/src/main/java/com/example/demo/service/CausalCollapseService.java:[169,14] cannot find symbol
[ERROR]   symbol:   class Hero
[ERROR]   location: class com.example.demo.service.CausalCollapseService
[ERROR] /Users/admin/HOT/Heroes-of-Time/backend/src/main/java/com/example/demo/service/CausalCollapseService.java:[173,22] cannot find symbol
[ERROR]   symbol:   class PsiState
[ERROR]   location: class com.example.demo.service.CausalCollapseService
[ERROR] /Users/admin/HOT/Heroes-of-Time/backend/src/main/java/com/example/demo/service/CausalCollapseService.java:[175,22] cannot find symbol
[ERROR]   symbol:   class PsiState
[ERROR]   location: class com.example.demo.service.CausalCollapseService
[ERROR] /Users/admin/HOT/Heroes-of-Time/backend/src/main/java/com/example/demo/service/CausalCollapseService.java:[198,9] cannot find symbol
[ERROR]   symbol:   class PsiState
[ERROR]   location: class com.example.demo.service.CausalCollapseService
[ERROR] /Users/admin/HOT/Heroes-of-Time/backend/src/main/java/com/example/demo/service/CausalCollapseService.java:[211,31] cannot find symbol
[ERROR]   symbol:   variable PsiState
[ERROR]   location: class com.example.demo.service.CausalCollapseService
[ERROR] /Users/admin/HOT/Heroes-of-Time/backend/src/main/java/com/example/demo/service/CausalCollapseService.java:[227,57] cannot find symbol
[ERROR]   symbol:   variable Hero
[ERROR]   location: class com.example.demo.service.CausalCollapseService
[ERROR] /Users/admin/HOT/Heroes-of-Time/backend/src/main/java/com/example/demo/service/CausalCollapseService.java:[325,14] cannot find symbol
[ERROR]   symbol:   class PsiState
[ERROR]   location: class com.example.demo.service.CausalCollapseService
[ERROR] /Users/admin/HOT/Heroes-of-Time/backend/src/main/java/com/example/demo/service/CausalCollapseService.java:[326,14] cannot find symbol
[ERROR]   symbol:   class PsiState
[ERROR]   location: class com.example.demo.service.CausalCollapseService
[ERROR] /Users/admin/HOT/Heroes-of-Time/backend/src/main/java/com/example/demo/service/TemporalArtifactService.java:[163,28] package Hero does not exist
[ERROR] /Users/admin/HOT/Heroes-of-Time/backend/src/main/java/com/example/demo/service/TemporalArtifactService.java:[167,14] cannot find symbol
[ERROR]   symbol:   class GameTile
[ERROR]   location: class com.example.demo.service.TemporalArtifactService
[ERROR] /Users/admin/HOT/Heroes-of-Time/backend/src/main/java/com/example/demo/service/TemporalArtifactService.java:[174,17] cannot find symbol
[ERROR]   symbol:   class GameTile
[ERROR]   location: class com.example.demo.service.TemporalArtifactService
[ERROR] /Users/admin/HOT/Heroes-of-Time/backend/src/main/java/com/example/demo/service/TemporalArtifactService.java:[202,14] cannot find symbol
[ERROR]   symbol:   class PsiState
[ERROR]   location: class com.example.demo.service.TemporalArtifactService
[ERROR] /Users/admin/HOT/Heroes-of-Time/backend/src/main/java/com/example/demo/service/TemporalArtifactService.java:[210,14] cannot find symbol
[ERROR]   symbol:   class PsiState
[ERROR]   location: class com.example.demo.service.TemporalArtifactService
[ERROR] /Users/admin/HOT/Heroes-of-Time/backend/src/main/java/com/example/demo/service/TemporalArtifactService.java:[218,9] cannot find symbol
[ERROR]   symbol:   class GameTile
[ERROR]   location: class com.example.demo.service.TemporalArtifactService
[ERROR] /Users/admin/HOT/Heroes-of-Time/backend/src/main/java/com/example/demo/service/TemporalArtifactService.java:[245,14] cannot find symbol
[ERROR]   symbol:   class PsiState
[ERROR]   location: class com.example.demo.service.TemporalArtifactService
[ERROR] /Users/admin/HOT/Heroes-of-Time/backend/src/main/java/com/example/demo/service/TemporalArtifactService.java:[254,14] cannot find symbol
[ERROR]   symbol:   class PsiState
[ERROR]   location: class com.example.demo.service.TemporalArtifactService
[ERROR] /Users/admin/HOT/Heroes-of-Time/backend/src/main/java/com/example/demo/service/TemporalArtifactService.java:[288,9] cannot find symbol
[ERROR]   symbol:   class PsiState
[ERROR]   location: class com.example.demo.service.TemporalArtifactService
[ERROR] /Users/admin/HOT/Heroes-of-Time/backend/src/main/java/com/example/demo/service/TemporalArtifactService.java:[288,38] cannot find symbol
[ERROR]   symbol:   class PsiState
[ERROR]   location: class com.example.demo.service.TemporalArtifactService
[ERROR] /Users/admin/HOT/Heroes-of-Time/backend/src/main/java/com/example/demo/service/TemporalArtifactService.java:[335,14] cannot find symbol
[ERROR]   symbol:   class GameTile
[ERROR]   location: class com.example.demo.service.TemporalArtifactService
[ERROR] /Users/admin/HOT/Heroes-of-Time/backend/src/main/java/com/example/demo/service/TemporalArtifactService.java:[342,17] cannot find symbol
[ERROR]   symbol:   class GameTile
[ERROR]   location: class com.example.demo.service.TemporalArtifactService
[ERROR] /Users/admin/HOT/Heroes-of-Time/backend/src/main/java/com/example/demo/service/TemporalArtifactService.java:[372,28] package Hero does not exist
[ERROR] /Users/admin/HOT/Heroes-of-Time/backend/src/main/java/com/example/demo/service/TemporalArtifactService.java:[375,9] cannot find symbol
[ERROR]   symbol:   class PsiState
[ERROR]   location: class com.example.demo.service.TemporalArtifactService
[ERROR] /Users/admin/HOT/Heroes-of-Time/backend/src/main/java/com/example/demo/service/TemporalArtifactService.java:[375,34] cannot find symbol
[ERROR]   symbol:   class PsiState
[ERROR]   location: class com.example.demo.service.TemporalArtifactService
[ERROR] /Users/admin/HOT/Heroes-of-Time/backend/src/main/java/com/example/demo/service/TemporalArtifactService.java:[412,14] cannot find symbol
[ERROR]   symbol:   class PsiState
[ERROR]   location: class com.example.demo.service.TemporalArtifactService
[ERROR] /Users/admin/HOT/Heroes-of-Time/backend/src/main/java/com/example/demo/service/TemporalArtifactService.java:[415,14] cannot find symbol
[ERROR]   symbol:   class PsiState
[ERROR]   location: class com.example.demo.service.TemporalArtifactService
[ERROR] /Users/admin/HOT/Heroes-of-Time/backend/src/main/java/com/example/demo/service/TemporalArtifactService.java:[422,14] cannot find symbol
[ERROR]   symbol:   class PsiState
[ERROR]   location: class com.example.demo.service.TemporalArtifactService
[ERROR] /Users/admin/HOT/Heroes-of-Time/backend/src/main/java/com/example/demo/service/TemporalArtifactService.java:[431,14] cannot find symbol
[ERROR]   symbol:   class GameTile
[ERROR]   location: class com.example.demo.service.TemporalArtifactService
[ERROR] /Users/admin/HOT/Heroes-of-Time/backend/src/main/java/com/example/demo/service/TemporalArtifactService.java:[437,17] cannot find symbol
[ERROR]   symbol:   class GameTile
[ERROR]   location: class com.example.demo.service.TemporalArtifactService
[ERROR] -> [Help 1]
[ERROR] 
[ERROR] To see the full stack trace of the errors, re-run Maven with the -e switch.
[ERROR] Re-run Maven using the -X switch to enable full debug logging.
[ERROR] 
[ERROR] For more information about the errors and possible solutions, please read the following articles:
[ERROR] [Help 1] http://cwiki.apache.org/confluence/display/MAVEN/MojoFailureException
