[INFO] Scanning for projects...
[INFO] 
[INFO] ----------------< com.heroesoftimepoc:temporal-engine >-----------------
[INFO] Building Heroes of Time POC - Temporal Engine 0.0.1-SNAPSHOT
[INFO] --------------------------------[ jar ]---------------------------------
[INFO] 
[INFO] >>> spring-boot-maven-plugin:3.2.0:run (default-cli) > test-compile @ temporal-engine >>>
[INFO] 
[INFO] --- maven-resources-plugin:3.3.1:resources (default-resources) @ temporal-engine ---
[INFO] Copying 1 resource from src/main/resources to target/classes
[INFO] Copying 7 resources from src/main/resources to target/classes
[INFO] 
[INFO] --- maven-compiler-plugin:3.11.0:compile (default-compile) @ temporal-engine ---
[INFO] Nothing to compile - all classes are up to date
[INFO] 
[INFO] --- maven-resources-plugin:3.3.1:testResources (default-testResources) @ temporal-engine ---
[INFO] Copying 3 resources from src/test/resources to target/test-classes
[INFO] 
[INFO] --- maven-compiler-plugin:3.11.0:testCompile (default-testCompile) @ temporal-engine ---
[INFO] Changes detected - recompiling the module! :source
[INFO] Compiling 11 source files with javac [debug release 17] to target/test-classes
[INFO] /Users/admin/HOT/Heroes-of-Time/backend/src/test/java/com/heroesoftimepoc/temporalengine/integration/BatailleTemporelleIntegrationTest.java: Some input files use unchecked or unsafe operations.
[INFO] /Users/admin/HOT/Heroes-of-Time/backend/src/test/java/com/heroesoftimepoc/temporalengine/integration/BatailleTemporelleIntegrationTest.java: Recompile with -Xlint:unchecked for details.
[INFO] -------------------------------------------------------------
[ERROR] COMPILATION ERROR : 
[INFO] -------------------------------------------------------------
[ERROR] /Users/admin/HOT/Heroes-of-Time/backend/src/test/java/com/heroesoftimepoc/temporalengine/integration/QuantumInterferenceIntegrationTest.java:[355,67] cannot find symbol
  symbol:   method executeHotsScript(java.lang.Long,java.util.Map<java.lang.String,java.lang.String>)
  location: variable temporalEngineService of type com.heroesoftimepoc.temporalengine.service.TemporalEngineService
[INFO] 1 error
[INFO] -------------------------------------------------------------
[INFO] ------------------------------------------------------------------------
[INFO] BUILD FAILURE
[INFO] ------------------------------------------------------------------------
[INFO] Total time:  2.333 s
[INFO] Finished at: 2025-07-19T16:12:38+02:00
[INFO] ------------------------------------------------------------------------
[ERROR] Failed to execute goal org.apache.maven.plugins:maven-compiler-plugin:3.11.0:testCompile (default-testCompile) on project temporal-engine: Compilation failure
[ERROR] /Users/admin/HOT/Heroes-of-Time/backend/src/test/java/com/heroesoftimepoc/temporalengine/integration/QuantumInterferenceIntegrationTest.java:[355,67] cannot find symbol
[ERROR]   symbol:   method executeHotsScript(java.lang.Long,java.util.Map<java.lang.String,java.lang.String>)
[ERROR]   location: variable temporalEngineService of type com.heroesoftimepoc.temporalengine.service.TemporalEngineService
[ERROR] 
[ERROR] -> [Help 1]
[ERROR] 
[ERROR] To see the full stack trace of the errors, re-run Maven with the -e switch.
[ERROR] Re-run Maven using the -X switch to enable full debug logging.
[ERROR] 
[ERROR] For more information about the errors and possible solutions, please read the following articles:
[ERROR] [Help 1] http://cwiki.apache.org/confluence/display/MAVEN/MojoFailureException
