[ERROR] COMPILATION ERROR : 
[ERROR] /Users/admin/fullstack-project/backend/src/main/java/com/example/demo/config/SwaggerConfig.java:[26,33] cannot find symbol
  symbol:   method description(java.lang.String)
  location: class io.swagger.v3.oas.models.info.Contact
[ERROR] Failed to execute goal org.apache.maven.plugins:maven-compiler-plugin:3.10.1:compile (default-compile) on project demo: Compilation failure
[ERROR] /Users/admin/fullstack-project/backend/src/main/java/com/example/demo/config/SwaggerConfig.java:[26,33] cannot find symbol
[ERROR]   symbol:   method description(java.lang.String)
[ERROR]   location: class io.swagger.v3.oas.models.info.Contact
[ERROR] 
[ERROR] -> [Help 1]
[ERROR] 
[ERROR] To see the full stack trace of the errors, re-run Maven with the -e switch.
[ERROR] Re-run Maven using the -X switch to enable full debug logging.
[ERROR] 
[ERROR] For more information about the errors and possible solutions, please read the following articles:
[ERROR] [Help 1] http://cwiki.apache.org/confluence/display/MAVEN/MojoFailureException
