{"/Users/admin/fullstack-project/🌐 frontend/src/App.tsx": {"path":"/Users/admin/fullstack-project/🌐 frontend/src/App.tsx","statementMap":{"0":{"start":{"line":9,"column":22},"end":{"line":24,"column":1}},"1":{"start":{"line":10,"column":2},"end":{"line":23,"column":4}}},"fnMap":{"0":{"name":"(anonymous_0)","decl":{"start":{"line":9,"column":22},"end":{"line":9,"column":23}},"loc":{"start":{"line":9,"column":28},"end":{"line":24,"column":1}},"line":9}},"branchMap":{},"s":{"0":0,"1":0},"f":{"0":0},"b":{}}
,"/Users/admin/fullstack-project/🌐 frontend/src/index.tsx": {"path":"/Users/admin/fullstack-project/🌐 frontend/src/index.tsx","statementMap":{"0":{"start":{"line":7,"column":20},"end":{"line":7,"column":51}},"1":{"start":{"line":8,"column":0},"end":{"line":8,"column":69}},"2":{"start":{"line":8,"column":18},"end":{"line":8,"column":69}},"3":{"start":{"line":10,"column":13},"end":{"line":10,"column":45}},"4":{"start":{"line":11,"column":0},"end":{"line":15,"column":2}},"5":{"start":{"line":20,"column":0},"end":{"line":20,"column":18}}},"fnMap":{},"branchMap":{"0":{"loc":{"start":{"line":8,"column":0},"end":{"line":8,"column":69}},"type":"if","locations":[{"start":{"line":8,"column":0},"end":{"line":8,"column":69}},{"start":{},"end":{}}],"line":8}},"s":{"0":0,"1":0,"2":0,"3":0,"4":0,"5":0},"f":{},"b":{"0":[0,0]}}
,"/Users/admin/fullstack-project/🌐 frontend/src/reportWebVitals.js": {"path":"/Users/admin/fullstack-project/🌐 frontend/src/reportWebVitals.js","statementMap":{"0":{"start":{"line":1,"column":24},"end":{"line":11,"column":1}},"1":{"start":{"line":2,"column":2},"end":{"line":10,"column":3}},"2":{"start":{"line":3,"column":4},"end":{"line":9,"column":7}},"3":{"start":{"line":4,"column":6},"end":{"line":4,"column":26}},"4":{"start":{"line":5,"column":6},"end":{"line":5,"column":26}},"5":{"start":{"line":6,"column":6},"end":{"line":6,"column":26}},"6":{"start":{"line":7,"column":6},"end":{"line":7,"column":26}},"7":{"start":{"line":8,"column":6},"end":{"line":8,"column":27}}},"fnMap":{"0":{"name":"(anonymous_0)","decl":{"start":{"line":1,"column":24},"end":{"line":1,"column":25}},"loc":{"start":{"line":1,"column":39},"end":{"line":11,"column":1}},"line":1},"1":{"name":"(anonymous_1)","decl":{"start":{"line":3,"column":30},"end":{"line":3,"column":31}},"loc":{"start":{"line":3,"column":79},"end":{"line":9,"column":5}},"line":3}},"branchMap":{"0":{"loc":{"start":{"line":2,"column":2},"end":{"line":10,"column":3}},"type":"if","locations":[{"start":{"line":2,"column":2},"end":{"line":10,"column":3}},{"start":{},"end":{}}],"line":2},"1":{"loc":{"start":{"line":2,"column":6},"end":{"line":2,"column":52}},"type":"binary-expr","locations":[{"start":{"line":2,"column":6},"end":{"line":2,"column":17}},{"start":{"line":2,"column":21},"end":{"line":2,"column":52}}],"line":2}},"s":{"0":0,"1":0,"2":0,"3":0,"4":0,"5":0,"6":0,"7":0},"f":{"0":0,"1":0},"b":{"0":[0,0],"1":[0,0]}}
,"/Users/admin/fullstack-project/🌐 frontend/src/components/CastleManagementPanel.tsx": {"path":"/Users/admin/fullstack-project/🌐 frontend/src/components/CastleManagementPanel.tsx","statementMap":{"0":{"start":{"line":45,"column":68},"end":{"line":513,"column":1}},"1":{"start":{"line":46,"column":46},"end":{"line":46,"column":60}},"2":{"start":{"line":47,"column":36},"end":{"line":47,"column":60}},"3":{"start":{"line":48,"column":46},"end":{"line":48,"column":82}},"4":{"start":{"line":49,"column":40},"end":{"line":49,"column":74}},"5":{"start":{"line":50,"column":32},"end":{"line":50,"column":46}},"6":{"start":{"line":51,"column":38},"end":{"line":51,"column":75}},"7":{"start":{"line":52,"column":28},"end":{"line":52,"column":57}},"8":{"start":{"line":53,"column":36},"end":{"line":53,"column":94}},"9":{"start":{"line":54,"column":38},"end":{"line":54,"column":52}},"10":{"start":{"line":57,"column":2},"end":{"line":164,"column":37}},"11":{"start":{"line":58,"column":25},"end":{"line":104,"column":5}},"12":{"start":{"line":59,"column":6},"end":{"line":62,"column":7}},"13":{"start":{"line":60,"column":8},"end":{"line":60,"column":23}},"14":{"start":{"line":61,"column":8},"end":{"line":61,"column":15}},"15":{"start":{"line":64,"column":6},"end":{"line":103,"column":7}},"16":{"start":{"line":65,"column":8},"end":{"line":65,"column":25}},"17":{"start":{"line":66,"column":8},"end":{"line":66,"column":23}},"18":{"start":{"line":69,"column":34},"end":{"line":69,"column":87}},"19":{"start":{"line":70,"column":8},"end":{"line":70,"column":46}},"20":{"start":{"line":73,"column":25},"end":{"line":73,"column":57}},"21":{"start":{"line":76,"column":30},"end":{"line":76,"column":92}},"22":{"start":{"line":77,"column":8},"end":{"line":77,"column":47}},"23":{"start":{"line":80,"column":53},"end":{"line":80,"column":55}},"24":{"start":{"line":81,"column":8},"end":{"line":92,"column":9}},"25":{"start":{"line":82,"column":10},"end":{"line":91,"column":11}},"26":{"start":{"line":83,"column":31},"end":{"line":83,"column":72}},"27":{"start":{"line":84,"column":12},"end":{"line":86,"column":13}},"28":{"start":{"line":85,"column":14},"end":{"line":85,"column":52}},"29":{"start":{"line":88,"column":12},"end":{"line":88,"column":78}},"30":{"start":{"line":90,"column":12},"end":{"line":90,"column":68}},"31":{"start":{"line":93,"column":8},"end":{"line":93,"column":39}},"32":{"start":{"line":95,"column":8},"end":{"line":95,"column":58}},"33":{"start":{"line":97,"column":8},"end":{"line":97,"column":64}},"34":{"start":{"line":98,"column":8},"end":{"line":98,"column":86}},"35":{"start":{"line":99,"column":8},"end":{"line":99,"column":29}},"36":{"start":{"line":100,"column":8},"end":{"line":100,"column":23}},"37":{"start":{"line":102,"column":8},"end":{"line":102,"column":26}},"38":{"start":{"line":106,"column":25},"end":{"line":161,"column":5}},"39":{"start":{"line":108,"column":40},"end":{"line":141,"column":7}},"40":{"start":{"line":143,"column":57},"end":{"line":148,"column":7}},"41":{"start":{"line":150,"column":52},"end":{"line":155,"column":7}},"42":{"start":{"line":157,"column":6},"end":{"line":157,"column":34}},"43":{"start":{"line":158,"column":6},"end":{"line":158,"column":44}},"44":{"start":{"line":159,"column":6},"end":{"line":159,"column":38}},"45":{"start":{"line":160,"column":6},"end":{"line":160,"column":24}},"46":{"start":{"line":163,"column":4},"end":{"line":163,"column":19}},"47":{"start":{"line":166,"column":29},"end":{"line":231,"column":3}},"48":{"start":{"line":167,"column":44},"end":{"line":228,"column":5}},"49":{"start":{"line":230,"column":4},"end":{"line":230,"column":55}},"50":{"start":{"line":233,"column":28},"end":{"line":281,"column":3}},"51":{"start":{"line":234,"column":4},"end":{"line":280,"column":5}},"52":{"start":{"line":235,"column":25},"end":{"line":235,"column":52}},"53":{"start":{"line":236,"column":6},"end":{"line":236,"column":63}},"54":{"start":{"line":236,"column":29},"end":{"line":236,"column":60}},"55":{"start":{"line":237,"column":6},"end":{"line":237,"column":21}},"56":{"start":{"line":239,"column":6},"end":{"line":273,"column":7}},"57":{"start":{"line":241,"column":25},"end":{"line":245,"column":10}},"58":{"start":{"line":247,"column":8},"end":{"line":261,"column":9}},"59":{"start":{"line":249,"column":10},"end":{"line":249,"column":35}},"60":{"start":{"line":252,"column":32},"end":{"line":252,"column":84}},"61":{"start":{"line":253,"column":10},"end":{"line":253,"column":49}},"62":{"start":{"line":255,"column":36},"end":{"line":255,"column":89}},"63":{"start":{"line":256,"column":10},"end":{"line":256,"column":48}},"64":{"start":{"line":258,"column":10},"end":{"line":258,"column":93}},"65":{"start":{"line":260,"column":10},"end":{"line":260,"column":66}},"66":{"start":{"line":264,"column":8},"end":{"line":264,"column":64}},"67":{"start":{"line":264,"column":37},"end":{"line":264,"column":62}},"68":{"start":{"line":267,"column":8},"end":{"line":270,"column":12}},"69":{"start":{"line":267,"column":35},"end":{"line":270,"column":9}},"70":{"start":{"line":272,"column":8},"end":{"line":272,"column":86}},"71":{"start":{"line":276,"column":6},"end":{"line":276,"column":54}},"72":{"start":{"line":277,"column":6},"end":{"line":277,"column":61}},"73":{"start":{"line":279,"column":6},"end":{"line":279,"column":81}},"74":{"start":{"line":279,"column":29},"end":{"line":279,"column":78}},"75":{"start":{"line":283,"column":32},"end":{"line":304,"column":3}},"76":{"start":{"line":284,"column":4},"end":{"line":284,"column":31}},"77":{"start":{"line":284,"column":24},"end":{"line":284,"column":31}},"78":{"start":{"line":286,"column":4},"end":{"line":303,"column":5}},"79":{"start":{"line":287,"column":23},"end":{"line":291,"column":8}},"80":{"start":{"line":293,"column":6},"end":{"line":300,"column":7}},"81":{"start":{"line":294,"column":23},"end":{"line":294,"column":44}},"82":{"start":{"line":295,"column":8},"end":{"line":295,"column":57}},"83":{"start":{"line":298,"column":22},"end":{"line":298,"column":43}},"84":{"start":{"line":299,"column":8},"end":{"line":299,"column":60}},"85":{"start":{"line":302,"column":6},"end":{"line":302,"column":56}},"86":{"start":{"line":306,"column":22},"end":{"line":319,"column":3}},"87":{"start":{"line":307,"column":44},"end":{"line":317,"column":5}},"88":{"start":{"line":318,"column":4},"end":{"line":318,"column":51}},"89":{"start":{"line":321,"column":26},"end":{"line":333,"column":3}},"90":{"start":{"line":322,"column":44},"end":{"line":331,"column":5}},"91":{"start":{"line":332,"column":4},"end":{"line":332,"column":55}},"92":{"start":{"line":335,"column":38},"end":{"line":345,"column":3}},"93":{"start":{"line":337,"column":4},"end":{"line":344,"column":41}},"94":{"start":{"line":338,"column":25},"end":{"line":338,"column":74}},"95":{"start":{"line":339,"column":6},"end":{"line":343,"column":8}},"96":{"start":{"line":347,"column":2},"end":{"line":362,"column":3}},"97":{"start":{"line":348,"column":4},"end":{"line":361,"column":6}},"98":{"start":{"line":364,"column":22},"end":{"line":364,"column":51}},"99":{"start":{"line":366,"column":2},"end":{"line":512,"column":4}},"100":{"start":{"line":382,"column":25},"end":{"line":382,"column":49}},"101":{"start":{"line":388,"column":25},"end":{"line":388,"column":50}},"102":{"start":{"line":394,"column":25},"end":{"line":394,"column":48}},"103":{"start":{"line":450,"column":16},"end":{"line":461,"column":22}},"104":{"start":{"line":472,"column":29},"end":{"line":472,"column":50}},"105":{"start":{"line":473,"column":33},"end":{"line":475,"column":17}},"106":{"start":{"line":474,"column":18},"end":{"line":474,"column":75}},"107":{"start":{"line":477,"column":16},"end":{"line":479,"column":17}},"108":{"start":{"line":478,"column":18},"end":{"line":478,"column":30}},"109":{"start":{"line":481,"column":16},"end":{"line":505,"column":18}},"110":{"start":{"line":495,"column":37},"end":{"line":495,"column":88}}},"fnMap":{"0":{"name":"(anonymous_0)","decl":{"start":{"line":45,"column":68},"end":{"line":45,"column":69}},"loc":{"start":{"line":45,"column":103},"end":{"line":513,"column":1}},"line":45},"1":{"name":"(anonymous_1)","decl":{"start":{"line":57,"column":12},"end":{"line":57,"column":13}},"loc":{"start":{"line":57,"column":18},"end":{"line":164,"column":3}},"line":57},"2":{"name":"(anonymous_2)","decl":{"start":{"line":58,"column":25},"end":{"line":58,"column":26}},"loc":{"start":{"line":58,"column":37},"end":{"line":104,"column":5}},"line":58},"3":{"name":"(anonymous_3)","decl":{"start":{"line":106,"column":25},"end":{"line":106,"column":26}},"loc":{"start":{"line":106,"column":31},"end":{"line":161,"column":5}},"line":106},"4":{"name":"(anonymous_4)","decl":{"start":{"line":166,"column":29},"end":{"line":166,"column":30}},"loc":{"start":{"line":166,"column":57},"end":{"line":231,"column":3}},"line":166},"5":{"name":"(anonymous_5)","decl":{"start":{"line":233,"column":28},"end":{"line":233,"column":29}},"loc":{"start":{"line":233,"column":98},"end":{"line":281,"column":3}},"line":233},"6":{"name":"(anonymous_6)","decl":{"start":{"line":236,"column":20},"end":{"line":236,"column":21}},"loc":{"start":{"line":236,"column":29},"end":{"line":236,"column":60}},"line":236},"7":{"name":"(anonymous_7)","decl":{"start":{"line":264,"column":26},"end":{"line":264,"column":27}},"loc":{"start":{"line":264,"column":37},"end":{"line":264,"column":62}},"line":264},"8":{"name":"(anonymous_8)","decl":{"start":{"line":267,"column":26},"end":{"line":267,"column":27}},"loc":{"start":{"line":267,"column":35},"end":{"line":270,"column":9}},"line":267},"9":{"name":"(anonymous_9)","decl":{"start":{"line":279,"column":20},"end":{"line":279,"column":21}},"loc":{"start":{"line":279,"column":29},"end":{"line":279,"column":78}},"line":279},"10":{"name":"(anonymous_10)","decl":{"start":{"line":283,"column":32},"end":{"line":283,"column":33}},"loc":{"start":{"line":283,"column":62},"end":{"line":304,"column":3}},"line":283},"11":{"name":"(anonymous_11)","decl":{"start":{"line":306,"column":22},"end":{"line":306,"column":23}},"loc":{"start":{"line":306,"column":52},"end":{"line":319,"column":3}},"line":306},"12":{"name":"(anonymous_12)","decl":{"start":{"line":321,"column":26},"end":{"line":321,"column":27}},"loc":{"start":{"line":321,"column":60},"end":{"line":333,"column":3}},"line":321},"13":{"name":"(anonymous_13)","decl":{"start":{"line":335,"column":38},"end":{"line":335,"column":39}},"loc":{"start":{"line":335,"column":44},"end":{"line":345,"column":3}},"line":335},"14":{"name":"(anonymous_14)","decl":{"start":{"line":337,"column":28},"end":{"line":337,"column":29}},"loc":{"start":{"line":337,"column":50},"end":{"line":344,"column":5}},"line":337},"15":{"name":"(anonymous_15)","decl":{"start":{"line":382,"column":19},"end":{"line":382,"column":20}},"loc":{"start":{"line":382,"column":25},"end":{"line":382,"column":49}},"line":382},"16":{"name":"(anonymous_16)","decl":{"start":{"line":388,"column":19},"end":{"line":388,"column":20}},"loc":{"start":{"line":388,"column":25},"end":{"line":388,"column":50}},"line":388},"17":{"name":"(anonymous_17)","decl":{"start":{"line":394,"column":19},"end":{"line":394,"column":20}},"loc":{"start":{"line":394,"column":25},"end":{"line":394,"column":48}},"line":394},"18":{"name":"(anonymous_18)","decl":{"start":{"line":449,"column":29},"end":{"line":449,"column":30}},"loc":{"start":{"line":450,"column":16},"end":{"line":461,"column":22}},"line":450},"19":{"name":"(anonymous_19)","decl":{"start":{"line":471,"column":50},"end":{"line":471,"column":51}},"loc":{"start":{"line":471,"column":77},"end":{"line":506,"column":15}},"line":471},"20":{"name":"(anonymous_20)","decl":{"start":{"line":473,"column":48},"end":{"line":473,"column":49}},"loc":{"start":{"line":474,"column":18},"end":{"line":474,"column":75}},"line":474},"21":{"name":"(anonymous_21)","decl":{"start":{"line":495,"column":31},"end":{"line":495,"column":32}},"loc":{"start":{"line":495,"column":37},"end":{"line":495,"column":88}},"line":495}},"branchMap":{"0":{"loc":{"start":{"line":59,"column":6},"end":{"line":62,"column":7}},"type":"if","locations":[{"start":{"line":59,"column":6},"end":{"line":62,"column":7}},{"start":{},"end":{}}],"line":59},"1":{"loc":{"start":{"line":70,"column":21},"end":{"line":70,"column":44}},"type":"binary-expr","locations":[{"start":{"line":70,"column":21},"end":{"line":70,"column":38}},{"start":{"line":70,"column":42},"end":{"line":70,"column":44}}],"line":70},"2":{"loc":{"start":{"line":77,"column":26},"end":{"line":77,"column":45}},"type":"binary-expr","locations":[{"start":{"line":77,"column":26},"end":{"line":77,"column":39}},{"start":{"line":77,"column":43},"end":{"line":77,"column":45}}],"line":77},"3":{"loc":{"start":{"line":81,"column":43},"end":{"line":81,"column":62}},"type":"binary-expr","locations":[{"start":{"line":81,"column":43},"end":{"line":81,"column":56}},{"start":{"line":81,"column":60},"end":{"line":81,"column":62}}],"line":81},"4":{"loc":{"start":{"line":84,"column":12},"end":{"line":86,"column":13}},"type":"if","locations":[{"start":{"line":84,"column":12},"end":{"line":86,"column":13}},{"start":{},"end":{}}],"line":84},"5":{"loc":{"start":{"line":230,"column":11},"end":{"line":230,"column":54}},"type":"binary-expr","locations":[{"start":{"line":230,"column":11},"end":{"line":230,"column":30}},{"start":{"line":230,"column":34},"end":{"line":230,"column":54}}],"line":230},"6":{"loc":{"start":{"line":233,"column":73},"end":{"line":233,"column":93}},"type":"default-arg","locations":[{"start":{"line":233,"column":92},"end":{"line":233,"column":93}}],"line":233},"7":{"loc":{"start":{"line":239,"column":6},"end":{"line":273,"column":7}},"type":"if","locations":[{"start":{"line":239,"column":6},"end":{"line":273,"column":7}},{"start":{"line":262,"column":13},"end":{"line":273,"column":7}}],"line":239},"8":{"loc":{"start":{"line":247,"column":8},"end":{"line":261,"column":9}},"type":"if","locations":[{"start":{"line":247,"column":8},"end":{"line":261,"column":9}},{"start":{"line":259,"column":15},"end":{"line":261,"column":9}}],"line":247},"9":{"loc":{"start":{"line":253,"column":28},"end":{"line":253,"column":47}},"type":"binary-expr","locations":[{"start":{"line":253,"column":28},"end":{"line":253,"column":41}},{"start":{"line":253,"column":45},"end":{"line":253,"column":47}}],"line":253},"10":{"loc":{"start":{"line":256,"column":23},"end":{"line":256,"column":46}},"type":"binary-expr","locations":[{"start":{"line":256,"column":23},"end":{"line":256,"column":40}},{"start":{"line":256,"column":44},"end":{"line":256,"column":46}}],"line":256},"11":{"loc":{"start":{"line":260,"column":19},"end":{"line":260,"column":64}},"type":"binary-expr","locations":[{"start":{"line":260,"column":19},"end":{"line":260,"column":35}},{"start":{"line":260,"column":39},"end":{"line":260,"column":64}}],"line":260},"12":{"loc":{"start":{"line":269,"column":35},"end":{"line":269,"column":54}},"type":"binary-expr","locations":[{"start":{"line":269,"column":35},"end":{"line":269,"column":49}},{"start":{"line":269,"column":53},"end":{"line":269,"column":54}}],"line":269},"13":{"loc":{"start":{"line":284,"column":4},"end":{"line":284,"column":31}},"type":"if","locations":[{"start":{"line":284,"column":4},"end":{"line":284,"column":31}},{"start":{},"end":{}}],"line":284},"14":{"loc":{"start":{"line":293,"column":6},"end":{"line":300,"column":7}},"type":"if","locations":[{"start":{"line":293,"column":6},"end":{"line":300,"column":7}},{"start":{"line":297,"column":13},"end":{"line":300,"column":7}}],"line":293},"15":{"loc":{"start":{"line":318,"column":11},"end":{"line":318,"column":50}},"type":"binary-expr","locations":[{"start":{"line":318,"column":11},"end":{"line":318,"column":42}},{"start":{"line":318,"column":46},"end":{"line":318,"column":50}}],"line":318},"16":{"loc":{"start":{"line":332,"column":11},"end":{"line":332,"column":54}},"type":"binary-expr","locations":[{"start":{"line":332,"column":11},"end":{"line":332,"column":46}},{"start":{"line":332,"column":50},"end":{"line":332,"column":54}}],"line":332},"17":{"loc":{"start":{"line":338,"column":25},"end":{"line":338,"column":74}},"type":"cond-expr","locations":[{"start":{"line":338,"column":50},"end":{"line":338,"column":70}},{"start":{"line":338,"column":73},"end":{"line":338,"column":74}}],"line":338},"18":{"loc":{"start":{"line":341,"column":29},"end":{"line":341,"column":81}},"type":"cond-expr","locations":[{"start":{"line":341,"column":59},"end":{"line":341,"column":77}},{"start":{"line":341,"column":80},"end":{"line":341,"column":81}}],"line":341},"19":{"loc":{"start":{"line":342,"column":31},"end":{"line":342,"column":82}},"type":"cond-expr","locations":[{"start":{"line":342,"column":60},"end":{"line":342,"column":78}},{"start":{"line":342,"column":81},"end":{"line":342,"column":82}}],"line":342},"20":{"loc":{"start":{"line":347,"column":2},"end":{"line":362,"column":3}},"type":"if","locations":[{"start":{"line":347,"column":2},"end":{"line":362,"column":3}},{"start":{},"end":{}}],"line":347},"21":{"loc":{"start":{"line":373,"column":7},"end":{"line":377,"column":7}},"type":"binary-expr","locations":[{"start":{"line":373,"column":7},"end":{"line":373,"column":18}},{"start":{"line":374,"column":8},"end":{"line":376,"column":14}}],"line":373},"22":{"loc":{"start":{"line":381,"column":32},"end":{"line":381,"column":72}},"type":"cond-expr","locations":[{"start":{"line":381,"column":59},"end":{"line":381,"column":67}},{"start":{"line":381,"column":70},"end":{"line":381,"column":72}}],"line":381},"23":{"loc":{"start":{"line":387,"column":32},"end":{"line":387,"column":73}},"type":"cond-expr","locations":[{"start":{"line":387,"column":60},"end":{"line":387,"column":68}},{"start":{"line":387,"column":71},"end":{"line":387,"column":73}}],"line":387},"24":{"loc":{"start":{"line":393,"column":32},"end":{"line":393,"column":71}},"type":"cond-expr","locations":[{"start":{"line":393,"column":58},"end":{"line":393,"column":66}},{"start":{"line":393,"column":69},"end":{"line":393,"column":71}}],"line":393},"25":{"loc":{"start":{"line":401,"column":9},"end":{"line":405,"column":9}},"type":"binary-expr","locations":[{"start":{"line":401,"column":9},"end":{"line":401,"column":14}},{"start":{"line":402,"column":10},"end":{"line":404,"column":16}}],"line":401},"26":{"loc":{"start":{"line":407,"column":9},"end":{"line":443,"column":9}},"type":"binary-expr","locations":[{"start":{"line":407,"column":9},"end":{"line":407,"column":33}},{"start":{"line":408,"column":10},"end":{"line":442,"column":16}}],"line":407},"27":{"loc":{"start":{"line":413,"column":28},"end":{"line":413,"column":63}},"type":"binary-expr","locations":[{"start":{"line":413,"column":28},"end":{"line":413,"column":58}},{"start":{"line":413,"column":62},"end":{"line":413,"column":63}}],"line":413},"28":{"loc":{"start":{"line":416,"column":28},"end":{"line":416,"column":63}},"type":"binary-expr","locations":[{"start":{"line":416,"column":28},"end":{"line":416,"column":58}},{"start":{"line":416,"column":62},"end":{"line":416,"column":63}}],"line":416},"29":{"loc":{"start":{"line":419,"column":28},"end":{"line":419,"column":64}},"type":"binary-expr","locations":[{"start":{"line":419,"column":28},"end":{"line":419,"column":59}},{"start":{"line":419,"column":63},"end":{"line":419,"column":64}}],"line":419},"30":{"loc":{"start":{"line":445,"column":9},"end":{"line":465,"column":9}},"type":"binary-expr","locations":[{"start":{"line":445,"column":9},"end":{"line":445,"column":34}},{"start":{"line":446,"column":10},"end":{"line":464,"column":16}}],"line":445},"31":{"loc":{"start":{"line":456,"column":25},"end":{"line":456,"column":78}},"type":"cond-expr","locations":[{"start":{"line":456,"column":50},"end":{"line":456,"column":59}},{"start":{"line":456,"column":62},"end":{"line":456,"column":78}}],"line":456},"32":{"loc":{"start":{"line":467,"column":9},"end":{"line":509,"column":9}},"type":"binary-expr","locations":[{"start":{"line":467,"column":9},"end":{"line":467,"column":32}},{"start":{"line":468,"column":10},"end":{"line":508,"column":16}}],"line":467},"33":{"loc":{"start":{"line":474,"column":18},"end":{"line":474,"column":75}},"type":"binary-expr","locations":[{"start":{"line":474,"column":18},"end":{"line":474,"column":56}},{"start":{"line":474,"column":60},"end":{"line":474,"column":75}}],"line":474},"34":{"loc":{"start":{"line":477,"column":16},"end":{"line":479,"column":17}},"type":"if","locations":[{"start":{"line":477,"column":16},"end":{"line":479,"column":17}},{"start":{},"end":{}}],"line":477},"35":{"loc":{"start":{"line":477,"column":20},"end":{"line":477,"column":48}},"type":"binary-expr","locations":[{"start":{"line":477,"column":20},"end":{"line":477,"column":35}},{"start":{"line":477,"column":39},"end":{"line":477,"column":48}}],"line":477},"36":{"loc":{"start":{"line":486,"column":52},"end":{"line":486,"column":74}},"type":"binary-expr","locations":[{"start":{"line":486,"column":52},"end":{"line":486,"column":62}},{"start":{"line":486,"column":66},"end":{"line":486,"column":74}}],"line":486},"37":{"loc":{"start":{"line":497,"column":24},"end":{"line":499,"column":85}},"type":"binary-expr","locations":[{"start":{"line":497,"column":24},"end":{"line":497,"column":72}},{"start":{"line":498,"column":24},"end":{"line":498,"column":39}},{"start":{"line":499,"column":24},"end":{"line":499,"column":85}}],"line":497},"38":{"loc":{"start":{"line":499,"column":25},"end":{"line":499,"column":60}},"type":"binary-expr","locations":[{"start":{"line":499,"column":25},"end":{"line":499,"column":55}},{"start":{"line":499,"column":59},"end":{"line":499,"column":60}}],"line":499},"39":{"loc":{"start":{"line":499,"column":65},"end":{"line":499,"column":84}},"type":"binary-expr","locations":[{"start":{"line":499,"column":65},"end":{"line":499,"column":79}},{"start":{"line":499,"column":83},"end":{"line":499,"column":84}}],"line":499},"40":{"loc":{"start":{"line":502,"column":23},"end":{"line":502,"column":90}},"type":"cond-expr","locations":[{"start":{"line":502,"column":74},"end":{"line":502,"column":78}},{"start":{"line":502,"column":81},"end":{"line":502,"column":90}}],"line":502}},"s":{"0":0,"1":0,"2":0,"3":0,"4":0,"5":0,"6":0,"7":0,"8":0,"9":0,"10":0,"11":0,"12":0,"13":0,"14":0,"15":0,"16":0,"17":0,"18":0,"19":0,"20":0,"21":0,"22":0,"23":0,"24":0,"25":0,"26":0,"27":0,"28":0,"29":0,"30":0,"31":0,"32":0,"33":0,"34":0,"35":0,"36":0,"37":0,"38":0,"39":0,"40":0,"41":0,"42":0,"43":0,"44":0,"45":0,"46":0,"47":0,"48":0,"49":0,"50":0,"51":0,"52":0,"53":0,"54":0,"55":0,"56":0,"57":0,"58":0,"59":0,"60":0,"61":0,"62":0,"63":0,"64":0,"65":0,"66":0,"67":0,"68":0,"69":0,"70":0,"71":0,"72":0,"73":0,"74":0,"75":0,"76":0,"77":0,"78":0,"79":0,"80":0,"81":0,"82":0,"83":0,"84":0,"85":0,"86":0,"87":0,"88":0,"89":0,"90":0,"91":0,"92":0,"93":0,"94":0,"95":0,"96":0,"97":0,"98":0,"99":0,"100":0,"101":0,"102":0,"103":0,"104":0,"105":0,"106":0,"107":0,"108":0,"109":0,"110":0},"f":{"0":0,"1":0,"2":0,"3":0,"4":0,"5":0,"6":0,"7":0,"8":0,"9":0,"10":0,"11":0,"12":0,"13":0,"14":0,"15":0,"16":0,"17":0,"18":0,"19":0,"20":0,"21":0},"b":{"0":[0,0],"1":[0,0],"2":[0,0],"3":[0,0],"4":[0,0],"5":[0,0],"6":[0],"7":[0,0],"8":[0,0],"9":[0,0],"10":[0,0],"11":[0,0],"12":[0,0],"13":[0,0],"14":[0,0],"15":[0,0],"16":[0,0],"17":[0,0],"18":[0,0],"19":[0,0],"20":[0,0],"21":[0,0],"22":[0,0],"23":[0,0],"24":[0,0],"25":[0,0],"26":[0,0],"27":[0,0],"28":[0,0],"29":[0,0],"30":[0,0],"31":[0,0],"32":[0,0],"33":[0,0],"34":[0,0],"35":[0,0],"36":[0,0],"37":[0,0,0],"38":[0,0],"39":[0,0],"40":[0,0]}}
,"/Users/admin/fullstack-project/🌐 frontend/src/components/EnhancedScenarioSelector.tsx": {"path":"/Users/admin/fullstack-project/🌐 frontend/src/components/EnhancedScenarioSelector.tsx","statementMap":{"0":{"start":{"line":22,"column":43},"end":{"line":284,"column":1}},"1":{"start":{"line":23,"column":39},"end":{"line":23,"column":55}},"2":{"start":{"line":24,"column":19},"end":{"line":24,"column":32}},"3":{"start":{"line":25,"column":50},"end":{"line":25,"column":79}},"4":{"start":{"line":26,"column":36},"end":{"line":26,"column":60}},"5":{"start":{"line":27,"column":32},"end":{"line":27,"column":46}},"6":{"start":{"line":28,"column":28},"end":{"line":28,"column":57}},"7":{"start":{"line":30,"column":35},"end":{"line":38,"column":3}},"8":{"start":{"line":31,"column":4},"end":{"line":37,"column":5}},"9":{"start":{"line":32,"column":31},"end":{"line":32,"column":90}},"10":{"start":{"line":33,"column":28},"end":{"line":33,"column":87}},"11":{"start":{"line":34,"column":32},"end":{"line":34,"column":91}},"12":{"start":{"line":35,"column":30},"end":{"line":35,"column":89}},"13":{"start":{"line":36,"column":15},"end":{"line":36,"column":74}},"14":{"start":{"line":40,"column":29},"end":{"line":48,"column":3}},"15":{"start":{"line":41,"column":4},"end":{"line":47,"column":5}},"16":{"start":{"line":42,"column":31},"end":{"line":42,"column":43}},"17":{"start":{"line":43,"column":28},"end":{"line":43,"column":40}},"18":{"start":{"line":44,"column":32},"end":{"line":44,"column":44}},"19":{"start":{"line":45,"column":30},"end":{"line":45,"column":42}},"20":{"start":{"line":46,"column":15},"end":{"line":46,"column":27}},"21":{"start":{"line":50,"column":2},"end":{"line":50,"column":99}},"22":{"start":{"line":53,"column":24},"end":{"line":133,"column":19}},"23":{"start":{"line":54,"column":4},"end":{"line":132,"column":5}},"24":{"start":{"line":55,"column":6},"end":{"line":55,"column":23}},"25":{"start":{"line":56,"column":6},"end":{"line":56,"column":21}},"26":{"start":{"line":59,"column":31},"end":{"line":59,"column":73}},"27":{"start":{"line":62,"column":36},"end":{"line":88,"column":9}},"28":{"start":{"line":62,"column":77},"end":{"line":88,"column":7}},"29":{"start":{"line":90,"column":6},"end":{"line":90,"column":99}},"30":{"start":{"line":92,"column":6},"end":{"line":92,"column":30}},"31":{"start":{"line":93,"column":6},"end":{"line":93,"column":114}},"32":{"start":{"line":95,"column":6},"end":{"line":95,"column":56}},"33":{"start":{"line":96,"column":6},"end":{"line":96,"column":53}},"34":{"start":{"line":99,"column":44},"end":{"line":128,"column":7}},"35":{"start":{"line":129,"column":6},"end":{"line":129,"column":38}},"36":{"start":{"line":131,"column":6},"end":{"line":131,"column":24}},"37":{"start":{"line":135,"column":2},"end":{"line":138,"column":17}},"38":{"start":{"line":136,"column":4},"end":{"line":136,"column":20}},"39":{"start":{"line":140,"column":29},"end":{"line":148,"column":3}},"40":{"start":{"line":141,"column":4},"end":{"line":147,"column":5}},"41":{"start":{"line":142,"column":19},"end":{"line":142,"column":36}},"42":{"start":{"line":143,"column":21},"end":{"line":143,"column":38}},"43":{"start":{"line":144,"column":19},"end":{"line":144,"column":36}},"44":{"start":{"line":145,"column":21},"end":{"line":145,"column":38}},"45":{"start":{"line":146,"column":15},"end":{"line":146,"column":32}},"46":{"start":{"line":150,"column":29},"end":{"line":159,"column":3}},"47":{"start":{"line":151,"column":4},"end":{"line":158,"column":5}},"48":{"start":{"line":152,"column":19},"end":{"line":152,"column":36}},"49":{"start":{"line":154,"column":21},"end":{"line":154,"column":46}},"50":{"start":{"line":155,"column":19},"end":{"line":155,"column":40}},"51":{"start":{"line":156,"column":21},"end":{"line":156,"column":40}},"52":{"start":{"line":157,"column":15},"end":{"line":157,"column":40}},"53":{"start":{"line":161,"column":30},"end":{"line":178,"column":3}},"54":{"start":{"line":162,"column":4},"end":{"line":162,"column":113}},"55":{"start":{"line":163,"column":4},"end":{"line":163,"column":36}},"56":{"start":{"line":166,"column":21},"end":{"line":166,"column":61}},"57":{"start":{"line":166,"column":41},"end":{"line":166,"column":60}},"58":{"start":{"line":167,"column":4},"end":{"line":177,"column":5}},"59":{"start":{"line":168,"column":6},"end":{"line":174,"column":7}},"60":{"start":{"line":169,"column":8},"end":{"line":169,"column":97}},"61":{"start":{"line":170,"column":8},"end":{"line":170,"column":33}},"62":{"start":{"line":172,"column":8},"end":{"line":172,"column":92}},"63":{"start":{"line":173,"column":8},"end":{"line":173,"column":40}},"64":{"start":{"line":176,"column":6},"end":{"line":176,"column":78}},"65":{"start":{"line":182,"column":2},"end":{"line":283,"column":4}},"66":{"start":{"line":187,"column":25},"end":{"line":187,"column":42}},"67":{"start":{"line":193,"column":25},"end":{"line":193,"column":42}},"68":{"start":{"line":199,"column":25},"end":{"line":199,"column":42}},"69":{"start":{"line":232,"column":14},"end":{"line":276,"column":20}},"70":{"start":{"line":237,"column":31},"end":{"line":237,"column":63}},"71":{"start":{"line":271,"column":24},"end":{"line":271,"column":82}}},"fnMap":{"0":{"name":"(anonymous_0)","decl":{"start":{"line":22,"column":43},"end":{"line":22,"column":44}},"loc":{"start":{"line":22,"column":49},"end":{"line":284,"column":1}},"line":22},"1":{"name":"(anonymous_1)","decl":{"start":{"line":30,"column":35},"end":{"line":30,"column":36}},"loc":{"start":{"line":30,"column":59},"end":{"line":38,"column":3}},"line":30},"2":{"name":"(anonymous_2)","decl":{"start":{"line":40,"column":29},"end":{"line":40,"column":30}},"loc":{"start":{"line":40,"column":53},"end":{"line":48,"column":3}},"line":40},"3":{"name":"(anonymous_3)","decl":{"start":{"line":53,"column":36},"end":{"line":53,"column":37}},"loc":{"start":{"line":53,"column":48},"end":{"line":133,"column":3}},"line":53},"4":{"name":"(anonymous_4)","decl":{"start":{"line":62,"column":57},"end":{"line":62,"column":58}},"loc":{"start":{"line":62,"column":77},"end":{"line":88,"column":7}},"line":62},"5":{"name":"(anonymous_5)","decl":{"start":{"line":135,"column":12},"end":{"line":135,"column":13}},"loc":{"start":{"line":135,"column":18},"end":{"line":138,"column":3}},"line":135},"6":{"name":"(anonymous_6)","decl":{"start":{"line":140,"column":29},"end":{"line":140,"column":30}},"loc":{"start":{"line":140,"column":53},"end":{"line":148,"column":3}},"line":140},"7":{"name":"(anonymous_7)","decl":{"start":{"line":150,"column":29},"end":{"line":150,"column":30}},"loc":{"start":{"line":150,"column":53},"end":{"line":159,"column":3}},"line":150},"8":{"name":"(anonymous_8)","decl":{"start":{"line":161,"column":30},"end":{"line":161,"column":31}},"loc":{"start":{"line":161,"column":54},"end":{"line":178,"column":3}},"line":161},"9":{"name":"(anonymous_9)","decl":{"start":{"line":166,"column":36},"end":{"line":166,"column":37}},"loc":{"start":{"line":166,"column":41},"end":{"line":166,"column":60}},"line":166},"10":{"name":"(anonymous_10)","decl":{"start":{"line":187,"column":19},"end":{"line":187,"column":20}},"loc":{"start":{"line":187,"column":25},"end":{"line":187,"column":42}},"line":187},"11":{"name":"(anonymous_11)","decl":{"start":{"line":193,"column":19},"end":{"line":193,"column":20}},"loc":{"start":{"line":193,"column":25},"end":{"line":193,"column":42}},"line":193},"12":{"name":"(anonymous_12)","decl":{"start":{"line":199,"column":19},"end":{"line":199,"column":20}},"loc":{"start":{"line":199,"column":25},"end":{"line":199,"column":42}},"line":199},"13":{"name":"(anonymous_13)","decl":{"start":{"line":231,"column":27},"end":{"line":231,"column":28}},"loc":{"start":{"line":232,"column":14},"end":{"line":276,"column":20}},"line":232},"14":{"name":"(anonymous_14)","decl":{"start":{"line":237,"column":25},"end":{"line":237,"column":26}},"loc":{"start":{"line":237,"column":31},"end":{"line":237,"column":63}},"line":237},"15":{"name":"(anonymous_15)","decl":{"start":{"line":270,"column":57},"end":{"line":270,"column":58}},"loc":{"start":{"line":271,"column":24},"end":{"line":271,"column":82}},"line":271}},"branchMap":{"0":{"loc":{"start":{"line":31,"column":4},"end":{"line":37,"column":5}},"type":"switch","locations":[{"start":{"line":32,"column":6},"end":{"line":32,"column":90}},{"start":{"line":33,"column":6},"end":{"line":33,"column":87}},{"start":{"line":34,"column":6},"end":{"line":34,"column":91}},{"start":{"line":35,"column":6},"end":{"line":35,"column":89}},{"start":{"line":36,"column":6},"end":{"line":36,"column":74}}],"line":31},"1":{"loc":{"start":{"line":41,"column":4},"end":{"line":47,"column":5}},"type":"switch","locations":[{"start":{"line":42,"column":6},"end":{"line":42,"column":43}},{"start":{"line":43,"column":6},"end":{"line":43,"column":40}},{"start":{"line":44,"column":6},"end":{"line":44,"column":44}},{"start":{"line":45,"column":6},"end":{"line":45,"column":42}},{"start":{"line":46,"column":6},"end":{"line":46,"column":27}}],"line":41},"2":{"loc":{"start":{"line":63,"column":12},"end":{"line":63,"column":46}},"type":"binary-expr","locations":[{"start":{"line":63,"column":12},"end":{"line":63,"column":31}},{"start":{"line":63,"column":35},"end":{"line":63,"column":46}}],"line":63},"3":{"loc":{"start":{"line":64,"column":14},"end":{"line":64,"column":65}},"type":"binary-expr","locations":[{"start":{"line":64,"column":14},"end":{"line":64,"column":27}},{"start":{"line":64,"column":31},"end":{"line":64,"column":50}},{"start":{"line":64,"column":54},"end":{"line":64,"column":65}}],"line":64},"4":{"loc":{"start":{"line":65,"column":21},"end":{"line":65,"column":47}},"type":"binary-expr","locations":[{"start":{"line":65,"column":21},"end":{"line":65,"column":41}},{"start":{"line":65,"column":45},"end":{"line":65,"column":47}}],"line":65},"5":{"loc":{"start":{"line":66,"column":25},"end":{"line":66,"column":51}},"type":"binary-expr","locations":[{"start":{"line":66,"column":25},"end":{"line":66,"column":45}},{"start":{"line":66,"column":49},"end":{"line":66,"column":51}}],"line":66},"6":{"loc":{"start":{"line":67,"column":21},"end":{"line":67,"column":67}},"type":"binary-expr","locations":[{"start":{"line":67,"column":21},"end":{"line":67,"column":55}},{"start":{"line":67,"column":59},"end":{"line":67,"column":67}}],"line":67},"7":{"loc":{"start":{"line":69,"column":10},"end":{"line":71,"column":53}},"type":"cond-expr","locations":[{"start":{"line":70,"column":14},"end":{"line":70,"column":61}},{"start":{"line":71,"column":14},"end":{"line":71,"column":53}}],"line":69},"8":{"loc":{"start":{"line":69,"column":10},"end":{"line":69,"column":49}},"type":"binary-expr","locations":[{"start":{"line":69,"column":10},"end":{"line":69,"column":27}},{"start":{"line":69,"column":31},"end":{"line":69,"column":49}}],"line":69},"9":{"loc":{"start":{"line":71,"column":21},"end":{"line":71,"column":51}},"type":"binary-expr","locations":[{"start":{"line":71,"column":21},"end":{"line":71,"column":37}},{"start":{"line":71,"column":41},"end":{"line":71,"column":51}}],"line":71},"10":{"loc":{"start":{"line":72,"column":10},"end":{"line":74,"column":38}},"type":"cond-expr","locations":[{"start":{"line":73,"column":14},"end":{"line":73,"column":47}},{"start":{"line":74,"column":14},"end":{"line":74,"column":38}}],"line":72},"11":{"loc":{"start":{"line":75,"column":10},"end":{"line":77,"column":34}},"type":"cond-expr","locations":[{"start":{"line":76,"column":14},"end":{"line":76,"column":45}},{"start":{"line":77,"column":14},"end":{"line":77,"column":34}}],"line":75},"12":{"loc":{"start":{"line":78,"column":10},"end":{"line":80,"column":23}},"type":"cond-expr","locations":[{"start":{"line":79,"column":14},"end":{"line":79,"column":49}},{"start":{"line":80,"column":14},"end":{"line":80,"column":23}}],"line":78},"13":{"loc":{"start":{"line":82,"column":33},"end":{"line":82,"column":67}},"type":"binary-expr","locations":[{"start":{"line":82,"column":33},"end":{"line":82,"column":52}},{"start":{"line":82,"column":56},"end":{"line":82,"column":67}}],"line":82},"14":{"loc":{"start":{"line":83,"column":50},"end":{"line":83,"column":84}},"type":"binary-expr","locations":[{"start":{"line":83,"column":50},"end":{"line":83,"column":69}},{"start":{"line":83,"column":73},"end":{"line":83,"column":84}}],"line":83},"15":{"loc":{"start":{"line":84,"column":23},"end":{"line":84,"column":64}},"type":"binary-expr","locations":[{"start":{"line":84,"column":23},"end":{"line":84,"column":49}},{"start":{"line":84,"column":53},"end":{"line":84,"column":64}}],"line":84},"16":{"loc":{"start":{"line":85,"column":24},"end":{"line":85,"column":48}},"type":"binary-expr","locations":[{"start":{"line":85,"column":24},"end":{"line":85,"column":43}},{"start":{"line":85,"column":47},"end":{"line":85,"column":48}}],"line":85},"17":{"loc":{"start":{"line":86,"column":18},"end":{"line":86,"column":76}},"type":"binary-expr","locations":[{"start":{"line":86,"column":18},"end":{"line":86,"column":45}},{"start":{"line":86,"column":49},"end":{"line":86,"column":76}}],"line":86},"18":{"loc":{"start":{"line":87,"column":23},"end":{"line":87,"column":95}},"type":"binary-expr","locations":[{"start":{"line":87,"column":23},"end":{"line":87,"column":60}},{"start":{"line":87,"column":64},"end":{"line":87,"column":95}}],"line":87},"19":{"loc":{"start":{"line":141,"column":4},"end":{"line":147,"column":5}},"type":"switch","locations":[{"start":{"line":142,"column":6},"end":{"line":142,"column":36}},{"start":{"line":143,"column":6},"end":{"line":143,"column":38}},{"start":{"line":144,"column":6},"end":{"line":144,"column":36}},{"start":{"line":145,"column":6},"end":{"line":145,"column":38}},{"start":{"line":146,"column":6},"end":{"line":146,"column":32}}],"line":141},"20":{"loc":{"start":{"line":151,"column":4},"end":{"line":158,"column":5}},"type":"switch","locations":[{"start":{"line":152,"column":6},"end":{"line":152,"column":36}},{"start":{"line":153,"column":6},"end":{"line":153,"column":20}},{"start":{"line":154,"column":6},"end":{"line":154,"column":46}},{"start":{"line":155,"column":6},"end":{"line":155,"column":40}},{"start":{"line":156,"column":6},"end":{"line":156,"column":40}},{"start":{"line":157,"column":6},"end":{"line":157,"column":40}}],"line":151},"21":{"loc":{"start":{"line":167,"column":4},"end":{"line":177,"column":5}},"type":"if","locations":[{"start":{"line":167,"column":4},"end":{"line":177,"column":5}},{"start":{"line":175,"column":11},"end":{"line":177,"column":5}}],"line":167},"22":{"loc":{"start":{"line":167,"column":8},"end":{"line":167,"column":37}},"type":"binary-expr","locations":[{"start":{"line":167,"column":8},"end":{"line":167,"column":16}},{"start":{"line":167,"column":20},"end":{"line":167,"column":37}}],"line":167},"23":{"loc":{"start":{"line":168,"column":6},"end":{"line":174,"column":7}},"type":"if","locations":[{"start":{"line":168,"column":6},"end":{"line":174,"column":7}},{"start":{"line":171,"column":13},"end":{"line":174,"column":7}}],"line":168},"24":{"loc":{"start":{"line":186,"column":33},"end":{"line":186,"column":66}},"type":"cond-expr","locations":[{"start":{"line":186,"column":53},"end":{"line":186,"column":61}},{"start":{"line":186,"column":64},"end":{"line":186,"column":66}}],"line":186},"25":{"loc":{"start":{"line":192,"column":33},"end":{"line":192,"column":66}},"type":"cond-expr","locations":[{"start":{"line":192,"column":53},"end":{"line":192,"column":61}},{"start":{"line":192,"column":64},"end":{"line":192,"column":66}}],"line":192},"26":{"loc":{"start":{"line":198,"column":33},"end":{"line":198,"column":66}},"type":"cond-expr","locations":[{"start":{"line":198,"column":53},"end":{"line":198,"column":61}},{"start":{"line":198,"column":64},"end":{"line":198,"column":66}}],"line":198},"27":{"loc":{"start":{"line":217,"column":11},"end":{"line":222,"column":11}},"type":"binary-expr","locations":[{"start":{"line":217,"column":11},"end":{"line":217,"column":18}},{"start":{"line":218,"column":12},"end":{"line":221,"column":18}}],"line":217},"28":{"loc":{"start":{"line":223,"column":11},"end":{"line":228,"column":11}},"type":"binary-expr","locations":[{"start":{"line":223,"column":11},"end":{"line":223,"column":16}},{"start":{"line":224,"column":12},"end":{"line":227,"column":18}}],"line":223},"29":{"loc":{"start":{"line":229,"column":11},"end":{"line":279,"column":11}},"type":"binary-expr","locations":[{"start":{"line":229,"column":11},"end":{"line":229,"column":19}},{"start":{"line":229,"column":23},"end":{"line":229,"column":29}},{"start":{"line":230,"column":12},"end":{"line":278,"column":16}}],"line":229},"30":{"loc":{"start":{"line":235,"column":44},"end":{"line":235,"column":94}},"type":"cond-expr","locations":[{"start":{"line":235,"column":79},"end":{"line":235,"column":89}},{"start":{"line":235,"column":92},"end":{"line":235,"column":94}}],"line":235},"31":{"loc":{"start":{"line":235,"column":98},"end":{"line":235,"column":131}},"type":"cond-expr","locations":[{"start":{"line":235,"column":118},"end":{"line":235,"column":120}},{"start":{"line":235,"column":123},"end":{"line":235,"column":131}}],"line":235},"32":{"loc":{"start":{"line":235,"column":135},"end":{"line":235,"column":178}},"type":"cond-expr","locations":[{"start":{"line":235,"column":160},"end":{"line":235,"column":173}},{"start":{"line":235,"column":176},"end":{"line":235,"column":178}}],"line":235},"33":{"loc":{"start":{"line":239,"column":17},"end":{"line":244,"column":17}},"type":"binary-expr","locations":[{"start":{"line":239,"column":17},"end":{"line":239,"column":35}},{"start":{"line":240,"column":18},"end":{"line":243,"column":24}}],"line":239},"34":{"loc":{"start":{"line":253,"column":23},"end":{"line":253,"column":103}},"type":"cond-expr","locations":[{"start":{"line":253,"column":64},"end":{"line":253,"column":87}},{"start":{"line":253,"column":90},"end":{"line":253,"column":103}}],"line":253},"35":{"loc":{"start":{"line":256,"column":23},"end":{"line":256,"column":124}},"type":"cond-expr","locations":[{"start":{"line":256,"column":71},"end":{"line":256,"column":101}},{"start":{"line":256,"column":104},"end":{"line":256,"column":124}}],"line":256}},"s":{"0":0,"1":0,"2":0,"3":0,"4":0,"5":0,"6":0,"7":0,"8":0,"9":0,"10":0,"11":0,"12":0,"13":0,"14":0,"15":0,"16":0,"17":0,"18":0,"19":0,"20":0,"21":0,"22":0,"23":0,"24":0,"25":0,"26":0,"27":0,"28":0,"29":0,"30":0,"31":0,"32":0,"33":0,"34":0,"35":0,"36":0,"37":0,"38":0,"39":0,"40":0,"41":0,"42":0,"43":0,"44":0,"45":0,"46":0,"47":0,"48":0,"49":0,"50":0,"51":0,"52":0,"53":0,"54":0,"55":0,"56":0,"57":0,"58":0,"59":0,"60":0,"61":0,"62":0,"63":0,"64":0,"65":0,"66":0,"67":0,"68":0,"69":0,"70":0,"71":0},"f":{"0":0,"1":0,"2":0,"3":0,"4":0,"5":0,"6":0,"7":0,"8":0,"9":0,"10":0,"11":0,"12":0,"13":0,"14":0,"15":0},"b":{"0":[0,0,0,0,0],"1":[0,0,0,0,0],"2":[0,0],"3":[0,0,0],"4":[0,0],"5":[0,0],"6":[0,0],"7":[0,0],"8":[0,0],"9":[0,0],"10":[0,0],"11":[0,0],"12":[0,0],"13":[0,0],"14":[0,0],"15":[0,0],"16":[0,0],"17":[0,0],"18":[0,0],"19":[0,0,0,0,0],"20":[0,0,0,0,0,0],"21":[0,0],"22":[0,0],"23":[0,0],"24":[0,0],"25":[0,0],"26":[0,0],"27":[0,0],"28":[0,0],"29":[0,0,0],"30":[0,0],"31":[0,0],"32":[0,0],"33":[0,0],"34":[0,0],"35":[0,0]}}
,"/Users/admin/fullstack-project/🌐 frontend/src/components/EnhancedSidebarPanels.tsx": {"path":"/Users/admin/fullstack-project/🌐 frontend/src/components/EnhancedSidebarPanels.tsx","statementMap":{"0":{"start":{"line":15,"column":67},"end":{"line":105,"column":1}},"1":{"start":{"line":21,"column":2},"end":{"line":104,"column":4}},"2":{"start":{"line":30,"column":10},"end":{"line":51,"column":16}},"3":{"start":{"line":33,"column":27},"end":{"line":33,"column":45}},"4":{"start":{"line":40,"column":18},"end":{"line":40,"column":72}},"5":{"start":{"line":41,"column":18},"end":{"line":42,"column":59}},"6":{"start":{"line":61,"column":29},"end":{"line":61,"column":49}},"7":{"start":{"line":67,"column":29},"end":{"line":67,"column":51}},"8":{"start":{"line":73,"column":29},"end":{"line":73,"column":49}},"9":{"start":{"line":79,"column":29},"end":{"line":79,"column":52}},"10":{"start":{"line":113,"column":71},"end":{"line":291,"column":1}},"11":{"start":{"line":118,"column":36},"end":{"line":118,"column":64}},"12":{"start":{"line":119,"column":36},"end":{"line":119,"column":64}},"13":{"start":{"line":120,"column":36},"end":{"line":120,"column":96}},"14":{"start":{"line":122,"column":2},"end":{"line":132,"column":9}},"15":{"start":{"line":123,"column":27},"end":{"line":130,"column":5}},"16":{"start":{"line":124,"column":45},"end":{"line":127,"column":8}},"17":{"start":{"line":128,"column":6},"end":{"line":128,"column":46}},"18":{"start":{"line":129,"column":6},"end":{"line":129,"column":46}},"19":{"start":{"line":131,"column":4},"end":{"line":131,"column":21}},"20":{"start":{"line":134,"column":2},"end":{"line":290,"column":4}},"21":{"start":{"line":144,"column":25},"end":{"line":144,"column":49}},"22":{"start":{"line":150,"column":25},"end":{"line":150,"column":50}},"23":{"start":{"line":156,"column":25},"end":{"line":156,"column":50}},"24":{"start":{"line":192,"column":31},"end":{"line":192,"column":54}},"25":{"start":{"line":198,"column":31},"end":{"line":198,"column":54}},"26":{"start":{"line":204,"column":31},"end":{"line":204,"column":53}},"27":{"start":{"line":216,"column":16},"end":{"line":244,"column":22}},"28":{"start":{"line":222,"column":24},"end":{"line":222,"column":78}},"29":{"start":{"line":223,"column":24},"end":{"line":224,"column":58}},"30":{"start":{"line":240,"column":35},"end":{"line":240,"column":64}},"31":{"start":{"line":254,"column":16},"end":{"line":283,"column":22}},"32":{"start":{"line":260,"column":24},"end":{"line":260,"column":78}},"33":{"start":{"line":261,"column":24},"end":{"line":262,"column":58}},"34":{"start":{"line":279,"column":35},"end":{"line":279,"column":62}},"35":{"start":{"line":298,"column":77},"end":{"line":376,"column":1}},"36":{"start":{"line":302,"column":21},"end":{"line":309,"column":3}},"37":{"start":{"line":311,"column":2},"end":{"line":375,"column":4}},"38":{"start":{"line":342,"column":16},"end":{"line":364,"column":22}},"39":{"start":{"line":345,"column":33},"end":{"line":345,"column":51}},"40":{"start":{"line":352,"column":24},"end":{"line":352,"column":78}},"41":{"start":{"line":353,"column":24},"end":{"line":353,"column":93}},"42":{"start":{"line":380,"column":2},"end":{"line":380,"column":57}},"43":{"start":{"line":380,"column":45},"end":{"line":380,"column":57}},"44":{"start":{"line":381,"column":2},"end":{"line":381,"column":57}},"45":{"start":{"line":381,"column":45},"end":{"line":381,"column":57}},"46":{"start":{"line":382,"column":2},"end":{"line":382,"column":58}},"47":{"start":{"line":382,"column":46},"end":{"line":382,"column":58}},"48":{"start":{"line":383,"column":2},"end":{"line":383,"column":60}},"49":{"start":{"line":383,"column":45},"end":{"line":383,"column":60}},"50":{"start":{"line":384,"column":2},"end":{"line":384,"column":54}},"51":{"start":{"line":384,"column":42},"end":{"line":384,"column":54}},"52":{"start":{"line":385,"column":2},"end":{"line":385,"column":59}},"53":{"start":{"line":385,"column":47},"end":{"line":385,"column":59}},"54":{"start":{"line":386,"column":2},"end":{"line":386,"column":14}},"55":{"start":{"line":390,"column":2},"end":{"line":390,"column":57}},"56":{"start":{"line":390,"column":45},"end":{"line":390,"column":57}},"57":{"start":{"line":391,"column":2},"end":{"line":391,"column":59}},"58":{"start":{"line":391,"column":47},"end":{"line":391,"column":59}},"59":{"start":{"line":392,"column":2},"end":{"line":392,"column":56}},"60":{"start":{"line":392,"column":44},"end":{"line":392,"column":56}},"61":{"start":{"line":393,"column":2},"end":{"line":393,"column":61}},"62":{"start":{"line":393,"column":49},"end":{"line":393,"column":61}},"63":{"start":{"line":394,"column":2},"end":{"line":394,"column":15}}},"fnMap":{"0":{"name":"(anonymous_0)","decl":{"start":{"line":15,"column":67},"end":{"line":15,"column":68}},"loc":{"start":{"line":20,"column":6},"end":{"line":105,"column":1}},"line":20},"1":{"name":"(anonymous_1)","decl":{"start":{"line":29,"column":20},"end":{"line":29,"column":21}},"loc":{"start":{"line":30,"column":10},"end":{"line":51,"column":16}},"line":30},"2":{"name":"(anonymous_2)","decl":{"start":{"line":33,"column":21},"end":{"line":33,"column":22}},"loc":{"start":{"line":33,"column":27},"end":{"line":33,"column":45}},"line":33},"3":{"name":"(anonymous_3)","decl":{"start":{"line":39,"column":25},"end":{"line":39,"column":26}},"loc":{"start":{"line":39,"column":32},"end":{"line":43,"column":17}},"line":39},"4":{"name":"(anonymous_4)","decl":{"start":{"line":61,"column":23},"end":{"line":61,"column":24}},"loc":{"start":{"line":61,"column":29},"end":{"line":61,"column":49}},"line":61},"5":{"name":"(anonymous_5)","decl":{"start":{"line":67,"column":23},"end":{"line":67,"column":24}},"loc":{"start":{"line":67,"column":29},"end":{"line":67,"column":51}},"line":67},"6":{"name":"(anonymous_6)","decl":{"start":{"line":73,"column":23},"end":{"line":73,"column":24}},"loc":{"start":{"line":73,"column":29},"end":{"line":73,"column":49}},"line":73},"7":{"name":"(anonymous_7)","decl":{"start":{"line":79,"column":23},"end":{"line":79,"column":24}},"loc":{"start":{"line":79,"column":29},"end":{"line":79,"column":52}},"line":79},"8":{"name":"(anonymous_8)","decl":{"start":{"line":113,"column":71},"end":{"line":113,"column":72}},"loc":{"start":{"line":117,"column":6},"end":{"line":291,"column":1}},"line":117},"9":{"name":"(anonymous_9)","decl":{"start":{"line":122,"column":12},"end":{"line":122,"column":13}},"loc":{"start":{"line":122,"column":18},"end":{"line":132,"column":3}},"line":122},"10":{"name":"(anonymous_10)","decl":{"start":{"line":123,"column":27},"end":{"line":123,"column":28}},"loc":{"start":{"line":123,"column":39},"end":{"line":130,"column":5}},"line":123},"11":{"name":"(anonymous_11)","decl":{"start":{"line":144,"column":19},"end":{"line":144,"column":20}},"loc":{"start":{"line":144,"column":25},"end":{"line":144,"column":49}},"line":144},"12":{"name":"(anonymous_12)","decl":{"start":{"line":150,"column":19},"end":{"line":150,"column":20}},"loc":{"start":{"line":150,"column":25},"end":{"line":150,"column":50}},"line":150},"13":{"name":"(anonymous_13)","decl":{"start":{"line":156,"column":19},"end":{"line":156,"column":20}},"loc":{"start":{"line":156,"column":25},"end":{"line":156,"column":50}},"line":156},"14":{"name":"(anonymous_14)","decl":{"start":{"line":192,"column":25},"end":{"line":192,"column":26}},"loc":{"start":{"line":192,"column":31},"end":{"line":192,"column":54}},"line":192},"15":{"name":"(anonymous_15)","decl":{"start":{"line":198,"column":25},"end":{"line":198,"column":26}},"loc":{"start":{"line":198,"column":31},"end":{"line":198,"column":54}},"line":198},"16":{"name":"(anonymous_16)","decl":{"start":{"line":204,"column":25},"end":{"line":204,"column":26}},"loc":{"start":{"line":204,"column":31},"end":{"line":204,"column":53}},"line":204},"17":{"name":"(anonymous_17)","decl":{"start":{"line":215,"column":29},"end":{"line":215,"column":30}},"loc":{"start":{"line":216,"column":16},"end":{"line":244,"column":22}},"line":216},"18":{"name":"(anonymous_18)","decl":{"start":{"line":221,"column":31},"end":{"line":221,"column":32}},"loc":{"start":{"line":221,"column":38},"end":{"line":225,"column":23}},"line":221},"19":{"name":"(anonymous_19)","decl":{"start":{"line":240,"column":29},"end":{"line":240,"column":30}},"loc":{"start":{"line":240,"column":35},"end":{"line":240,"column":64}},"line":240},"20":{"name":"(anonymous_20)","decl":{"start":{"line":253,"column":29},"end":{"line":253,"column":30}},"loc":{"start":{"line":254,"column":16},"end":{"line":283,"column":22}},"line":254},"21":{"name":"(anonymous_21)","decl":{"start":{"line":259,"column":31},"end":{"line":259,"column":32}},"loc":{"start":{"line":259,"column":38},"end":{"line":263,"column":23}},"line":259},"22":{"name":"(anonymous_22)","decl":{"start":{"line":279,"column":29},"end":{"line":279,"column":30}},"loc":{"start":{"line":279,"column":35},"end":{"line":279,"column":62}},"line":279},"23":{"name":"(anonymous_23)","decl":{"start":{"line":298,"column":77},"end":{"line":298,"column":78}},"loc":{"start":{"line":301,"column":6},"end":{"line":376,"column":1}},"line":301},"24":{"name":"(anonymous_24)","decl":{"start":{"line":341,"column":30},"end":{"line":341,"column":31}},"loc":{"start":{"line":342,"column":16},"end":{"line":364,"column":22}},"line":342},"25":{"name":"(anonymous_25)","decl":{"start":{"line":345,"column":27},"end":{"line":345,"column":28}},"loc":{"start":{"line":345,"column":33},"end":{"line":345,"column":51}},"line":345},"26":{"name":"(anonymous_26)","decl":{"start":{"line":351,"column":31},"end":{"line":351,"column":32}},"loc":{"start":{"line":351,"column":38},"end":{"line":354,"column":23}},"line":351},"27":{"name":"getCreatureEmoji","decl":{"start":{"line":379,"column":9},"end":{"line":379,"column":25}},"loc":{"start":{"line":379,"column":48},"end":{"line":387,"column":1}},"line":379},"28":{"name":"getBuildingEmoji","decl":{"start":{"line":389,"column":9},"end":{"line":389,"column":25}},"loc":{"start":{"line":389,"column":48},"end":{"line":395,"column":1}},"line":389}},"branchMap":{"0":{"loc":{"start":{"line":31,"column":17},"end":{"line":31,"column":33}},"type":"binary-expr","locations":[{"start":{"line":31,"column":17},"end":{"line":31,"column":24}},{"start":{"line":31,"column":28},"end":{"line":31,"column":33}}],"line":31},"1":{"loc":{"start":{"line":32,"column":36},"end":{"line":32,"column":82}},"type":"cond-expr","locations":[{"start":{"line":32,"column":67},"end":{"line":32,"column":77}},{"start":{"line":32,"column":80},"end":{"line":32,"column":82}}],"line":32},"2":{"loc":{"start":{"line":42,"column":20},"end":{"line":42,"column":58}},"type":"cond-expr","locations":[{"start":{"line":42,"column":47},"end":{"line":42,"column":51}},{"start":{"line":42,"column":54},"end":{"line":42,"column":58}}],"line":42},"3":{"loc":{"start":{"line":48,"column":46},"end":{"line":48,"column":61}},"type":"binary-expr","locations":[{"start":{"line":48,"column":46},"end":{"line":48,"column":56}},{"start":{"line":48,"column":60},"end":{"line":48,"column":61}}],"line":48},"4":{"loc":{"start":{"line":49,"column":43},"end":{"line":49,"column":66}},"type":"binary-expr","locations":[{"start":{"line":49,"column":43},"end":{"line":49,"column":53}},{"start":{"line":49,"column":57},"end":{"line":49,"column":66}}],"line":49},"5":{"loc":{"start":{"line":55,"column":7},"end":{"line":102,"column":7}},"type":"binary-expr","locations":[{"start":{"line":55,"column":7},"end":{"line":55,"column":19}},{"start":{"line":56,"column":8},"end":{"line":101,"column":14}}],"line":55},"6":{"loc":{"start":{"line":89,"column":46},"end":{"line":89,"column":71}},"type":"binary-expr","locations":[{"start":{"line":89,"column":46},"end":{"line":89,"column":65}},{"start":{"line":89,"column":69},"end":{"line":89,"column":71}}],"line":89},"7":{"loc":{"start":{"line":93,"column":46},"end":{"line":93,"column":72}},"type":"binary-expr","locations":[{"start":{"line":93,"column":46},"end":{"line":93,"column":66}},{"start":{"line":93,"column":70},"end":{"line":93,"column":72}}],"line":93},"8":{"loc":{"start":{"line":97,"column":46},"end":{"line":97,"column":74}},"type":"binary-expr","locations":[{"start":{"line":97,"column":46},"end":{"line":97,"column":69}},{"start":{"line":97,"column":73},"end":{"line":97,"column":74}}],"line":97},"9":{"loc":{"start":{"line":143,"column":28},"end":{"line":143,"column":68}},"type":"cond-expr","locations":[{"start":{"line":143,"column":55},"end":{"line":143,"column":63}},{"start":{"line":143,"column":66},"end":{"line":143,"column":68}}],"line":143},"10":{"loc":{"start":{"line":149,"column":28},"end":{"line":149,"column":69}},"type":"cond-expr","locations":[{"start":{"line":149,"column":56},"end":{"line":149,"column":64}},{"start":{"line":149,"column":67},"end":{"line":149,"column":69}}],"line":149},"11":{"loc":{"start":{"line":155,"column":28},"end":{"line":155,"column":69}},"type":"cond-expr","locations":[{"start":{"line":155,"column":56},"end":{"line":155,"column":64}},{"start":{"line":155,"column":67},"end":{"line":155,"column":69}}],"line":155},"12":{"loc":{"start":{"line":163,"column":9},"end":{"line":210,"column":9}},"type":"binary-expr","locations":[{"start":{"line":163,"column":9},"end":{"line":163,"column":33}},{"start":{"line":164,"column":10},"end":{"line":209,"column":16}}],"line":163},"13":{"loc":{"start":{"line":212,"column":9},"end":{"line":248,"column":9}},"type":"binary-expr","locations":[{"start":{"line":212,"column":9},"end":{"line":212,"column":34}},{"start":{"line":213,"column":10},"end":{"line":247,"column":16}}],"line":212},"14":{"loc":{"start":{"line":250,"column":9},"end":{"line":287,"column":9}},"type":"binary-expr","locations":[{"start":{"line":250,"column":9},"end":{"line":250,"column":34}},{"start":{"line":251,"column":10},"end":{"line":286,"column":16}}],"line":250},"15":{"loc":{"start":{"line":318,"column":7},"end":{"line":373,"column":7}},"type":"cond-expr","locations":[{"start":{"line":319,"column":8},"end":{"line":368,"column":14}},{"start":{"line":370,"column":8},"end":{"line":372,"column":14}}],"line":318},"16":{"loc":{"start":{"line":380,"column":2},"end":{"line":380,"column":57}},"type":"if","locations":[{"start":{"line":380,"column":2},"end":{"line":380,"column":57}},{"start":{},"end":{}}],"line":380},"17":{"loc":{"start":{"line":381,"column":2},"end":{"line":381,"column":57}},"type":"if","locations":[{"start":{"line":381,"column":2},"end":{"line":381,"column":57}},{"start":{},"end":{}}],"line":381},"18":{"loc":{"start":{"line":382,"column":2},"end":{"line":382,"column":58}},"type":"if","locations":[{"start":{"line":382,"column":2},"end":{"line":382,"column":58}},{"start":{},"end":{}}],"line":382},"19":{"loc":{"start":{"line":383,"column":2},"end":{"line":383,"column":60}},"type":"if","locations":[{"start":{"line":383,"column":2},"end":{"line":383,"column":60}},{"start":{},"end":{}}],"line":383},"20":{"loc":{"start":{"line":384,"column":2},"end":{"line":384,"column":54}},"type":"if","locations":[{"start":{"line":384,"column":2},"end":{"line":384,"column":54}},{"start":{},"end":{}}],"line":384},"21":{"loc":{"start":{"line":385,"column":2},"end":{"line":385,"column":59}},"type":"if","locations":[{"start":{"line":385,"column":2},"end":{"line":385,"column":59}},{"start":{},"end":{}}],"line":385},"22":{"loc":{"start":{"line":390,"column":2},"end":{"line":390,"column":57}},"type":"if","locations":[{"start":{"line":390,"column":2},"end":{"line":390,"column":57}},{"start":{},"end":{}}],"line":390},"23":{"loc":{"start":{"line":391,"column":2},"end":{"line":391,"column":59}},"type":"if","locations":[{"start":{"line":391,"column":2},"end":{"line":391,"column":59}},{"start":{},"end":{}}],"line":391},"24":{"loc":{"start":{"line":392,"column":2},"end":{"line":392,"column":56}},"type":"if","locations":[{"start":{"line":392,"column":2},"end":{"line":392,"column":56}},{"start":{},"end":{}}],"line":392},"25":{"loc":{"start":{"line":393,"column":2},"end":{"line":393,"column":61}},"type":"if","locations":[{"start":{"line":393,"column":2},"end":{"line":393,"column":61}},{"start":{},"end":{}}],"line":393}},"s":{"0":0,"1":0,"2":0,"3":0,"4":0,"5":0,"6":0,"7":0,"8":0,"9":0,"10":0,"11":0,"12":0,"13":0,"14":0,"15":0,"16":0,"17":0,"18":0,"19":0,"20":0,"21":0,"22":0,"23":0,"24":0,"25":0,"26":0,"27":0,"28":0,"29":0,"30":0,"31":0,"32":0,"33":0,"34":0,"35":0,"36":0,"37":0,"38":0,"39":0,"40":0,"41":0,"42":0,"43":0,"44":0,"45":0,"46":0,"47":0,"48":0,"49":0,"50":0,"51":0,"52":0,"53":0,"54":0,"55":0,"56":0,"57":0,"58":0,"59":0,"60":0,"61":0,"62":0,"63":0},"f":{"0":0,"1":0,"2":0,"3":0,"4":0,"5":0,"6":0,"7":0,"8":0,"9":0,"10":0,"11":0,"12":0,"13":0,"14":0,"15":0,"16":0,"17":0,"18":0,"19":0,"20":0,"21":0,"22":0,"23":0,"24":0,"25":0,"26":0,"27":0,"28":0},"b":{"0":[0,0],"1":[0,0],"2":[0,0],"3":[0,0],"4":[0,0],"5":[0,0],"6":[0,0],"7":[0,0],"8":[0,0],"9":[0,0],"10":[0,0],"11":[0,0],"12":[0,0],"13":[0,0],"14":[0,0],"15":[0,0],"16":[0,0],"17":[0,0],"18":[0,0],"19":[0,0],"20":[0,0],"21":[0,0],"22":[0,0],"23":[0,0],"24":[0,0],"25":[0,0]}}
,"/Users/admin/fullstack-project/🌐 frontend/src/components/EpicContentViewer.tsx": {"path":"/Users/admin/fullstack-project/🌐 frontend/src/components/EpicContentViewer.tsx","statementMap":{"0":{"start":{"line":20,"column":60},"end":{"line":423,"column":1}},"1":{"start":{"line":21,"column":36},"end":{"line":21,"column":95}},"2":{"start":{"line":22,"column":36},"end":{"line":22,"column":64}},"3":{"start":{"line":23,"column":30},"end":{"line":23,"column":54}},"4":{"start":{"line":24,"column":36},"end":{"line":24,"column":64}},"5":{"start":{"line":25,"column":32},"end":{"line":25,"column":47}},"6":{"start":{"line":26,"column":42},"end":{"line":36,"column":4}},"7":{"start":{"line":39,"column":2},"end":{"line":43,"column":18}},"8":{"start":{"line":40,"column":4},"end":{"line":42,"column":5}},"9":{"start":{"line":41,"column":6},"end":{"line":41,"column":24}},"10":{"start":{"line":45,"column":26},"end":{"line":75,"column":3}},"11":{"start":{"line":46,"column":4},"end":{"line":46,"column":21}},"12":{"start":{"line":47,"column":4},"end":{"line":74,"column":5}},"13":{"start":{"line":49,"column":21},"end":{"line":49,"column":44}},"14":{"start":{"line":50,"column":6},"end":{"line":50,"column":30}},"15":{"start":{"line":53,"column":57},"end":{"line":57,"column":8}},"16":{"start":{"line":59,"column":6},"end":{"line":59,"column":34}},"17":{"start":{"line":60,"column":6},"end":{"line":60,"column":28}},"18":{"start":{"line":61,"column":6},"end":{"line":61,"column":34}},"19":{"start":{"line":63,"column":6},"end":{"line":68,"column":9}},"20":{"start":{"line":71,"column":6},"end":{"line":71,"column":58}},"21":{"start":{"line":73,"column":6},"end":{"line":73,"column":24}},"22":{"start":{"line":77,"column":2},"end":{"line":77,"column":30}},"23":{"start":{"line":77,"column":18},"end":{"line":77,"column":30}},"24":{"start":{"line":79,"column":2},"end":{"line":422,"column":4}},"25":{"start":{"line":164,"column":12},"end":{"line":189,"column":21}},"26":{"start":{"line":166,"column":29},"end":{"line":166,"column":56}},"27":{"start":{"line":218,"column":20},"end":{"line":267,"column":26}},"28":{"start":{"line":245,"column":28},"end":{"line":245,"column":82}},"29":{"start":{"line":246,"column":28},"end":{"line":246,"column":118}},"30":{"start":{"line":284,"column":20},"end":{"line":344,"column":26}},"31":{"start":{"line":311,"column":28},"end":{"line":311,"column":82}},"32":{"start":{"line":312,"column":28},"end":{"line":312,"column":112}},"33":{"start":{"line":361,"column":20},"end":{"line":413,"column":26}},"34":{"start":{"line":387,"column":28},"end":{"line":387,"column":82}},"35":{"start":{"line":388,"column":28},"end":{"line":388,"column":118}},"36":{"start":{"line":427,"column":2},"end":{"line":427,"column":57}},"37":{"start":{"line":427,"column":45},"end":{"line":427,"column":57}},"38":{"start":{"line":428,"column":2},"end":{"line":428,"column":57}},"39":{"start":{"line":428,"column":45},"end":{"line":428,"column":57}},"40":{"start":{"line":429,"column":2},"end":{"line":429,"column":58}},"41":{"start":{"line":429,"column":46},"end":{"line":429,"column":58}},"42":{"start":{"line":430,"column":2},"end":{"line":430,"column":60}},"43":{"start":{"line":430,"column":45},"end":{"line":430,"column":60}},"44":{"start":{"line":431,"column":2},"end":{"line":431,"column":54}},"45":{"start":{"line":431,"column":42},"end":{"line":431,"column":54}},"46":{"start":{"line":432,"column":2},"end":{"line":432,"column":59}},"47":{"start":{"line":432,"column":47},"end":{"line":432,"column":59}},"48":{"start":{"line":433,"column":2},"end":{"line":433,"column":14}},"49":{"start":{"line":437,"column":2},"end":{"line":437,"column":43}},"50":{"start":{"line":441,"column":2},"end":{"line":441,"column":57}},"51":{"start":{"line":441,"column":45},"end":{"line":441,"column":57}},"52":{"start":{"line":442,"column":2},"end":{"line":442,"column":59}},"53":{"start":{"line":442,"column":47},"end":{"line":442,"column":59}},"54":{"start":{"line":443,"column":2},"end":{"line":443,"column":56}},"55":{"start":{"line":443,"column":44},"end":{"line":443,"column":56}},"56":{"start":{"line":444,"column":2},"end":{"line":444,"column":61}},"57":{"start":{"line":444,"column":49},"end":{"line":444,"column":61}},"58":{"start":{"line":445,"column":2},"end":{"line":445,"column":15}}},"fnMap":{"0":{"name":"(anonymous_0)","decl":{"start":{"line":20,"column":60},"end":{"line":20,"column":61}},"loc":{"start":{"line":20,"column":88},"end":{"line":423,"column":1}},"line":20},"1":{"name":"(anonymous_1)","decl":{"start":{"line":39,"column":12},"end":{"line":39,"column":13}},"loc":{"start":{"line":39,"column":18},"end":{"line":43,"column":3}},"line":39},"2":{"name":"(anonymous_2)","decl":{"start":{"line":45,"column":26},"end":{"line":45,"column":27}},"loc":{"start":{"line":45,"column":38},"end":{"line":75,"column":3}},"line":45},"3":{"name":"(anonymous_3)","decl":{"start":{"line":163,"column":16},"end":{"line":163,"column":17}},"loc":{"start":{"line":164,"column":12},"end":{"line":189,"column":21}},"line":164},"4":{"name":"(anonymous_4)","decl":{"start":{"line":166,"column":23},"end":{"line":166,"column":24}},"loc":{"start":{"line":166,"column":29},"end":{"line":166,"column":56}},"line":166},"5":{"name":"(anonymous_5)","decl":{"start":{"line":217,"column":33},"end":{"line":217,"column":34}},"loc":{"start":{"line":218,"column":20},"end":{"line":267,"column":26}},"line":218},"6":{"name":"(anonymous_6)","decl":{"start":{"line":244,"column":35},"end":{"line":244,"column":36}},"loc":{"start":{"line":244,"column":42},"end":{"line":247,"column":27}},"line":244},"7":{"name":"(anonymous_7)","decl":{"start":{"line":283,"column":30},"end":{"line":283,"column":31}},"loc":{"start":{"line":284,"column":20},"end":{"line":344,"column":26}},"line":284},"8":{"name":"(anonymous_8)","decl":{"start":{"line":310,"column":35},"end":{"line":310,"column":36}},"loc":{"start":{"line":310,"column":42},"end":{"line":313,"column":27}},"line":310},"9":{"name":"(anonymous_9)","decl":{"start":{"line":360,"column":33},"end":{"line":360,"column":34}},"loc":{"start":{"line":361,"column":20},"end":{"line":413,"column":26}},"line":361},"10":{"name":"(anonymous_10)","decl":{"start":{"line":386,"column":35},"end":{"line":386,"column":36}},"loc":{"start":{"line":386,"column":42},"end":{"line":389,"column":27}},"line":386},"11":{"name":"getCreatureEmoji","decl":{"start":{"line":426,"column":9},"end":{"line":426,"column":25}},"loc":{"start":{"line":426,"column":48},"end":{"line":434,"column":1}},"line":426},"12":{"name":"getHeroEmoji","decl":{"start":{"line":436,"column":9},"end":{"line":436,"column":21}},"loc":{"start":{"line":436,"column":46},"end":{"line":438,"column":1}},"line":436},"13":{"name":"getBuildingEmoji","decl":{"start":{"line":440,"column":9},"end":{"line":440,"column":25}},"loc":{"start":{"line":440,"column":48},"end":{"line":446,"column":1}},"line":440}},"branchMap":{"0":{"loc":{"start":{"line":40,"column":4},"end":{"line":42,"column":5}},"type":"if","locations":[{"start":{"line":40,"column":4},"end":{"line":42,"column":5}},{"start":{},"end":{}}],"line":40},"1":{"loc":{"start":{"line":77,"column":2},"end":{"line":77,"column":30}},"type":"if","locations":[{"start":{"line":77,"column":2},"end":{"line":77,"column":30}},{"start":{},"end":{}}],"line":77},"2":{"loc":{"start":{"line":113,"column":31},"end":{"line":113,"column":79}},"type":"cond-expr","locations":[{"start":{"line":113,"column":58},"end":{"line":113,"column":67}},{"start":{"line":113,"column":70},"end":{"line":113,"column":79}}],"line":113},"3":{"loc":{"start":{"line":114,"column":21},"end":{"line":114,"column":69}},"type":"cond-expr","locations":[{"start":{"line":114,"column":48},"end":{"line":114,"column":57}},{"start":{"line":114,"column":60},"end":{"line":114,"column":69}}],"line":114},"4":{"loc":{"start":{"line":118,"column":35},"end":{"line":118,"column":83}},"type":"cond-expr","locations":[{"start":{"line":118,"column":62},"end":{"line":118,"column":71}},{"start":{"line":118,"column":74},"end":{"line":118,"column":83}}],"line":118},"5":{"loc":{"start":{"line":120,"column":15},"end":{"line":120,"column":95}},"type":"cond-expr","locations":[{"start":{"line":120,"column":42},"end":{"line":120,"column":61}},{"start":{"line":120,"column":64},"end":{"line":120,"column":95}}],"line":120},"6":{"loc":{"start":{"line":168,"column":33},"end":{"line":168,"column":77}},"type":"cond-expr","locations":[{"start":{"line":168,"column":56},"end":{"line":168,"column":65}},{"start":{"line":168,"column":68},"end":{"line":168,"column":77}}],"line":168},"7":{"loc":{"start":{"line":169,"column":23},"end":{"line":169,"column":67}},"type":"cond-expr","locations":[{"start":{"line":169,"column":46},"end":{"line":169,"column":55}},{"start":{"line":169,"column":58},"end":{"line":169,"column":67}}],"line":169},"8":{"loc":{"start":{"line":186,"column":33},"end":{"line":186,"column":67}},"type":"cond-expr","locations":[{"start":{"line":186,"column":46},"end":{"line":186,"column":55}},{"start":{"line":186,"column":58},"end":{"line":186,"column":67}}],"line":186},"9":{"loc":{"start":{"line":194,"column":9},"end":{"line":202,"column":9}},"type":"binary-expr","locations":[{"start":{"line":194,"column":9},"end":{"line":194,"column":16}},{"start":{"line":195,"column":10},"end":{"line":201,"column":16}}],"line":194},"10":{"loc":{"start":{"line":205,"column":9},"end":{"line":419,"column":9}},"type":"binary-expr","locations":[{"start":{"line":205,"column":9},"end":{"line":205,"column":17}},{"start":{"line":206,"column":10},"end":{"line":418,"column":16}}],"line":205},"11":{"loc":{"start":{"line":207,"column":13},"end":{"line":271,"column":13}},"type":"binary-expr","locations":[{"start":{"line":207,"column":13},"end":{"line":207,"column":38}},{"start":{"line":208,"column":14},"end":{"line":270,"column":20}}],"line":207},"12":{"loc":{"start":{"line":210,"column":40},"end":{"line":210,"column":111}},"type":"cond-expr","locations":[{"start":{"line":210,"column":75},"end":{"line":210,"column":90}},{"start":{"line":210,"column":93},"end":{"line":210,"column":111}}],"line":210},"13":{"loc":{"start":{"line":273,"column":13},"end":{"line":348,"column":13}},"type":"binary-expr","locations":[{"start":{"line":273,"column":13},"end":{"line":273,"column":35}},{"start":{"line":274,"column":14},"end":{"line":347,"column":20}}],"line":273},"14":{"loc":{"start":{"line":276,"column":36},"end":{"line":276,"column":104}},"type":"cond-expr","locations":[{"start":{"line":276,"column":68},"end":{"line":276,"column":83}},{"start":{"line":276,"column":86},"end":{"line":276,"column":104}}],"line":276},"15":{"loc":{"start":{"line":350,"column":13},"end":{"line":417,"column":13}},"type":"binary-expr","locations":[{"start":{"line":350,"column":13},"end":{"line":350,"column":38}},{"start":{"line":351,"column":14},"end":{"line":416,"column":20}}],"line":350},"16":{"loc":{"start":{"line":353,"column":40},"end":{"line":353,"column":111}},"type":"cond-expr","locations":[{"start":{"line":353,"column":75},"end":{"line":353,"column":90}},{"start":{"line":353,"column":93},"end":{"line":353,"column":111}}],"line":353},"17":{"loc":{"start":{"line":427,"column":2},"end":{"line":427,"column":57}},"type":"if","locations":[{"start":{"line":427,"column":2},"end":{"line":427,"column":57}},{"start":{},"end":{}}],"line":427},"18":{"loc":{"start":{"line":428,"column":2},"end":{"line":428,"column":57}},"type":"if","locations":[{"start":{"line":428,"column":2},"end":{"line":428,"column":57}},{"start":{},"end":{}}],"line":428},"19":{"loc":{"start":{"line":429,"column":2},"end":{"line":429,"column":58}},"type":"if","locations":[{"start":{"line":429,"column":2},"end":{"line":429,"column":58}},{"start":{},"end":{}}],"line":429},"20":{"loc":{"start":{"line":430,"column":2},"end":{"line":430,"column":60}},"type":"if","locations":[{"start":{"line":430,"column":2},"end":{"line":430,"column":60}},{"start":{},"end":{}}],"line":430},"21":{"loc":{"start":{"line":431,"column":2},"end":{"line":431,"column":54}},"type":"if","locations":[{"start":{"line":431,"column":2},"end":{"line":431,"column":54}},{"start":{},"end":{}}],"line":431},"22":{"loc":{"start":{"line":432,"column":2},"end":{"line":432,"column":59}},"type":"if","locations":[{"start":{"line":432,"column":2},"end":{"line":432,"column":59}},{"start":{},"end":{}}],"line":432},"23":{"loc":{"start":{"line":437,"column":9},"end":{"line":437,"column":42}},"type":"cond-expr","locations":[{"start":{"line":437,"column":31},"end":{"line":437,"column":35}},{"start":{"line":437,"column":38},"end":{"line":437,"column":42}}],"line":437},"24":{"loc":{"start":{"line":441,"column":2},"end":{"line":441,"column":57}},"type":"if","locations":[{"start":{"line":441,"column":2},"end":{"line":441,"column":57}},{"start":{},"end":{}}],"line":441},"25":{"loc":{"start":{"line":442,"column":2},"end":{"line":442,"column":59}},"type":"if","locations":[{"start":{"line":442,"column":2},"end":{"line":442,"column":59}},{"start":{},"end":{}}],"line":442},"26":{"loc":{"start":{"line":443,"column":2},"end":{"line":443,"column":56}},"type":"if","locations":[{"start":{"line":443,"column":2},"end":{"line":443,"column":56}},{"start":{},"end":{}}],"line":443},"27":{"loc":{"start":{"line":444,"column":2},"end":{"line":444,"column":61}},"type":"if","locations":[{"start":{"line":444,"column":2},"end":{"line":444,"column":61}},{"start":{},"end":{}}],"line":444}},"s":{"0":0,"1":0,"2":0,"3":0,"4":0,"5":0,"6":0,"7":0,"8":0,"9":0,"10":0,"11":0,"12":0,"13":0,"14":0,"15":0,"16":0,"17":0,"18":0,"19":0,"20":0,"21":0,"22":0,"23":0,"24":0,"25":0,"26":0,"27":0,"28":0,"29":0,"30":0,"31":0,"32":0,"33":0,"34":0,"35":0,"36":0,"37":0,"38":0,"39":0,"40":0,"41":0,"42":0,"43":0,"44":0,"45":0,"46":0,"47":0,"48":0,"49":0,"50":0,"51":0,"52":0,"53":0,"54":0,"55":0,"56":0,"57":0,"58":0},"f":{"0":0,"1":0,"2":0,"3":0,"4":0,"5":0,"6":0,"7":0,"8":0,"9":0,"10":0,"11":0,"12":0,"13":0},"b":{"0":[0,0],"1":[0,0],"2":[0,0],"3":[0,0],"4":[0,0],"5":[0,0],"6":[0,0],"7":[0,0],"8":[0,0],"9":[0,0],"10":[0,0],"11":[0,0],"12":[0,0],"13":[0,0],"14":[0,0],"15":[0,0],"16":[0,0],"17":[0,0],"18":[0,0],"19":[0,0],"20":[0,0],"21":[0,0],"22":[0,0],"23":[0,0],"24":[0,0],"25":[0,0],"26":[0,0],"27":[0,0]}}
,"/Users/admin/fullstack-project/🌐 frontend/src/components/GameScriptTester.tsx": {"path":"/Users/admin/fullstack-project/🌐 frontend/src/components/GameScriptTester.tsx","statementMap":{"0":{"start":{"line":29,"column":35},"end":{"line":729,"column":1}},"1":{"start":{"line":30,"column":20},"end":{"line":30,"column":34}},"2":{"start":{"line":31,"column":42},"end":{"line":31,"column":81}},"3":{"start":{"line":32,"column":44},"end":{"line":32,"column":64}},"4":{"start":{"line":33,"column":44},"end":{"line":33,"column":72}},"5":{"start":{"line":34,"column":40},"end":{"line":34,"column":55}},"6":{"start":{"line":35,"column":48},"end":{"line":35,"column":68}},"7":{"start":{"line":36,"column":40},"end":{"line":36,"column":55}},"8":{"start":{"line":37,"column":40},"end":{"line":37,"column":55}},"9":{"start":{"line":38,"column":36},"end":{"line":38,"column":102}},"10":{"start":{"line":39,"column":50},"end":{"line":39,"column":75}},"11":{"start":{"line":40,"column":18},"end":{"line":40,"column":46}},"12":{"start":{"line":43,"column":40},"end":{"line":56,"column":3}},"13":{"start":{"line":59,"column":42},"end":{"line":325,"column":3}},"14":{"start":{"line":328,"column":2},"end":{"line":333,"column":63}},"15":{"start":{"line":329,"column":4},"end":{"line":332,"column":5}},"16":{"start":{"line":330,"column":21},"end":{"line":330,"column":43}},"17":{"start":{"line":331,"column":6},"end":{"line":331,"column":30}},"18":{"start":{"line":336,"column":29},"end":{"line":351,"column":3}},"19":{"start":{"line":337,"column":21},"end":{"line":337,"column":86}},"20":{"start":{"line":338,"column":4},"end":{"line":350,"column":5}},"21":{"start":{"line":339,"column":20},"end":{"line":339,"column":43}},"22":{"start":{"line":340,"column":18},"end":{"line":340,"column":39}},"23":{"start":{"line":341,"column":19},"end":{"line":341,"column":33}},"24":{"start":{"line":342,"column":22},"end":{"line":342,"column":85}},"25":{"start":{"line":343,"column":6},"end":{"line":343,"column":32}},"26":{"start":{"line":346,"column":6},"end":{"line":349,"column":12}},"27":{"start":{"line":347,"column":8},"end":{"line":347,"column":25}},"28":{"start":{"line":348,"column":8},"end":{"line":348,"column":91}},"29":{"start":{"line":354,"column":22},"end":{"line":358,"column":3}},"30":{"start":{"line":355,"column":4},"end":{"line":355,"column":37}},"31":{"start":{"line":356,"column":4},"end":{"line":356,"column":37}},"32":{"start":{"line":357,"column":4},"end":{"line":357,"column":27}},"33":{"start":{"line":361,"column":24},"end":{"line":471,"column":3}},"34":{"start":{"line":362,"column":4},"end":{"line":362,"column":55}},"35":{"start":{"line":362,"column":48},"end":{"line":362,"column":55}},"36":{"start":{"line":364,"column":4},"end":{"line":364,"column":25}},"37":{"start":{"line":365,"column":22},"end":{"line":365,"column":53}},"38":{"start":{"line":366,"column":27},"end":{"line":366,"column":29}},"39":{"start":{"line":368,"column":4},"end":{"line":470,"column":5}},"40":{"start":{"line":370,"column":26},"end":{"line":370,"column":37}},"41":{"start":{"line":372,"column":6},"end":{"line":372,"column":32}},"42":{"start":{
[...]
"column":6},"end":{"line":364,"column":7}},"154":{"start":{"line":353,"column":29},"end":{"line":353,"column":83}},"155":{"start":{"line":353,"column":53},"end":{"line":353,"column":82}},"156":{"start":{"line":355,"column":8},"end":{"line":363,"column":9}},"157":{"start":{"line":356,"column":10},"end":{"line":362,"column":13}},"158":{"start":{"line":360,"column":42},"end":{"line":360,"column":60}},"159":{"start":{"line":367,"column":4},"end":{"line":367,"column":17}},"160":{"start":{"line":371,"column":21},"end":{"line":371,"column":38}},"161":{"start":{"line":372,"column":18},"end":{"line":372,"column":54}},"162":{"start":{"line":373,"column":22},"end":{"line":373,"column":50}},"163":{"start":{"line":374,"column":4},"end":{"line":374,"column":38}},"164":{"start":{"line":378,"column":23},"end":{"line":378,"column":57}},"165":{"start":{"line":379,"column":18},"end":{"line":379,"column":73}},"166":{"start":{"line":380,"column":4},"end":{"line":380,"column":29}},"167":{"start":{"line":384,"column":31},"end":{"line":384,"column":33}},"168":{"start":{"line":386,"column":4},"end":{"line":392,"column":5}},"169":{"start":{"line":386,"column":17},"end":{"line":386,"column":33}},"170":{"start":{"line":387,"column":6},"end":{"line":391,"column":7}},"171":{"start":{"line":387,"column":19},"end":{"line":387,"column":35}},"172":{"start":{"line":388,"column":8},"end":{"line":390,"column":9}},"173":{"start":{"line":389,"column":10},"end":{"line":389,"column":30}},"174":{"start":{"line":394,"column":4},"end":{"line":394,"column":16}},"175":{"start":{"line":399,"column":4},"end":{"line":399,"column":43}},"176":{"start":{"line":399,"column":24},"end":{"line":399,"column":43}},"177":{"start":{"line":401,"column":4},"end":{"line":401,"column":44}},"178":{"start":{"line":404,"column":4},"end":{"line":404,"column":25}},"179":{"start":{"line":407,"column":4},"end":{"line":407,"column":33}},"180":{"start":{"line":410,"column":4},"end":{"line":410,"column":36}},"181":{"start":{"line":413,"column":24},"end":{"line":413,"column":63}},"182":{"start":{"line":414,"column":4},"end":{"line":416,"column":5}},"183":{"start":{"line":415,"column":6},"end":{"line":415,"column":50}},"184":{"start":{"line":419,"column":4},"end":{"line":419,"column":25}},"185":{"start":{"line":422,"column":4},"end":{"line":422,"column":35}},"186":{"start":{"line":424,"column":4},"end":{"line":424,"column":26}},"187":{"start":{"line":425,"column":4},"end":{"line":425,"column":49}},"188":{"start":{"line":427,"column":4},"end":{"line":427,"column":23}},"189":{"start":{"line":432,"column":4},"end":{"line":432,"column":23}},"190":{"start":{"line":436,"column":4},"end":{"line":436,"column":57}},"191":{"start":{"line":440,"column":4},"end":{"line":440,"column":30}},"192":{"start":{"line":444,"column":4},"end":{"line":444,"column":30}}},"fnMap":{"0":{"name":"(anonymous_0)","decl":{"start":{"line":15,"column":2},"end":{"line":15,"column":3}},"loc":{"start":{"line":15,"column":47},"end":{"line":17,"column":3}},"line":15},"1":{"name":"(anonymous_1)","decl":{"start":{"line":19,"column":2},"end":{"line":19,"column":3}},"loc":{"start":{"line":19,"column":56},"end":{"line":23,"column":3}},"line":19},"2":{"name":"(anonymous_2)","decl":{"start":{"line":25,"column":2},"end":{"line":25,"column":3}},"loc":{"start":{"line":25,"column":58},"end":{"line":30,"column":3}},"line":25},"3":{"name":"(anonymous_3)","decl":{"start":{"line":26,"column":47},"end":{"line":26,"column":48}},"loc":{"start":{"line":26,"column":58},"end":{"line":29,"column":5}},"line":26},"4":{"name":"(anonymous_4)","decl":{"start":{"line":32,"column":2},"end":{"line":32,"column":3}},"loc":{"start":{"line":32,"column":56},"end":{"line":34,"column":3}},"line":32},"5":{"name":"(anonymous_5)","decl":{"start":{"line":36,"column":2},"end":{"line":36,"column":3}},"loc":{"start":{"line":36,"column":75},"end":{"line":39,"column":3}},"line":36},"6":{"name":"(anonymous_6)","decl":{"start":{"line":47,"column":2},"end":{"line":47,"column":3}},"loc":{"start":{"line":47,"column":54},"end":{"line":57,"column":3}},"line":47},"7":{"name":"(anonymous_7)","decl":{"start":{"line":59,"column":2},"end":{"line":59,"column":3}},"loc":{"start":{"line":59,"column":48},"end":{"line":75,"column":3}},"line":59},"8":{"name":"(anonymous_8)","decl":{"start":{"line":78,"column":2},"end":{"line":78,"column":3}},"loc":{"start":{"line":78,"column":41},"end":{"line":97,"column":3}},"line":78},"9":{"name":"(anonymous_9)","decl":{"start":{"line":85,"column":12},"end":{"line":85,"column":13}},"loc":{"start":{"line":85,"column":22},"end":{"line":85,"column":44}},"line":85},"10":{"name":"(anonymous_10)","decl":{"start":{"line":99,"column":2},"end":{"line":99,"column":3}},"loc":{"start":{"line":99,"column":98},"end":{"line":137,"column":3}},"line":99},"11":{"name":"(anonymous_11)","decl":{"start":{"line":140,"column":2},"end":{"line":140,"column":3}},"loc":{"start":{"line":140,"column":39},"end":{"line":144,"column":3}},"line":140},"12":{"name":"(anonymous_12)","decl":{"start":{"line":146,"column":2},"end":{"line":146,"column":3}},"loc":{"start":{"line":146,"column":64},"end":{"line":190,"column":3}},"line":146},"13":{"name":"(anonymous_13)","decl":{"start":{"line":193,"column":2},"end":{"line":193,"column":3}},"loc":{"start":{"line":193,"column":42},"end":{"line":211,"column":3}},"line":193},"14":{"name":"(anonymous_14)","decl":{"start":{"line":214,"column":2},"end":{"line":214,"column":3}},"loc":{"start":{"line":214,"column":49},"end":{"line":237,"column":3}},"line":214},"15":{"name":"(anonymous_15)","decl":{"start":{"line":216,"column":11},"end":{"line":216,"column":12}},"loc":{"start":{"line":216,"column":20},"end":{"line":216,"column":77}},"line":216},"16":{"name":"(anonymous_16)","decl":{"start":{"line":217,"column":14},"end":{"line":217,"column":15}},"loc":{"start":{"line":217,"column":19},"end":{"line":217,"column":34}},"line":217},"17":{"name":"(anonymous_17)","decl":{"start":{"line":223,"column":43},"end":{"line":223,"column":44}},"loc":{"start":{"line":223,"column":48},"end":{"line":223,"column":70}},"line":223},"18":{"name":"(anonymous_18)","decl":{"start":{"line":239,"column":2},"end":{"line":239,"column":3}},"loc":{"start":{"line":239,"column":83},"end":{"line":243,"column":3}},"line":239},"19":{"name":"(anonymous_19)","decl":{"start":{"line":245,"column":2},"end":{"line":245,"column":3}},"loc":{"start":{"line":245,"column":62},"end":{"line":249,"column":3}},"line":245},"20":{"name":"(anonymous_20)","decl":{"start":{"line":251,"column":2},"end":{"line":251,"column":3}},"loc":{"start":{"line":251,"column":61},"end":{"line":255,"column":3}},"line":251},"21":{"name":"(anonymous_21)","decl":{"start":{"line":257,"column":2},"end":{"line":257,"column":3}},"loc":{"start":{"line":257,"column":67},"end":{"line":269,"column":3}},"line":257},"22":{"name":"(anonymous_22)","decl":{"start":{"line":272,"column":2},"end":{"line":272,"column":3}},"loc":{"start":{"line":272,"column":31},"end":{"line":279,"column":3}},"line":272},"23":{"name":"(anonymous_23)","decl":{"start":{"line":281,"column":2},"end":{"line":281,"column":3}},"loc":{"start":{"line":281,"column":48},"end":{"line":286,"column":3}},"line":281},"24":{"name":"(anonymous_24)","decl":{"start":{"line":289,"column":2},"end":{"line":289,"column":3}},"loc":{"start":{"line":289,"column":53},"end":{"line":302,"column":3}},"line":289},"25":{"name":"(anonymous_25)","decl":{"start":{"line":304,"column":2},"end":{"line":304,"column":3}},"loc":{"start":{"line":304,"column":48},"end":{"line":328,"column":3}},"line":304},"26":{"name":"(anonymous_26)","decl":{"start":{"line":313,"column":46},"end":{"line":313,"column":47}},"loc":{"start":{"line":313,"column":51},"end":{"line":313,"column":78}},"line":313},"27":{"name":"(anonymous_27)","decl":{"start":{"line":330,"column":2},"end":{"line":330,"column":3}},"loc":{"start":{"line":330,"column":44},"end":{"line":345,"column":3}},"line":330},"28":{"name":"(anonymous_28)","decl":{"start":{"line":347,"column":2},"end":{"line":347,"column":3}},"loc":{"start":{"line":347,"column":44},"end":{"line":368,"column":3}},"line":347},"29":{"name":"(anonymous_29)","decl":{"start":{"line":353,"column":48},"end":{"line":353,"column":49}},"loc":{"start":{"line":353,"column":53},"end":{"line":353,"column":82}},"line":353},"30":{"name":"(anonymous_30)","decl":{"start":{"line":360,"column":36},"end":{"line":360,"column":37}},"loc":{"start":{"line":360,"column":42},"end":{"line":360,"column":60}},"line":360},"31":{"name":"(anonymous_31)","decl":{"start":{"line":370,"column":2},"end":{"line":370,"column":3}},"loc":{"start":{"line":370,"column":47},"end":{"line":375,"column":3}},"line":370},"32":{"name":"(anonymous_32)","decl":{"start":{"line":377,"column":2},"end":{"line":377,"column":3}},"loc":{"start":{"line":377,"column":50},"end":{"line":381,"column":3}},"line":377},"33":{"name":"(anonymous_33)","decl":{"start":{"line":383,"column":2},"end":{"line":383,"column":3}},"loc":{"start":{"line":383,"column":90},"end":{"line":395,"column":3}},"line":383},"34":{"name":"(anonymous_34)","decl":{"start":{"line":398,"column":2},"end":{"line":398,"column":3}},"loc":{"start":{"line":398,"column":30},"end":{"line":428,"column":3}},"line":398},"35":{"name":"(anonymous_35)","decl":{"start":{"line":431,"column":2},"end":{"line":431,"column":3}},"loc":{"start":{"line":431,"column":29},"end":{"line":433,"column":3}},"line":431},"36":{"name":"(anonymous_36)","decl":{"start":{"line":435,"column":2},"end":{"line":435,"column":3}},"loc":{"start":{"line":435,"column":60},"end":{"line":437,"column":3}},"line":435},"37":{"name":"(anonymous_37)","decl":{"start":{"line":439,"column":2},"end":{"line":439,"column":3}},"loc":{"start":{"line":439,"column":37},"end":{"line":441,"column":3}},"line":439},"38":{"name":"(anonymous_38)","decl":{"start":{"line":443,"column":2},"end":{"line":443,"column":3}},"loc":{"start":{"line":443,"column":21},"end":{"line":445,"column":3}},"line":443}},"branchMap":{"0":{"loc":{"start":{"line":36,"column":49},"end":{"line":36,"column":65}},"type":"default-arg","locations":[{"start":{"line":36,"column":64},"end":{"line":36,"column":65}}],"line":36},"1":{"loc":{"start":{"line":47,"column":32},"end":{"line":47,"column":52}},"type":"default-arg","locations":[{"start":{"line":47,"column":47},"end":{"line":47,"column":52}}],"line":47},"2":{"loc":{"start":{"line":60,"column":4},"end":{"line":60,"column":35}},"type":"if","locations":[{"start":{"line":60,"column":4},"end":{"line":60,"column":35}},{"start":{},"end":{}}],"line":60},"3":{"loc":{"start":{"line":85,"column":22},"end":{"line":85,"column":44}},"type":"binary-expr","locations":[{"start":{"line":85,"column":22},"end":{"line":85,"column":31}},{"start":{"line":85,"column":35},"end":{"line":85,"column":44}}],"line":85},"4":{"loc":{"start":{"line":89,"column":6},"end":{"line":89,"column":37}},"type":"if","locations":[{"start":{"line":89,"column":6},"end":{"line":89,"column":37}},{"start":{},"end":{}}],"line":89},"5":{"loc":{"start":{"line":110,"column":6},"end":{"line":110,"column":37}},"type":"if","locations":[{"start":{"line":110,"column":6},"end":{"line":110,"column":37}},{"start":{},"end":{}}],"line":110},"6":{"loc":{"start":{"line":124,"column":8},"end":{"line":126,"column":9}},"type":"if","locations":[{"start":{"line":124,"column":8},"end":{"line":126,"column":9}},{"start":{},"end":{}}],"line":124},"7":{"loc":{"start":{"line":124,"column":12},"end":{"line":124,"column":85}},"type":"binary-expr","locations":[{"start":{"line":124,"column":12},"end":{"line":124,"column":24}},{"start":{"line":124,"column":28},"end":{"line":124,"column":53}},{"start":{"line":124,"column":57},"end":{"line":124,"column":85}}],"line":124},"8":{"loc":{"start":{"line":157,"column":8},"end":{"line":160,"column":9}},"type":"if","locations":[{"start":{"line":157,"column":8},"end":{"line":160,"column":9}},{"start":{},"end":{}}],"line":157},"9":{"loc":{"start":{"line":157,"column":12},"end":{"line":157,"column":63}},"type":"binary-expr","locations":[{"start":{"line":157,"column":12},"end":{"line":157,"column":25}},{"start":{"line":157,"column":29},"end":{"line":157,"column":63}}],"line":157},"10":{"loc":{"start":{"line":163,"column":6},"end":{"line":167,"column":7}},"type":"if","locations":[{"start":{"line":163,"column":6},"end":{"line":167,"column":7}},{"start":{},"end":{}}],"line":163},"11":{"loc":{"start":{"line":179,"column":8},"end":{"line":187,"column":9}},"type":"if","locations":[{"start":{"line":179,"column":8},"end":{"line":187,"column":9}},{"start":{},"end":{}}],"line":179},"12":{"loc":{"start":{"line":179,"column":12},"end":{"line":181,"column":39}},"type":"binary-expr","locations":[{"start":{"line":179,"column":12},"end":{"line":179,"column":24}},{"start":{"line":180,"column":12},"end":{"line":180,"column":46}},{"start":{"line":181,"column":12},"end":{"line":181,"column":39}}],"line":179},"13":{"loc":{"start":{"line":202,"column":8},"end":{"line":206,"column":9}},"type":"if","locations":[{"start":{"line":202,"column":8},"end":{"line":206,"column":9}},{"start":{},"end":{}}],"line":202},"14":{"loc":{"start":{"line":202,"column":12},"end":{"line":202,"column":65}},"type":"binary-expr","locations":[{"start":{"line":202,"column":12},"end":{"line":202,"column":24}},{"start":{"line":202,"column":28},"end":{"line":202,"column":65}}],"line":202},"15":{"loc":{"start":{"line":224,"column":4},"end":{"line":226,"column":5}},"type":"if","locations":[{"start":{"line":224,"column":4},"end":{"line":226,"column":5}},{"start":{},"end":{}}],"line":224},"16":{"loc":{"start":{"line":229,"column":21},"end":{"line":229,"column":45}},"type":"binary-expr","locations":[{"start":{"line":229,"column":21},"end":{"line":229,"column":40}},{"start":{"line":229,"column":44},"end":{"line":229,"column":45}}],"line":229},"17":{"loc":{"start":{"line":230,"column":4},"end":{"line":236,"column":5}},"type":"if","locations":[{"start":{"line":230,"column":4},"end":{"line":236,"column":5}},{"start":{"line":232,"column":11},"end":{"line":236,"column":5}}],"line":230},"18":{"loc":{"start":{"line":232,"column":11},"end":{"line":236,"column":5}},"type":"if","locations":[{"start":{"line":232,"column":11},"end":{"line":236,"column":5}},{"start":{"line":234,"column":11},"end":{"line":236,"column":5}}],"line":232},"19":{"loc":{"start":{"line":268,"column":11},"end":{"line":268,"column":39}},"type":"binary-expr","locations":[{"start":{"line":268,"column":11},"end":{"line":268,"column":34}},{"start":{"line":268,"column":38},"end":{"line":268,"column":39}}],"line":268},"20":{"loc":{"start":{"line":275,"column":6},"end":{"line":277,"column":7}},"type":"if","locations":[{"start":{"line":275,"column":6},"end":{"line":277,"column":7}},{"start":{},"end":{}}],"line":275},"21":{"loc":{"start":{"line":308,"column":6},"end":{"line":324,"column":7}},"type":"if","locations":[{"start":{"line":308,"column":6},"end":{"line":324,"column":7}},{"start":{},"end":{}}],"line":308},"22":{"loc":{"start":{"line":308,"column":10},"end":{"line":308,"column":53}},"type":"binary-expr","locations":[{"start":{"line":308,"column":10},"end":{"line":308,"column":34}},{"start":{"line":308,"column":38},"end":{"line":308,"column":53}}],"line":308},"23":{"loc":{"start":{"line":312,"column":8},"end":{"line":323,"column":9}},"type":"if","locations":[{"start":{"line":312,"column":8},"end":{"line":323,"column":9}},{"start":{},"end":{}}],"line":312},"24":{"loc":{"start":{"line":313,"column":52},"end":{"line":313,"column":73}},"type":"binary-expr","locations":[{"start":{"line":313,"column":52},"end":{"line":313,"column":68}},{"start":{"line":313,"column":72},"end":{"line":313,"column":73}}],"line":313},"25":{"loc":{"start":{"line":314,"column":10},"end":{"line":322,"column":11}},"type":"if","locations":[{"start":{"line":314,"column":10},"end":{"line":322,"column":11}},{"start":{},"end":{}}],"line":314},"26":{"loc":{"start":{"line":334,"column":6},"end":{"line":341,"column":7}},"type":"if","locations":[{"start":{"line":334,"column":6},"end":{"line":341,"column":7}},{"start":{},"end":{}}],"line":334},"27":{"loc":{"start":{"line":336,"column":10},"end":{"line":339,"column":11}},"type":"if","locations":[{"start":{"line":336,"column":10},"end":{"line":339,"column":11}},{"start":{},"end":{}}],"line":336},"28":{"loc":{"start":{"line":336,"column":14},"end":{"line":336,"column":110}},"type":"binary-expr","locations":[{"start":{"line":336,"column":14},"end":{"line":336,"column":30}},{"start":{"line":336,"column":35},"end":{"line":336,"column":70}},{"start":{"line":336,"column":74},"end":{"line":336,"column":109}}],"line":336},"29":{"loc":{"start":{"line":351,"column":6},"end":{"line":364,"column":7}},"type":"if","locations":[{"start":{"line":351,"column":6},"end":{"line":364,"column":7}},{"start":{},"end":{}}],"line":351},"30":{"loc":{"start":{"line":351,"column":10},"end":{"line":351,"column":52}},"type":"binary-expr","locations":[{"start":{"line":351,"column":10},"end":{"line":351,"column":33}},{"start":{"line":351,"column":37},"end":{"line":351,"column":52}}],"line":351},"31":{"loc":{"start":{"line":353,"column":54},"end":{"line":353,"column":75}},"type":"binary-expr","locations":[{"start":{"line":353,"column":54},"end":{"line":353,"column":70}},{"start":{"line":353,"column":74},"end":{"line":353,"column":75}}],"line":353},"32":{"loc":{"start":{"line":355,"column":8},"end":{"line":363,"column":9}},"type":"if","locations":[{"start":{"line":355,"column":8},"end":{"line":363,"column":9}},{"start":{},"end":{}}],"line":355},"33":{"loc":{"start":{"line":388,"column":8},"end":{"line":390,"column":9}},"type":"if","locations":[{"start":{"line":388,"column":8},"end":{"line":390,"column":9}},{"start":{},"end":{}}],"line":388},"34":{"loc":{"start":{"line":399,"column":4},"end":{"line":399,"column":43}},"type":"if","locations":[{"start":{"line":399,"column":4},"end":{"line":399,"column":43}},{"start":{},"end":{}}],"line":399}},"s":{"0":0,"1":0,"2":0,"3":0,"4":0,"5":0,"6":0,"7":0,"8":0,"9":0,"10":0,"11":0,"12":0,"13":0,"14":0,"15":0,"16":0,"17":0,"18":0,"19":0,"20":0,"21":0,"22":0,"23":0,"24":0,"25":0,"26":0,"27":0,"28":0,"29":0,"30":0,"31":0,"32":0,"33":0,"34":0,"35":0,"36":0,"37":0,"38":0,"39":0,"40":0,"41":0,"42":0,"43":0,"44":0,"45":0,"46":0,"47":0,"48":0,"49":0,"50":0,"51":0,"52":0,"53":0,"54":0,"55":0,"56":0,"57":0,"58":0,"59":0,"60":0,"61":0,"62":0,"63":0,"64":0,"65":0,"66":0,"67":0,"68":0,"69":0,"70":0,"71":0,"72":0,"73":0,"74":0,"75":0,"76":0,"77":0,"78":0,"79":0,"80":0,"81":0,"82":0,"83":0,"84":0,"85":0,"86":0,"87":0,"88":0,"89":0,"90":0,"91":0,"92":0,"93":0,"94":0,"95":0,"96":0,"97":0,"98":0,"99":0,"100":0,"101":0,"102":0,"103":0,"104":0,"105":0,"106":0,"107":0,"108":0,"109":0,"110":0,"111":0,"112":0,"113":0,"114":0,"115":0,"116":0,"117":0,"118":0,"119":0,"120":0,"121":0,"122":0,"123":0,"124":0,"125":0,"126":0,"127":0,"128":0,"129":0,"130":0,"131":0,"132":0,"133":0,"134":0,"135":0,"136":0,"137":0,"138":0,"139":0,"140":0,"141":0,"142":0,"143":0,"144":0,"145":0,"146":0,"147":0,"148":0,"149":0,"150":0,"151":0,"152":0,"153":0,"154":0,"155":0,"156":0,"157":0,"158":0,"159":0,"160":0,"161":0,"162":0,"163":0,"164":0,"165":0,"166":0,"167":0,"168":0,"169":0,"170":0,"171":0,"172":0,"173":0,"174":0,"175":0,"176":0,"177":0,"178":0,"179":0,"180":0,"181":0,"182":0,"183":0,"184":0,"185":0,"186":0,"187":0,"188":0,"189":0,"190":0,"191":0,"192":0},"f":{"0":0,"1":0,"2":0,"3":0,"4":0,"5":0,"6":0,"7":0,"8":0,"9":0,"10":0,"11":0,"12":0,"13":0,"14":0,"15":0,"16":0,"17":0,"18":0,"19":0,"20":0,"21":0,"22":0,"23":0,"24":0,"25":0,"26":0,"27":0,"28":0,"29":0,"30":0,"31":0,"32":0,"33":0,"34":0,"35":0,"36":0,"37":0,"38":0},"b":{"0":[0],"1":[0],"2":[0,0],"3":[0,0],"4":[0,0],"5":[0,0],"6":[0,0],"7":[0,0,0],"8":[0,0],"9":[0,0],"10":[0,0],"11":[0,0],"12":[0,0,0],"13":[0,0],"14":[0,0],"15":[0,0],"16":[0,0],"17":[0,0],"18":[0,0],"19":[0,0],"20":[0,0],"21":[0,0],"22":[0,0],"23":[0,0],"24":[0,0],"25":[0,0],"26":[0,0],"27":[0,0],"28":[0,0,0],"29":[0,0],"30":[0,0],"31":[0,0],"32":[0,0],"33":[0,0],"34":[0,0]}}
}
