[ERROR] COMPILATION ERROR : 
[ERROR] /Users/admin/HOT/Heroes-of-Time/backend/src/test/java/com/heroesoftimepoc/temporalengine/integration/QuantumInterferenceIntegrationTest.java:[323,62] cannot find symbol
  symbol:   method getGameState(java.lang.Long)
  location: variable temporalEngineService of type com.heroesoftimepoc.temporalengine.service.TemporalEngineService
[ERROR] /Users/admin/HOT/Heroes-of-Time/backend/src/test/java/com/heroesoftimepoc/temporalengine/integration/QuantumInterferenceIntegrationTest.java:[393,67] cannot find symbol
  symbol:   method getGameState(java.lang.Long)
  location: variable temporalEngineService of type com.heroesoftimepoc.temporalengine.service.TemporalEngineService
[ERROR] /Users/admin/HOT/Heroes-of-Time/backend/src/test/java/com/heroesoftimepoc/temporalengine/integration/BatailleTemporelleIntegrationTest.java:[351,62] cannot find symbol
  symbol:   method getGameState(java.lang.Long)
  location: variable temporalEngineService of type com.heroesoftimepoc.temporalengine.service.TemporalEngineService
[ERROR] /Users/admin/HOT/Heroes-of-Time/backend/src/test/java/com/heroesoftimepoc/temporalengine/integration/BatailleTemporelleIntegrationTest.java:[398,67] cannot find symbol
  symbol:   method getGameState(java.lang.Long)
  location: variable temporalEngineService of type com.heroesoftimepoc.temporalengine.service.TemporalEngineService
[ERROR] /Users/admin/HOT/Heroes-of-Time/backend/src/test/java/com/heroesoftimepoc/temporalengine/ComplexScenarioTest.java:[198,62] cannot find symbol
  symbol:   method getGameState(java.lang.Long)
  location: variable temporalEngineService of type com.heroesoftimepoc.temporalengine.service.TemporalEngineService
[ERROR] /Users/admin/HOT/Heroes-of-Time/backend/src/test/java/com/heroesoftimepoc/temporalengine/ComplexScenarioTest.java:[249,62] cannot find symbol
  symbol:   method getGameState(java.lang.Long)
  location: variable temporalEngineService of type com.heroesoftimepoc.temporalengine.service.TemporalEngineService
[ERROR] /Users/admin/HOT/Heroes-of-Time/backend/src/test/java/com/heroesoftimepoc/temporalengine/EclatMondesDissolusTest.java:[203,62] cannot find symbol
  symbol:   method getGameState(java.lang.Long)
  location: variable temporalEngineService of type com.heroesoftimepoc.temporalengine.service.TemporalEngineService
[ERROR] /Users/admin/HOT/Heroes-of-Time/backend/src/test/java/com/heroesoftimepoc/temporalengine/EclatMondesDissolusTest.java:[276,62] cannot find symbol
  symbol:   method getGameState(java.lang.Long)
  location: variable temporalEngineService of type com.heroesoftimepoc.temporalengine.service.TemporalEngineService
[ERROR] /Users/admin/HOT/Heroes-of-Time/backend/src/test/java/com/heroesoftimepoc/temporalengine/EclatMondesDissolusTest.java:[285,63] cannot find symbol
  symbol:   method getGameState(java.lang.Long)
  location: variable temporalEngineService of type com.heroesoftimepoc.temporalengine.service.TemporalEngineService
[ERROR] Failed to execute goal org.apache.maven.plugins:maven-compiler-plugin:3.11.0:testCompile (default-testCompile) on project temporal-engine: Compilation failure: Compilation failure: 
[ERROR] /Users/admin/HOT/Heroes-of-Time/backend/src/test/java/com/heroesoftimepoc/temporalengine/integration/QuantumInterferenceIntegrationTest.java:[323,62] cannot find symbol
[ERROR]   symbol:   method getGameState(java.lang.Long)
[ERROR]   location: variable temporalEngineService of type com.heroesoftimepoc.temporalengine.service.TemporalEngineService
[ERROR] /Users/admin/HOT/Heroes-of-Time/backend/src/test/java/com/heroesoftimepoc/temporalengine/integration/QuantumInterferenceIntegrationTest.java:[393,67] cannot find symbol
[ERROR]   symbol:   method getGameState(java.lang.Long)
[ERROR]   location: variable temporalEngineService of type com.heroesoftimepoc.temporalengine.service.TemporalEngineService
[ERROR] /Users/admin/HOT/Heroes-of-Time/backend/src/test/java/com/heroesoftimepoc/temporalengine/integration/BatailleTemporelleIntegrationTest.java:[351,62] cannot find symbol
[ERROR]   symbol:   method getGameState(java.lang.Long)
[ERROR]   location: variable temporalEngineService of type com.heroesoftimepoc.temporalengine.service.TemporalEngineService
[ERROR] /Users/admin/HOT/Heroes-of-Time/backend/src/test/java/com/heroesoftimepoc/temporalengine/integration/BatailleTemporelleIntegrationTest.java:[398,67] cannot find symbol
[ERROR]   symbol:   method getGameState(java.lang.Long)
[ERROR]   location: variable temporalEngineService of type com.heroesoftimepoc.temporalengine.service.TemporalEngineService
[ERROR] /Users/admin/HOT/Heroes-of-Time/backend/src/test/java/com/heroesoftimepoc/temporalengine/ComplexScenarioTest.java:[198,62] cannot find symbol
[ERROR]   symbol:   method getGameState(java.lang.Long)
[ERROR]   location: variable temporalEngineService of type com.heroesoftimepoc.temporalengine.service.TemporalEngineService
[ERROR] /Users/admin/HOT/Heroes-of-Time/backend/src/test/java/com/heroesoftimepoc/temporalengine/ComplexScenarioTest.java:[249,62] cannot find symbol
[ERROR]   symbol:   method getGameState(java.lang.Long)
[ERROR]   location: variable temporalEngineService of type com.heroesoftimepoc.temporalengine.service.TemporalEngineService
[ERROR] /Users/admin/HOT/Heroes-of-Time/backend/src/test/java/com/heroesoftimepoc/temporalengine/EclatMondesDissolusTest.java:[203,62] cannot find symbol
[ERROR]   symbol:   method getGameState(java.lang.Long)
[ERROR]   location: variable temporalEngineService of type com.heroesoftimepoc.temporalengine.service.TemporalEngineService
[ERROR] /Users/admin/HOT/Heroes-of-Time/backend/src/test/java/com/heroesoftimepoc/temporalengine/EclatMondesDissolusTest.java:[276,62] cannot find symbol
[ERROR]   symbol:   method getGameState(java.lang.Long)
[ERROR]   location: variable temporalEngineService of type com.heroesoftimepoc.temporalengine.service.TemporalEngineService
[ERROR] /Users/admin/HOT/Heroes-of-Time/backend/src/test/java/com/heroesoftimepoc/temporalengine/EclatMondesDissolusTest.java:[285,63] cannot find symbol
[ERROR]   symbol:   method getGameState(java.lang.Long)
[ERROR]   location: variable temporalEngineService of type com.heroesoftimepoc.temporalengine.service.TemporalEngineService
[ERROR] -> [Help 1]
[ERROR] 
[ERROR] To see the full stack trace of the errors, re-run Maven with the -e switch.
[ERROR] Re-run Maven using the -X switch to enable full debug logging.
[ERROR] 
[ERROR] For more information about the errors and possible solutions, please read the following articles:
[ERROR] [Help 1] http://cwiki.apache.org/confluence/display/MAVEN/MojoFailureException
