19:44:54.762 [main] INFO org.springframework.test.context.support.AnnotationConfigContextLoaderUtils -- Could not detect default configuration classes for test class [com.heroesoftimepoc.temporalengine.integration.QuantumArtifactsIntegrationTest]: QuantumArtifactsIntegrationTest does not declare any static, non-private, non-final, nested classes annotated with @Configuration.
19:44:54.829 [main] INFO org.springframework.boot.test.context.SpringBootTestContextBootstrapper -- Found @SpringBootConfiguration com.heroesoftimepoc.temporalengine.TemporalEngineApplication for test class com.heroesoftimepoc.temporalengine.integration.QuantumArtifactsIntegrationTest
19:44:55.007 [main] INFO org.springframework.boot.devtools.restart.RestartApplicationListener -- Restart disabled due to context in which it is running

  .   ____          _            __ _ _
 /\\ / ___'_ __ _ _(_)_ __  __ _ \ \ \ \
( ( )\___ | '_ | '_| | '_ \/ _` | \ \ \ \
 \\/  ___)| |_)| | | | | || (_| |  ) ) ) )
  '  |____| .__|_| |_|_| |_\__, | / / / /
 =========|_|==============|___/=/_/_/_/
 :: Spring Boot ::                (v3.2.0)

2025-07-18T19:44:55.135+02:00  INFO 86669 --- [           main] c.h.t.i.QuantumArtifactsIntegrationTest  : Starting QuantumArtifactsIntegrationTest using Java 17.0.15 with PID 86669 (started by admin in /Users/admin/HOT/Heroes-of-Time/backend)
2025-07-18T19:44:55.136+02:00  INFO 86669 --- [           main] c.h.t.i.QuantumArtifactsIntegrationTest  : No active profile set, falling back to 1 default profile: "default"
2025-07-18T19:44:55.560+02:00  INFO 86669 --- [           main] .s.d.r.c.RepositoryConfigurationDelegate : Bootstrapping Spring Data JPA repositories in DEFAULT mode.
2025-07-18T19:44:55.608+02:00  INFO 86669 --- [           main] .s.d.r.c.RepositoryConfigurationDelegate : Finished Spring Data repository scanning in 43 ms. Found 4 JPA repository interfaces.
2025-07-18T19:44:55.907+02:00  INFO 86669 --- [           main] o.hibernate.jpa.internal.util.LogHelper  : HHH000204: Processing PersistenceUnitInfo [name: default]
2025-07-18T19:44:55.946+02:00  INFO 86669 --- [           main] org.hibernate.Version                    : HHH000412: Hibernate ORM core version 6.3.1.Final
2025-07-18T19:44:55.962+02:00  INFO 86669 --- [           main] o.h.c.internal.RegionFactoryInitiator    : HHH000026: Second-level cache disabled
2025-07-18T19:44:56.108+02:00  INFO 86669 --- [           main] o.s.o.j.p.SpringPersistenceUnitInfo      : No LoadTimeWeaver setup: ignoring JPA class transformer
2025-07-18T19:44:56.129+02:00  INFO 86669 --- [           main] com.zaxxer.hikari.HikariDataSource       : HikariPool-1 - Starting...
2025-07-18T19:44:56.238+02:00  INFO 86669 --- [           main] com.zaxxer.hikari.pool.HikariPool        : HikariPool-1 - Added connection conn0: url=jdbc:h2:mem:quantumtestdb user=SA
2025-07-18T19:44:56.239+02:00  INFO 86669 --- [           main] com.zaxxer.hikari.HikariDataSource       : HikariPool-1 - Start completed.
2025-07-18T19:44:56.255+02:00  WARN 86669 --- [           main] org.hibernate.orm.deprecation            : HHH90000025: H2Dialect does not need to be specified explicitly using 'hibernate.dialect' (remove the property setting and it will be selected by default)
2025-07-18T19:44:56.820+02:00  INFO 86669 --- [           main] o.h.e.t.j.p.i.JtaPlatformInitiator       : HHH000489: No JTA platform available (set 'hibernate.transaction.jta.platform' to enable JTA platform integration)
Hibernate: drop table if exists game_players cascade 
Hibernate: drop table if exists game_tiles cascade 
Hibernate: drop table if exists games cascade 
Hibernate: drop table if exists hero_inventory cascade 
Hibernate: drop table if exists heroes cascade 
Hibernate: drop table if exists psi_states cascade 
Hibernate: drop table if exists tile_occupants cascade 
Hibernate: create table game_players (game_id bigint not null, player_id varchar(255))
Hibernate: create table game_tiles (defense_bonus integer, has_psi_states boolean, is_locked boolean, is_temporal_zone boolean, lock_duration integer, movement_cost integer, temporal_energy_bonus integer, x integer not null, y integer not null, game_id bigint, id bigint generated by default as identity, building_owner varchar(255), building_type varchar(255), temporal_zone_type varchar(255), terrain varchar(255), primary key (id))
Hibernate: create table games (current_turn integer, map_height integer, map_width integer, max_players integer, created_at timestamp(6), ended_at timestamp(6), id bigint generated by default as identity, started_at timestamp(6), current_player varchar(255), current_timeline varchar(255), game_name varchar(255) not null, status varchar(255) check (status in ('WAITING','ACTIVE','PAUSED','FINISHED','CANCELLED')), winner varchar(255), primary key (id))
Hibernate: create table hero_inventory (hero_id bigint not null, item varchar(255))
Hibernate: create table heroes (health integer, max_health integer, max_movement_points integer, max_temporal_energy integer, movement_points integer, position_x integer, position_y integer, temporal_energy integer, game_id bigint, id bigint generated by default as identity, name varchar(255) not null, player_id varchar(255), status varchar(255) check (status in ('ACTIVE','TEMPORAL_SHIFT','QUANTUM_SUPERPOSITION','COLLAPSED','DEAD')), timeline_branch varchar(255), primary key (id))
Hibernate: create table psi_states (amplitude_imaginary float(53), amplitude_real float(53), delta_t integer, probability float(53), target_x integer, target_y integer, use_complex_amplitude boolean, created_at timestamp(6), game_id bigint, id bigint generated by default as identity, action_type varchar(255), branch_id varchar(255), collapse_trigger varchar(255), expression TEXT, owner_hero varchar(255), psi_id varchar(255) not null unique, status varchar(255) check (status in ('ACTIVE','COLLAPSED','TRIGGERED','EXPIRED')), primary key (id))
Hibernate: create table tile_occupants (tile_id bigint not null, occupant varchar(255))
Hibernate: alter table if exists game_players add constraint FKrbr2flqdav5ovyjas7q92u64r foreign key (game_id) references games
Hibernate: alter table if exists game_tiles add constraint FK9jnp7yfteauo45smvmxa8710m foreign key (game_id) references games
Hibernate: alter table if exists hero_inventory add constraint FKox21x0dd4fg7w81h3a8o6chu foreign key (hero_id) references heroes
Hibernate: alter table if exists heroes add constraint FKb88jgdc3dfmmhbnrpl6u5sjdn foreign key (game_id) references games
Hibernate: alter table if exists psi_states add constraint FK9kbp67wo94i0jk9w4v3ja4meq foreign key (game_id) references games
Hibernate: alter table if exists tile_occupants add constraint FKia56skupqk3qxypotqpovr3gb foreign key (tile_id) references game_tiles
2025-07-18T19:44:56.850+02:00  INFO 86669 --- [           main] j.LocalContainerEntityManagerFactoryBean : Initialized JPA EntityManagerFactory for persistence unit 'default'
2025-07-18T19:44:57.279+02:00  INFO 86669 --- [           main] o.s.d.j.r.query.QueryEnhancerFactory     : Hibernate is in classpath; If applicable, HQL parser will be used.
2025-07-18T19:44:58.667+02:00  WARN 86669 --- [           main] JpaBaseConfiguration$JpaWebConfiguration : spring.jpa.open-in-view is enabled by default. Therefore, database queries may be performed during view rendering. Explicitly configure spring.jpa.open-in-view to disable this warning
2025-07-18T19:44:59.067+02:00  INFO 86669 --- [           main] o.s.b.a.h2.H2ConsoleAutoConfiguration    : H2 console available at '/h2-console'. Database available at 'jdbc:h2:mem:quantumtestdb'
2025-07-18T19:44:59.144+02:00  INFO 86669 --- [           main] c.h.t.i.QuantumArtifactsIntegrationTest  : Started QuantumArtifactsIntegrationTest in 4.145 seconds (process running for 4.795)
OpenJDK 64-Bit Server VM warning: Sharing is only supported for boot loader classes because bootstrap classpath has been appended
ğŸŒŸ Initialisation des tests d'artefacts quantiques Tier 6
==========================================================
ğŸ”® Artefacts quantiques chargÃ©s: 5
ğŸ“œ Scripts quantiques chargÃ©s: 102 commandes
Hibernate: insert into games (created_at,current_player,current_timeline,current_turn,ended_at,game_name,map_height,map_width,max_players,started_at,status,winner,id) values (?,?,?,?,?,?,?,?,?,?,?,?,default)
ğŸ® Partie crÃ©Ã©e: Test Artefacts Quantiques (ID: 1)
âœ… Setup terminÃ©

ğŸ”§ TEST 1: Sceptre de Foudre Quantique
=====================================
Hibernate: insert into heroes (game_id,health,max_health,max_movement_points,max_temporal_energy,movement_points,name,player_id,position_x,position_y,status,temporal_energy,timeline_branch,id) values (?,?,?,?,?,?,?,?,?,?,?,?,?,default)
ğŸ° Test: Bataille des Trois Tours
Hibernate: insert into psi_states (action_type,branch_id,collapse_trigger,amplitude_imaginary,amplitude_real,created_at,delta_t,expression,game_id,owner_hero,probability,psi_id,status,target_x,target_y,use_complex_amplitude,id) values (?,?,?,?,?,?,?,?,?,?,?,?,?,?,?,?,default)
Hibernate: insert into psi_states (action_type,branch_id,collapse_trigger,amplitude_imaginary,amplitude_real,created_at,delta_t,expression,game_id,owner_hero,probability,psi_id,status,target_x,target_y,use_complex_amplitude,id) values (?,?,?,?,?,?,?,?,?,?,?,?,?,?,?,?,default)
Hibernate: insert into psi_states (action_type,branch_id,collapse_trigger,amplitude_imaginary,amplitude_real,created_at,delta_t,expression,game_id,owner_hero,probability,psi_id,status,target_x,target_y,use_complex_amplitude,id) values (?,?,?,?,?,?,?,?,?,?,?,?,?,?,?,?,default)
Hibernate: insert into hero_inventory (hero_id,item) values (?,?)
Hibernate: select ps1_0.id,ps1_0.action_type,ps1_0.branch_id,ps1_0.collapse_trigger,ps1_0.amplitude_imaginary,ps1_0.amplitude_real,ps1_0.created_at,ps1_0.delta_t,ps1_0.expression,ps1_0.game_id,ps1_0.owner_hero,ps1_0.probability,ps1_0.psi_id,ps1_0.status,ps1_0.target_x,ps1_0.target_y,ps1_0.use_complex_amplitude from psi_states ps1_0 where ps1_0.game_id=?
ğŸ“Š RÃ©sultats Sceptre de Foudre:
   - Ã‰tats Ïˆ crÃ©Ã©s: 3
   - Formule validÃ©e: Î£(P(hit_i) * damage_i)
   - Principe: Superposition d'Ã©tats Ã©lectriques
âœ… Test Sceptre de Foudre Quantique validÃ©

ğŸ§¹ Nettoyage du test...
âœ… Nettoyage terminÃ©
ğŸŒŸ Initialisation des tests d'artefacts quantiques Tier 6
==========================================================
ğŸ”® Artefacts quantiques chargÃ©s: 5
ğŸ“œ Scripts quantiques chargÃ©s: 102 commandes
Hibernate: insert into games (created_at,current_player,current_timeline,current_turn,ended_at,game_name,map_height,map_width,max_players,started_at,status,winner,id) values (?,?,?,?,?,?,?,?,?,?,?,?,default)
ğŸ® Partie crÃ©Ã©e: Test Artefacts Quantiques (ID: 2)
âœ… Setup terminÃ©

ğŸ”§ TEST 2: Gantelets du Portail Temporel
========================================
Hibernate: insert into heroes (game_id,health,max_health,max_movement_points,max_temporal_energy,movement_points,name,player_id,position_x,position_y,status,temporal_energy,timeline_branch,id) values (?,?,?,?,?,?,?,?,?,?,?,?,?,default)
ğŸ° Test: SiÃ¨ge Impossible
ğŸ§¹ Nettoyage du test...
âœ… Nettoyage terminÃ©
ğŸŒŸ Initialisation des tests d'artefacts quantiques Tier 6
==========================================================
ğŸ”® Artefacts quantiques chargÃ©s: 5
ğŸ“œ Scripts quantiques chargÃ©s: 102 commandes
Hibernate: insert into games (created_at,current_player,current_timeline,current_turn,ended_at,game_name,map_height,map_width,max_players,started_at,status,winner,id) values (?,?,?,?,?,?,?,?,?,?,?,?,default)
ğŸ® Partie crÃ©Ã©e: Test Artefacts Quantiques (ID: 3)
âœ… Setup terminÃ©

ğŸ”§ TEST 3: Masque des ProbabilitÃ©s
==================================
Hibernate: insert into heroes (game_id,health,max_health,max_movement_points,max_temporal_energy,movement_points,name,player_id,position_x,position_y,status,temporal_energy,timeline_branch,id) values (?,?,?,?,?,?,?,?,?,?,?,?,?,default)
ğŸ”® Test: L'Oracle Aveugle
ğŸ§¹ Nettoyage du test...
âœ… Nettoyage terminÃ©
ğŸŒŸ Initialisation des tests d'artefacts quantiques Tier 6
==========================================================
ğŸ”® Artefacts quantiques chargÃ©s: 5
ğŸ“œ Scripts quantiques chargÃ©s: 102 commandes
Hibernate: insert into games (created_at,current_player,current_timeline,current_turn,ended_at,game_name,map_height,map_width,max_players,started_at,status,winner,id) values (?,?,?,?,?,?,?,?,?,?,?,?,default)
ğŸ® Partie crÃ©Ã©e: Test Artefacts Quantiques (ID: 4)
âœ… Setup terminÃ©

ğŸ”§ TEST 4: ChaÃ®nes du Destin
============================
Hibernate: insert into heroes (game_id,health,max_health,max_movement_points,max_temporal_energy,movement_points,name,player_id,position_x,position_y,status,temporal_energy,timeline_branch,id) values (?,?,?,?,?,?,?,?,?,?,?,?,?,default)
ğŸ‰ Test: Le Dragon Tyran
ğŸ§¹ Nettoyage du test...
âœ… Nettoyage terminÃ©
ğŸŒŸ Initialisation des tests d'artefacts quantiques Tier 6
==========================================================
ğŸ”® Artefacts quantiques chargÃ©s: 5
ğŸ“œ Scripts quantiques chargÃ©s: 102 commandes
Hibernate: insert into games (created_at,current_player,current_timeline,current_turn,ended_at,game_name,map_height,map_width,max_players,started_at,status,winner,id) values (?,?,?,?,?,?,?,?,?,?,?,?,default)
ğŸ® Partie crÃ©Ã©e: Test Artefacts Quantiques (ID: 5)
âœ… Setup terminÃ©

ğŸ”§ TEST 5: Bouclier Miroir Quantique
====================================
Hibernate: insert into heroes (game_id,health,max_health,max_movement_points,max_temporal_energy,movement_points,name,player_id,position_x,position_y,status,temporal_energy,timeline_branch,id) values (?,?,?,?,?,?,?,?,?,?,?,?,?,default)
ğŸ¹ Test: ArmÃ©e de Miroirs
ğŸ§¹ Nettoyage du test...
âœ… Nettoyage terminÃ©
ğŸŒŸ Initialisation des tests d'artefacts quantiques Tier 6
==========================================================
ğŸ”® Artefacts quantiques chargÃ©s: 5
ğŸ“œ Scripts quantiques chargÃ©s: 102 commandes
Hibernate: insert into games (created_at,current_player,current_timeline,current_turn,ended_at,game_name,map_height,map_width,max_players,started_at,status,winner,id) values (?,?,?,?,?,?,?,?,?,?,?,?,default)
ğŸ® Partie crÃ©Ã©e: Test Artefacts Quantiques (ID: 6)
âœ… Setup terminÃ©

ğŸ”§ TEST 6: Synergie Quantique Ultime
=====================================
Hibernate: insert into heroes (game_id,health,max_health,max_movement_points,max_temporal_energy,movement_points,name,player_id,position_x,position_y,status,temporal_energy,timeline_branch,id) values (?,?,?,?,?,?,?,?,?,?,?,?,?,default)
Hibernate: insert into heroes (game_id,health,max_health,max_movement_points,max_temporal_energy,movement_points,name,player_id,position_x,position_y,status,temporal_energy,timeline_branch,id) values (?,?,?,?,?,?,?,?,?,?,?,?,?,default)
Hibernate: insert into heroes (game_id,health,max_health,max_movement_points,max_temporal_energy,movement_points,name,player_id,position_x,position_y,status,temporal_energy,timeline_branch,id) values (?,?,?,?,?,?,?,?,?,?,?,?,?,default)
ğŸ§¹ Nettoyage du test...
âœ… Nettoyage terminÃ©
ğŸŒŸ Initialisation des tests d'artefacts quantiques Tier 6
==========================================================
ğŸ”® Artefacts quantiques chargÃ©s: 5
ğŸ“œ Scripts quantiques chargÃ©s: 102 commandes
Hibernate: insert into games (created_at,current_player,current_timeline,current_turn,ended_at,game_name,map_height,map_width,max_players,started_at,status,winner,id) values (?,?,?,?,?,?,?,?,?,?,?,?,default)
ğŸ® Partie crÃ©Ã©e: Test Artefacts Quantiques (ID: 7)
âœ… Setup terminÃ©

ğŸ”§ TEST 7: Validation MathÃ©matique des Formules
===============================================
ğŸ§® Formule: QUANTUM_LIGHTNING = Î£(P(hit_i) * damage_i) for all i in superposition
ğŸ§¹ Nettoyage du test...
âœ… Nettoyage terminÃ©

ğŸ‰ RÃ‰SUMÃ‰ FINAL - TESTS ARTEFACTS QUANTIQUES TIER 6
===================================================
âœ… Sceptre de Foudre Quantique: VALIDÃ‰
âœ… Gantelets du Portail Temporel: VALIDÃ‰
âœ… Masque des ProbabilitÃ©s: VALIDÃ‰
âœ… ChaÃ®nes du Destin: VALIDÃ‰
âœ… Bouclier Miroir Quantique: VALIDÃ‰
âœ… Synergie Quantique Ultime: VALIDÃ‰
âœ… Formules MathÃ©matiques: VALIDÃ‰ES

ğŸŒŸ TOUS LES ARTEFACTS QUANTIQUES TIER 6 OPÃ‰RATIONNELS !
ğŸš€ SystÃ¨me quantique avancÃ© prÃªt pour la production !

[ERROR] Tests run: 7, Failures: 6, Errors: 0, Skipped: 0, Time elapsed: 5.318 s <<< FAILURE! -- in com.heroesoftimepoc.temporalengine.integration.QuantumArtifactsIntegrationTest
[ERROR] com.heroesoftimepoc.temporalengine.integration.QuantumArtifactsIntegrationTest.testTemporalPortalGauntlet -- Time elapsed: 0.014 s <<< FAILURE!
org.opentest4j.AssertionFailedError: ArmÃ©e doit Ãªtre recrutÃ©e ==> expected: <true> but was: <false>
	at org.junit.jupiter.api.AssertionFailureBuilder.build(AssertionFailureBuilder.java:151)
	at org.junit.jupiter.api.AssertionFailureBuilder.buildAndThrow(AssertionFailureBuilder.java:132)
	at org.junit.jupiter.api.AssertTrue.failNotTrue(AssertTrue.java:63)
	at org.junit.jupiter.api.AssertTrue.assertTrue(AssertTrue.java:36)
	at org.junit.jupiter.api.Assertions.assertTrue(Assertions.java:214)
	at com.heroesoftimepoc.temporalengine.integration.QuantumArtifactsIntegrationTest.testTemporalPortalGauntlet(QuantumArtifactsIntegrationTest.java:212)
	at java.base/java.lang.reflect.Method.invoke(Method.java:569)
	at java.base/java.util.ArrayList.forEach(ArrayList.java:1511)
	at java.base/java.util.ArrayList.forEach(ArrayList.java:1511)

[ERROR] com.heroesoftimepoc.temporalengine.integration.QuantumArtifactsIntegrationTest.testProbabilityMask -- Time elapsed: 0.014 s <<< FAILURE!
org.opentest4j.AssertionFailedError: Champ d'incertitude doit Ãªtre activÃ© ==> expected: <true> but was: <false>
	at org.junit.jupiter.api.AssertionFailureBuilder.build(AssertionFailureBuilder.java:151)
	at org.junit.jupiter.api.AssertionFailureBuilder.buildAndThrow(AssertionFailureBuilder.java:132)
	at org.junit.jupiter.api.AssertTrue.failNotTrue(AssertTrue.java:63)
	at org.junit.jupiter.api.AssertTrue.assertTrue(AssertTrue.java:36)
	at org.junit.jupiter.api.Assertions.assertTrue(Assertions.java:214)
	at com.heroesoftimepoc.temporalengine.integration.QuantumArtifactsIntegrationTest.testProbabilityMask(QuantumArtifactsIntegrationTest.java:251)
	at java.base/java.lang.reflect.Method.invoke(Method.java:569)
	at java.base/java.util.ArrayList.forEach(ArrayList.java:1511)
	at java.base/java.util.ArrayList.forEach(ArrayList.java:1511)

[ERROR] com.heroesoftimepoc.temporalengine.integration.QuantumArtifactsIntegrationTest.testFateChains -- Time elapsed: 0.011 s <<< FAILURE!
org.opentest4j.AssertionFailedError: Lien karmique doit Ãªtre crÃ©Ã© ==> expected: <true> but was: <false>
	at org.junit.jupiter.api.AssertionFailureBuilder.build(AssertionFailureBuilder.java:151)
	at org.junit.jupiter.api.AssertionFailureBuilder.buildAndThrow(AssertionFailureBuilder.java:132)
	at org.junit.jupiter.api.AssertTrue.failNotTrue(AssertTrue.java:63)
	at org.junit.jupiter.api.AssertTrue.assertTrue(AssertTrue.java:36)
	at org.junit.jupiter.api.Assertions.assertTrue(Assertions.java:214)
	at com.heroesoftimepoc.temporalengine.integration.QuantumArtifactsIntegrationTest.testFateChains(QuantumArtifactsIntegrationTest.java:290)
	at java.base/java.lang.reflect.Method.invoke(Method.java:569)
	at java.base/java.util.ArrayList.forEach(ArrayList.java:1511)
	at java.base/java.util.ArrayList.forEach(ArrayList.java:1511)

[ERROR] com.heroesoftimepoc.temporalengine.integration.QuantumArtifactsIntegrationTest.testQuantumMirrorShield -- Time elapsed: 0.015 s <<< FAILURE!
org.opentest4j.AssertionFailedError: Attaque de volÃ©e doit Ãªtre simulÃ©e ==> expected: <true> but was: <false>
	at org.junit.jupiter.api.AssertionFailureBuilder.build(AssertionFailureBuilder.java:151)
	at org.junit.jupiter.api.AssertionFailureBuilder.buildAndThrow(AssertionFailureBuilder.java:132)
	at org.junit.jupiter.api.AssertTrue.failNotTrue(AssertTrue.java:63)
	at org.junit.jupiter.api.AssertTrue.assertTrue(AssertTrue.java:36)
	at org.junit.jupiter.api.Assertions.assertTrue(Assertions.java:214)
	at com.heroesoftimepoc.temporalengine.integration.QuantumArtifactsIntegrationTest.testQuantumMirrorShield(QuantumArtifactsIntegrationTest.java:333)
	at java.base/java.lang.reflect.Method.invoke(Method.java:569)
	at java.base/java.util.ArrayList.forEach(ArrayList.java:1511)
	at java.base/java.util.ArrayList.forEach(ArrayList.java:1511)

[ERROR] com.heroesoftimepoc.temporalengine.integration.QuantumArtifactsIntegrationTest.testQuantumSynergy -- Time elapsed: 0.014 s <<< FAILURE!
org.opentest4j.AssertionFailedError: Champ d'incertitude doit Ãªtre activÃ© ==> expected: <true> but was: <false>
	at org.junit.jupiter.api.AssertionFailureBuilder.build(AssertionFailureBuilder.java:151)
	at org.junit.jupiter.api.AssertionFailureBuilder.buildAndThrow(AssertionFailureBuilder.java:132)
	at org.junit.jupiter.api.AssertTrue.failNotTrue(AssertTrue.java:63)
	at org.junit.jupiter.api.AssertTrue.assertTrue(AssertTrue.java:36)
	at org.junit.jupiter.api.Assertions.assertTrue(Assertions.java:214)
	at com.heroesoftimepoc.temporalengine.integration.QuantumArtifactsIntegrationTest.testQuantumSynergy(QuantumArtifactsIntegrationTest.java:372)
	at java.base/java.lang.reflect.Method.invoke(Method.java:569)
	at java.base/java.util.ArrayList.forEach(ArrayList.java:1511)
	at java.base/java.util.ArrayList.forEach(ArrayList.java:1511)

[ERROR] com.heroesoftimepoc.temporalengine.integration.QuantumArtifactsIntegrationTest.testMathematicalFormulas -- Time elapsed: 0.007 s <<< FAILURE!
org.opentest4j.AssertionFailedError: Formule QUANTUM_LIGHTNING doit Ãªtre valide ==> expected: <true> but was: <false>
	at org.junit.jupiter.api.AssertionFailureBuilder.build(AssertionFailureBuilder.java:151)
	at org.junit.jupiter.api.AssertionFailureBuilder.buildAndThrow(AssertionFailureBuilder.java:132)
	at org.junit.jupiter.api.AssertTrue.failNotTrue(AssertTrue.java:63)
	at org.junit.jupiter.api.AssertTrue.assertTrue(AssertTrue.java:36)
	at org.junit.jupiter.api.Assertions.assertTrue(Assertions.java:214)
	at com.heroesoftimepoc.temporalengine.integration.QuantumArtifactsIntegrationTest.testMathematicalFormulas(QuantumArtifactsIntegrationTest.java:431)
	at java.base/java.lang.reflect.Method.invoke(Method.java:569)
	at java.base/java.util.ArrayList.forEach(ArrayList.java:1511)
	at java.base/java.util.ArrayList.forEach(ArrayList.java:1511)

[ERROR] Failures: 
[ERROR]   QuantumArtifactsIntegrationTest.testFateChains:290 Lien karmique doit Ãªtre crÃ©Ã© ==> expected: <true> but was: <false>
[ERROR]   QuantumArtifactsIntegrationTest.testMathematicalFormulas:431 Formule QUANTUM_LIGHTNING doit Ãªtre valide ==> expected: <true> but was: <false>
[ERROR]   QuantumArtifactsIntegrationTest.testProbabilityMask:251 Champ d'incertitude doit Ãªtre activÃ© ==> expected: <true> but was: <false>
[ERROR]   QuantumArtifactsIntegrationTest.testQuantumMirrorShield:333 Attaque de volÃ©e doit Ãªtre simulÃ©e ==> expected: <true> but was: <false>
[ERROR]   QuantumArtifactsIntegrationTest.testQuantumSynergy:372 Champ d'incertitude doit Ãªtre activÃ© ==> expected: <true> but was: <false>
[ERROR]   QuantumArtifactsIntegrationTest.testTemporalPortalGauntlet:212 ArmÃ©e doit Ãªtre recrutÃ©e ==> expected: <true> but was: <false>
[ERROR] Tests run: 7, Failures: 6, Errors: 0, Skipped: 0
[ERROR] Failed to execute goal org.apache.maven.plugins:maven-surefire-plugin:3.1.2:test (default-test) on project temporal-engine: There are test failures.
[ERROR] 
[ERROR] Please refer to /Users/admin/HOT/Heroes-of-Time/backend/target/surefire-reports for the individual test results.
[ERROR] Please refer to dump files (if any exist) [date].dump, [date]-jvmRun[N].dump and [date].dumpstream.
[ERROR] -> [Help 1]
[ERROR] 
[ERROR] To see the full stack trace of the errors, re-run Maven with the -e switch.
[ERROR] Re-run Maven using the -X switch to enable full debug logging.
[ERROR] 
[ERROR] For more information about the errors and possible solutions, please read the following articles:
[ERROR] [Help 1] http://cwiki.apache.org/confluence/display/MAVEN/MojoFailureException
