TN:
SF:src/App.tsx
FN:9,(anonymous_0)
FNF:1
FNH:0
FNDA:0,(anonymous_0)
DA:9,0
DA:10,0
LF:2
LH:0
BRF:0
BRH:0
end_of_record
TN:
SF:src/index.tsx
FNF:0
FNH:0
DA:7,0
DA:8,0
DA:10,0
DA:11,0
DA:20,0
LF:5
LH:0
BRDA:8,0,0,0
BRDA:8,0,1,0
BRF:2
BRH:0
end_of_record
TN:
SF:src/reportWebVitals.js
FN:1,(anonymous_0)
FN:3,(anonymous_1)
FNF:2
FNH:0
FNDA:0,(anonymous_0)
FNDA:0,(anonymous_1)
DA:1,0
DA:2,0
DA:3,0
DA:4,0
DA:5,0
DA:6,0
DA:7,0
DA:8,0
LF:8
LH:0
BRDA:2,0,0,0
BRDA:2,0,1,0
BRDA:2,1,0,0
BRDA:2,1,1,0
BRF:4
BRH:0
end_of_record
TN:
SF:src/components/CastleManagementPanel.tsx
FN:45,(anonymous_0)
FN:57,(anonymous_1)
FN:58,(anonymous_2)
FN:106,(anonymous_3)
FN:166,(anonymous_4)
FN:233,(anonymous_5)
FN:236,(anonymous_6)
FN:264,(anonymous_7)
FN:267,(anonymous_8)
FN:279,(anonymous_9)
FN:283,(anonymous_10)
FN:306,(anonymous_11)
FN:321,(anonymous_12)
FN:335,(anonymous_13)
FN:337,(anonymous_14)
FN:382,(anonymous_15)
FN:388,(anonymous_16)
FN:394,(anonymous_17)
FN:449,(anonymous_18)
FN:471,(anonymous_19)
FN:473,(anonymous_20)
FN:495,(anonymous_21)
FNF:22
FNH:0
FNDA:0,(anonymous_0)
FNDA:0,(anonymous_1)
FNDA:0,(anonymous_2)
FNDA:0,(anonymous_3)
FNDA:0,(anonymous_4)
FNDA:0,(anonymous_5)
FNDA:0,(anonymous_6)
FNDA:0,(anonymous_7)
FNDA:0,(anonymous_8)
FNDA:0,(anonymous_9)
FNDA:0,(anonymous_10)
FNDA:0,(anonymous_11)
FNDA:0,(anonymous_12)
FNDA:0,(anonymous_13)
FNDA:0,(anonymous_14)
FNDA:0,(anonymous_15)
FNDA:0,(anonymous_16)
FNDA:0,(anonymous_17)
FNDA:0,(anonymous_18)
FNDA:0,(anonymous_19)
FNDA:0,(anonymous_20)
FNDA:0,(anonymous_21)
DA:45,0
DA:46,0
DA:47,0
DA:48,0
DA:49,0
DA:50,0
DA:51,0
DA:52,0
DA:53,0
DA:54,0
DA:57,0
DA:58,0
DA:59,0
DA:60,0
DA:61,0
DA:64,0
DA:65,0
DA:66,0
DA:69,0
DA:70,0
DA:73,0
DA:76,0
DA:77,0
DA:80,0
DA:81,0
DA:82,0
DA:83,0
DA:84,0
DA:85,0
DA:88,0
DA:90,0
DA:93,0
DA:95,0
DA:97,0
DA:98,0
DA:99,0
DA:100,0
DA:102,0
DA:106,0
DA:108,0
DA:143,0
DA:150,0
DA:157,0
DA:158,0
DA:159,0
DA:160,0
DA:163,0
DA:166,0
DA:167,0
DA:230,0
DA:233,0
DA:234,0
DA:235,0
DA:236,0
DA:237,0
DA:239,0
DA:241,0
DA:247,0
DA:249,0
DA:252,0
DA:253,0
DA:255,0
DA:256,0
DA:258,0
DA:260,0
DA:264,0
DA:267,0
DA:272,0
DA:276,0
DA:277,0
DA:279,0
DA:283,0
DA:284,0
DA:286,0
DA:287,0
DA:293,0
DA:294,0
DA:295,0
DA:298,0
DA:299,0
DA:302,0
DA:306,0
DA:307,0
DA:318,0
DA:321,0
DA:322,0
DA:332,0
DA:335,0
DA:337,0
DA:338,0
DA:339,0
DA:347,0
DA:348,0
DA:364,0
DA:366,0
DA:382,0
DA:388,0
DA:394,0
DA:450,0
DA:472,0
DA:473,0
DA:474,0
DA:477,0
DA:478,0
DA:481,0
DA:495,0
LF:106
LH:0
BRDA:59,0,0,0
BRDA:59,0,1,0
BRDA:70,1,0,0
BRDA:70,1,1,0
BRDA:77,2,0,0
BRDA:77,2,1,0
BRDA:81,3,0,0
BRDA:81,3,1,0
BRDA:84,4,0,0
BRDA:84,4,1,0
BRDA:230,5,0,0
BRDA:230,5,1,0
BRDA:233,6,0,0
BRDA:239,7,0,0
BRDA:239,7,1,0
BRDA:247,8,0,0
BRDA:247,8,1,0
BRDA:253,9,0,0
BRDA:253,9,1,0
BRDA:256,10,0,0
BRDA:256,10,1,0
BRDA:260,11,0,0
BRDA:260,11,1,0
BRDA:269,12,0,0
BRDA:269,12,1,0
BRDA:284,13,0,0
BRDA:284,13,1,0
BRDA:293,14,0,0
BRDA:293,14,1,0
BRDA:318,15,0,0
BRDA:318,15,1,0
BRDA:332,16,0,0
BRDA:332,16,1,0
BRDA:338,17,0,0
BRDA:338,17,1,0
BRDA:341,18,0,0
BRDA:341,18,1,0
BRDA:342,19,0,0
BRDA:342,19,1,0
BRDA:347,20,0,0
BRDA:347,20,1,0
BRDA:373,21,0,0
BRDA:373,21,1,0
BRDA:381,22,0,0
BRDA:381,22,1,0
BRDA:387,23,0,0
BRDA:387,23,1,0
BRDA:393,24,0,0
BRDA:393,24,1,0
BRDA:401,25,0,0
BRDA:401,25,1,0
BRDA:407,26,0,0
BRDA:407,26,1,0
BRDA:413,27,0,0
BRDA:413,27,1,0
BRDA:416,28,0,0
BRDA:416,28,1,0
BRDA:419,29,0,0
BRDA:419,29,1,0
BRDA:445,30,0,0
BRDA:445,30,1,0
BRDA:456,31,0,0
BRDA:456,31,1,0
BRDA:467,32,0,0
BRDA:467,32,1,0
BRDA:474,33,0,0
BRDA:474,33,1,0
BRDA:477,34,0,0
BRDA:477,34,1,0
BRDA:477,35,0,0
BRDA:477,35,1,0
BRDA:486,36,0,0
BRDA:486,36,1,0
BRDA:497,37,0,0
BRDA:497,37,1,0
BRDA:497,37,2,0
BRDA:499,38,0,0
BRDA:499,38,1,0
BRDA:499,39,0,0
BRDA:499,39,1,0
BRDA:502,40,0,0
BRDA:502,40,1,0
BRF:82
BRH:0
end_of_record
TN:
SF:src/components/EnhancedScenarioSelector.tsx
FN:22,(anonymous_0)
FN:30,(anonymous_1)
FN:40,(anonymous_2)
FN:53,(anonymous_3)
FN:62,(anonymous_4)
FN:135,(anonymous_5)
FN:140,(anonymous_6)
FN:150,(anonymous_7)
FN:161,(anonymous_8)
FN:166,(anonymous_9)
FN:187,(anonymous_10)
FN:193,(anonymous_11)
FN:199,(anonymous_12)
FN:231,(anonymous_13)
FN:237,(anonymous_14)
FN:270,(anonymous_15)
FNF:16
FNH:0
FNDA:0,(anonymous_0)
FNDA:0,(anonymous_1)
FNDA:0,(anonymous_2)
FNDA:0,(anonymous_3)
FNDA:0,(anonymous_4)
FNDA:0,(anonymous_5)
FNDA:0,(anonymous_6)
FNDA:0,(anonymous_7)
FNDA:0,(anonymous_8)
FNDA:0,(anonymous_9)
FNDA:0,(anonymous_10)
FNDA:0,(anonymous_11)
FNDA:0,(anonymous_12)
FNDA:0,(anonymous_13)
FNDA:0,(anonymous_14)
FNDA:0,(anonymous_15)
DA:22,0
DA:23,0
DA:24,0
DA:25,0
DA:26,0
DA:27,0
DA:28,0
DA:30,0
DA:31,0
DA:32,0
DA:33,0
DA:34,0
DA:35,0
DA:36,0
DA:40,0
DA:41,0
DA:42,0
DA:43,0
DA:44,0
DA:45,0
DA:46,0
DA:50,0
DA:53,0
DA:54,0
DA:55,0
DA:56,0
DA:59,0
DA:62,0
DA:90,0
DA:92,0
DA:93,0
DA:95,0
DA:96,0
DA:99,0
DA:129,0
DA:131,0
DA:135,0
DA:136,0
DA:140,0
DA:141,0
DA:142,0
DA:143,0
DA:144,0
DA:145,0
DA:146,0
DA:150,0
DA:151,0
DA:152,0
DA:154,0
DA:155,0
DA:156,0
DA:157,0
DA:161,0
DA:162,0
DA:163,0
DA:166,0
DA:167,0
DA:168,0
DA:169,0
DA:170,0
DA:172,0
DA:173,0
DA:176,0
DA:182,0
DA:187,0
DA:193,0
DA:199,0
DA:232,0
DA:237,0
DA:271,0
LF:70
LH:0
BRDA:31,0,0,0
BRDA:31,0,1,0
BRDA:31,0,2,0
BRDA:31,0,3,0
BRDA:31,0,4,0
BRDA:41,1,0,0
BRDA:41,1,1,0
BRDA:41,1,2,0
BRDA:41,1,3,0
BRDA:41,1,4,0
BRDA:63,2,0,0
BRDA:63,2,1,0
BRDA:64,3,0,0
BRDA:64,3,1,0
BRDA:64,3,2,0
BRDA:65,4,0,0
BRDA:65,4,1,0
BRDA:66,5,0,0
BRDA:66,5,1,0
BRDA:67,6,0,0
BRDA:67,6,1,0
BRDA:69,7,0,0
BRDA:69,7,1,0
BRDA:69,8,0,0
BRDA:69,8,1,0
BRDA:71,9,0,0
BRDA:71,9,1,0
BRDA:72,10,0,0
BRDA:72,10,1,0
BRDA:75,11,0,0
BRDA:75,11,1,0
BRDA:78,12,0,0
BRDA:78,12,1,0
BRDA:82,13,0,0
BRDA:82,13,1,0
BRDA:83,14,0,0
BRDA:83,14,1,0
BRDA:84,15,0,0
BRDA:84,15,1,0
BRDA:85,16,0,0
BRDA:85,16,1,0
BRDA:86,17,0,0
BRDA:86,17,1,0
BRDA:87,18,0,0
BRDA:87,18,1,0
BRDA:141,19,0,0
BRDA:141,19,1,0
BRDA:141,19,2,0
BRDA:141,19,3,0
BRDA:141,19,4,0
BRDA:151,20,0,0
BRDA:151,20,1,0
BRDA:151,20,2,0
BRDA:151,20,3,0
BRDA:151,20,4,0
BRDA:151,20,5,0
BRDA:167,21,0,0
BRDA:167,21,1,0
BRDA:167,22,0,0
BRDA:167,22,1,0
BRDA:168,23,0,0
BRDA:168,23,1,0
BRDA:186,24,0,0
BRDA:186,24,1,0
BRDA:192,25,0,0
BRDA:192,25,1,0
BRDA:198,26,0,0
BRDA:198,26,1,0
BRDA:217,27,0,0
BRDA:217,27,1,0
BRDA:223,28,0,0
BRDA:223,28,1,0
BRDA:229,29,0,0
BRDA:229,29,1,0
BRDA:229,29,2,0
BRDA:235,30,0,0
BRDA:235,30,1,0
BRDA:235,31,0,0
BRDA:235,31,1,0
BRDA:235,32,0,0
BRDA:235,32,1,0
BRDA:239,33,0,0
BRDA:239,33,1,0
BRDA:253,34,0,0
BRDA:253,34,1,0
BRDA:256,35,0,0
BRDA:256,35,1,0
BRF:87
BRH:0
end_of_record
TN:
SF:src/components/EnhancedSidebarPanels.tsx
FN:15,(anonymous_0)
FN:29,(anonymous_1)
FN:33,(anonymous_2)
FN:39,(anonymous_3)
FN:61,(anonymous_4)
FN:67,(anonymous_5)
FN:73,(anonymous_6)
FN:79,(anonymous_7)
FN:113,(anonymous_8)
FN:122,(anonymous_9)
FN:123,(anonymous_10)
FN:144,(anonymous_11)
FN:150,(anonymous_12)
FN:156,(anonymous_13)
FN:192,(anonymous_14)
FN:198,(anonymous_15)
FN:204,(anonymous_16)
FN:215,(anonymous_17)
FN:221,(anonymous_18)
FN:240,(anonymous_19)
FN:253,(anonymous_20)
FN:259,(anonymous_21)
FN:279,(anonymous_22)
FN:298,(anonymous_23)
FN:341,(anonymous_24)
FN:345,(anonymous_25)
FN:351,(anonymous_26)
FN:379,getCreatureEmoji
FN:389,getBuildingEmoji
FNF:29
FNH:0
FNDA:0,(anonymous_0)
FNDA:0,(anonymous_1)
FNDA:0,(anonymous_2)
FNDA:0,(anonymous_3)
FNDA:0,(anonymous_4)
FNDA:0,(anonymous_5)
FNDA:0,(anonymous_6)
FNDA:0,(anonymous_7)
FNDA:0,(anonymous_8)
FNDA:0,(anonymous_9)
FNDA:0,(anonymous_10)
FNDA:0,(anonymous_11)
FNDA:0,(anonymous_12)
FNDA:0,(anonymous_13)
FNDA:0,(anonymous_14)
FNDA:0,(anonymous_15)
FNDA:0,(anonymous_16)
FNDA:0,(anonymous_17)
FNDA:0,(anonymous_18)
FNDA:0,(anonymous_19)
FNDA:0,(anonymous_20)
FNDA:0,(anonymous_21)
FNDA:0,(anonymous_22)
FNDA:0,(anonymous_23)
FNDA:0,(anonymous_24)
FNDA:0,(anonymous_25)
FNDA:0,(anonymous_26)
FNDA:0,getCreatureEmoji
FNDA:0,getBuildingEmoji
DA:15,0
DA:21,0
DA:30,0
DA:33,0
DA:40,0
DA:41,0
DA:61,0
DA:67,0
DA:73,0
DA:79,0
DA:113,0
DA:118,0
DA:119,0
DA:120,0
DA:122,0
DA:123,0
DA:124,0
DA:128,0
DA:129,0
DA:131,0
DA:134,0
DA:144,0
DA:150,0
DA:156,0
DA:192,0
DA:198,0
DA:204,0
DA:216,0
DA:222,0
DA:223,0
DA:240,0
DA:254,0
DA:260,0
DA:261,0
DA:279,0
DA:298,0
DA:302,0
DA:311,0
DA:342,0
DA:345,0
DA:352,0
DA:353,0
DA:380,0
DA:381,0
DA:382,0
DA:383,0
DA:384,0
DA:385,0
DA:386,0
DA:390,0
DA:391,0
DA:392,0
DA:393,0
DA:394,0
LF:54
LH:0
BRDA:31,0,0,0
BRDA:31,0,1,0
BRDA:32,1,0,0
BRDA:32,1,1,0
BRDA:42,2,0,0
BRDA:42,2,1,0
BRDA:48,3,0,0
BRDA:48,3,1,0
BRDA:49,4,0,0
BRDA:49,4,1,0
BRDA:55,5,0,0
BRDA:55,5,1,0
BRDA:89,6,0,0
BRDA:89,6,1,0
BRDA:93,7,0,0
BRDA:93,7,1,0
BRDA:97,8,0,0
BRDA:97,8,1,0
BRDA:143,9,0,0
BRDA:143,9,1,0
BRDA:149,10,0,0
BRDA:149,10,1,0
BRDA:155,11,0,0
BRDA:155,11,1,0
BRDA:163,12,0,0
BRDA:163,12,1,0
BRDA:212,13,0,0
BRDA:212,13,1,0
BRDA:250,14,0,0
BRDA:250,14,1,0
BRDA:318,15,0,0
BRDA:318,15,1,0
BRDA:380,16,0,0
BRDA:380,16,1,0
BRDA:381,17,0,0
BRDA:381,17,1,0
BRDA:382,18,0,0
BRDA:382,18,1,0
BRDA:383,19,0,0
BRDA:383,19,1,0
BRDA:384,20,0,0
BRDA:384,20,1,0
BRDA:385,21,0,0
BRDA:385,21,1,0
BRDA:390,22,0,0
BRDA:390,22,1,0
BRDA:391,23,0,0
BRDA:391,23,1,0
BRDA:392,24,0,0
BRDA:392,24,1,0
BRDA:393,25,0,0
BRDA:393,25,1,0
BRF:52
BRH:0
end_of_record
TN:
SF:src/components/EpicContentViewer.tsx
FN:20,(anonymous_0)
FN:39,(anonymous_1)
FN:45,(anonymous_2)
FN:163,(anonymous_3)
FN:166,(anonymous_4)
FN:217,(anonymous_5)
FN:244,(anonymous_6)
FN:283,(anonymous_7)
FN:310,(anonymous_8)
FN:360,(anonymous_9)
FN:386,(anonymous_10)
FN:426,getCreatureEmoji
FN:436,getHeroEmoji
FN:440,getBuildingEmoji
FNF:14
FNH:0
FNDA:0,(anonymous_0)
FNDA:0,(anonymous_1)
FNDA:0,(anonymous_2)
FNDA:0,(anonymous_3)
FNDA:0,(anonymous_4)
FNDA:0,(anonymous_5)
FNDA:0,(anonymous_6)
FNDA:0,(anonymous_7)
FNDA:0,(anonymous_8)
FNDA:0,(anonymous_9)
FNDA:0,(anonymous_10)
FNDA:0,getCreatureEmoji
FNDA:0,getHeroEmoji
FNDA:0,getBuildingEmoji
DA:20,0
DA:21,0
DA:22,0
DA:23,0
DA:24,0
DA:25,0
DA:26,0
DA:39,0
DA:40,0
DA:41,0
DA:45,0
DA:46,0
DA:47,0
DA:49,0
DA:50,0
DA:53,0
DA:59,0
DA:60,0
DA:61,0
DA:63,0
DA:71,0
DA:73,0
DA:77,0
DA:79,0
DA:164,0
DA:166,0
DA:218,0
DA:245,0
DA:246,0
DA:284,0
DA:311,0
DA:312,0
DA:361,0
DA:387,0
DA:388,0
DA:427,0
DA:428,0
DA:429,0
DA:430,0
DA:431,0
DA:432,0
DA:433,0
DA:437,0
DA:441,0
DA:442,0
DA:443,0
DA:444,0
DA:445,0
LF:48
LH:0
BRDA:40,0,0,0
BRDA:40,0,1,0
BRDA:77,1,0,0
BRDA:77,1,1,0
BRDA:113,2,0,0
BRDA:113,2,1,0
BRDA:114,3,0,0
BRDA:114,3,1,0
BRDA:118,4,0,0
BRDA:118,4,1,0
BRDA:120,5,0,0
BRDA:120,5,1,0
BRDA:168,6,0,0
BRDA:168,6,1,0
BRDA:169,7,0,0
BRDA:169,7,1,0
BRDA:186,8,0,0
BRDA:186,8,1,0
BRDA:194,9,0,0
BRDA:194,9,1,0
BRDA:205,10,0,0
BRDA:205,10,1,0
BRDA:207,11,0,0
BRDA:207,11,1,0
BRDA:210,12,0,0
BRDA:210,12,1,0
BRDA:273,13,0,0
BRDA:273,13,1,0
BRDA:276,14,0,0
BRDA:276,14,1,0
BRDA:350,15,0,0
BRDA:350,15,1,0
BRDA:353,16,0,0
BRDA:353,16,1,0
BRDA:427,17,0,0
BRDA:427,17,1,0
BRDA:428,18,0,0
BRDA:428,18,1,0
BRDA:429,19,0,0
BRDA:429,19,1,0
BRDA:430,20,0,0
BRDA:430,20,1,0
BRDA:431,21,0,0
BRDA:431,21,1,0
BRDA:432,22,0,0
BRDA:432,22,1,0
BRDA:437,23,0,0
BRDA:437,23,1,0
BRDA:441,24,0,0
BRDA:441,24,1,0
BRDA:442,25,0,0
BRDA:442,25,1,0
BRDA:443,26,0,0
BRDA:443,26,1,0
BRDA:444,27,0,0
BRDA:444,27,1,0
BRF:56
BRH:0
end_of_record
TN:
SF:src/components/GameScriptTester.tsx
FN:29,(anonymous_0)
FN:328,(anonymous_1)
FN:336,(anonymous_2)
FN:346,(anonymous_3)
FN:354,(anonymous_4)
FN:361,(anonymous_5)
FN:375,(anonymous_6)
FN:382,(anonymous_7)
FN:400,(anonymous_8)
FN:456,(anonymous_9)
FN:467,(anonymous_10)
FN:474,(anonymous_11)
FN:479,(anonymous_12)
FN:480,(anonymous_13)
FN:484,(anonymous_14)
FN:488,(anonymous_15)
FN:495,(anonymous_16)
FN:502,(anonymous_17)
FN:509,(anonymous_18)
FN:518,(anonymous_19)
FN:528,(anonymous_20)
FN:545,(anonymous_21)
FN:566,(anonymous_22)
FN:570,(anonymous_23)
FN:588,(anonymous_24)
FN:592,(anonymous_25)
FN:603,(anonymous_26)
FN:612,(anonymous_27)
FN:638,(anonymous_28)
FN:660,(anonymous_29)
FN:682,(anonymous_30)
FN:700,(anonymous_31)
FN:706,(anonymous_32)
FNF:33
FNH:0
FNDA:0,(anonymous_0)
FNDA:0,(anonymous_1)
FNDA:0,(anonymous_2)
FNDA:0,(anonymous_3)
FNDA:0,(anonymous_4)
FNDA:0,(anonymous_5)
FNDA:0,(anonymous_6)
FNDA:0,(anonymous_7)
FNDA:0,(anonymous_8)
FNDA:0,(anonymous_9)
FNDA:0,(anonymous_10)
FNDA:0,(anonymous_11)
FNDA:0,(anonymous_12)
FNDA:0,(anonymous_13)
FNDA:0,(anonymous_14)
FNDA:0,(anonymous_15)
FNDA:0,(anonymous_16)
FNDA:0,(anonymous_17)
FNDA:0,(anonymous_18)
FNDA:0,(anonymous_19)
FNDA:0,(anonymous_20)
FNDA:0,(anonymous_21)
FNDA:0,(anonymous_22)
FNDA:0,(anonymous_23)
FNDA:0,(anonymous_24)
FNDA:0,(anonymous_25)
FNDA:0,(anonymous_26)
FNDA:0,(anonymous_27)
FNDA:0,(anonymous_28)
FNDA:0,(anonymous_29)
FNDA:0,(anonymous_30)
FNDA:0,(anonymous_31)
FNDA:0,(anonymous_32)
DA:29,0
DA:30,0
DA:31,0
DA:32,0
DA:33,0
DA:34,0
DA:35,0
DA:36,0
DA:37,0
DA:38,0
DA:39,0
DA:40,0
DA:43,0
DA:59,0
DA:328,0
DA:329,0
DA:330,0
DA:331,0
DA:336,0
DA:337,0
DA:338,0
DA:339,0
DA:340,0
DA:341,0
DA:342,0
DA:343,0
DA:346,0
DA:347,0
DA:348,0
DA:354,0
DA:355,0
DA:356,0
DA:357,0
DA:361,0
DA:362,0
DA:364,0
DA:365,0
DA:366,0
DA:368,0
DA:370,0
DA:372,0
DA:375,0
DA:376,0
DA:378,0
DA:379,0
DA:380,0
DA:381,0
DA:382,0
DA:383,0
DA:386,0
DA:387,0
DA:388,0
DA:389,0
DA:393,0
DA:400,0
DA:401,0
DA:402,0
DA:404,0
DA:405,0
DA:407,0
DA:409,0
DA:410,0
DA:411,0
DA:412,0
DA:413,0
DA:414,0
DA:415,0
DA:416,0
DA:417,0
DA:418,0
DA:419,0
DA:420,0
DA:421,0
DA:422,0
DA:423,0
DA:424,0
DA:425,0
DA:426,0
DA:427,0
DA:428,0
DA:429,0
DA:430,0
DA:431,0
DA:432,0
DA:433,0
DA:434,0
DA:437,0
DA:438,0
DA:442,0
DA:446,0
DA:449,0
DA:456,0
DA:459,0
DA:467,0
DA:469,0
DA:474,0
DA:475,0
DA:479,0
DA:480,0
DA:484,0
DA:485,0
DA:488,0
DA:495,0
DA:502,0
DA:509,0
DA:518,0
DA:519,0
DA:521,0
DA:528,0
DA:545,0
DA:562,0
DA:567,0
DA:570,0
DA:584,0
DA:589,0
DA:592,0
DA:604,0
DA:612,0
DA:623,0
DA:639,0
DA:661,0
DA:673,0
DA:677,0
DA:678,0
DA:682,0
DA:690,0
DA:700,0
DA:706,0
LF:128
LH:0
BRDA:329,0,0,0
BRDA:329,0,1,0
BRDA:338,1,0,0
BRDA:338,1,1,0
BRDA:362,2,0,0
BRDA:362,2,1,0
BRDA:362,3,0,0
BRDA:362,3,1,0
BRDA:375,4,0,0
BRDA:375,4,1,0
BRDA:380,5,0,0
BRDA:380,5,1,0
BRDA:381,6,0,0
BRDA:381,6,1,0
BRDA:386,7,0,0
BRDA:386,7,1,0
BRDA:402,8,0,0
BRDA:402,8,1,0
BRDA:402,9,0,0
BRDA:402,9,1,0
BRDA:409,10,0,0
BRDA:409,10,1,0
BRDA:412,11,0,0
BRDA:412,11,1,0
BRDA:413,12,0,0
BRDA:413,12,1,0
BRDA:415,13,0,0
BRDA:415,13,1,0
BRDA:418,14,0,0
BRDA:418,14,1,0
BRDA:419,15,0,0
BRDA:419,15,1,0
BRDA:421,16,0,0
BRDA:421,16,1,0
BRDA:423,17,0,0
BRDA:423,17,1,0
BRDA:426,18,0,0
BRDA:426,18,1,0
BRDA:430,19,0,0
BRDA:430,19,1,0
BRDA:433,20,0,0
BRDA:433,20,1,0
BRDA:437,21,0,0
BRDA:437,21,1,0
BRDA:463,22,0,0
BRDA:463,22,1,0
BRDA:487,23,0,0
BRDA:487,23,1,0
BRDA:494,24,0,0
BRDA:494,24,1,0
BRDA:501,25,0,0
BRDA:501,25,1,0
BRDA:508,26,0,0
BRDA:508,26,1,0
BRDA:519,27,0,0
BRDA:519,27,1,0
BRDA:519,27,2,0
BRDA:519,27,3,0
BRDA:519,27,4,0
BRDA:535,28,0,0
BRDA:535,28,1,0
BRDA:537,29,0,0
BRDA:537,29,1,0
BRDA:591,30,0,0
BRDA:591,30,1,0
BRDA:594,31,0,0
BRDA:594,31,1,0
BRDA:595,32,0,0
BRDA:595,32,1,0
BRDA:596,33,0,0
BRDA:596,33,1,0
BRDA:597,34,0,0
BRDA:597,34,1,0
BRDA:598,35,0,0
BRDA:598,35,1,0
BRDA:632,36,0,0
BRDA:632,36,1,0
BRDA:642,37,0,0
BRDA:642,37,1,0
BRDA:643,38,0,0
BRDA:643,38,1,0
BRDA:646,39,0,0
BRDA:646,39,1,0
BRDA:651,40,0,0
BRDA:651,40,1,0
BRDA:657,41,0,0
BRDA:657,41,1,0
BRDA:677,42,0,0
BRDA:677,42,1,0
BRDA:691,43,0,0
BRDA:691,43,1,0
BRDA:708,44,0,0
BRDA:708,44,1,0
BRDA:721,45,0,0
BRDA:721,45,1,0
BRDA:722,46,0,0
BRDA:722,46,1,0
BRDA:723,47,0,0
BRDA:723,47,1,0
BRF:99
BRH:0
end_of_record
TN:
SF:src/components/GoldorakEasterEgg.tsx
FN:9,(anonymous_0)
FN:13,(anonymous_1)
FN:24,(anonymous_2)
FN:34,(anonymous_3)
FN:37,(anonymous_4)
FN:44,(anonymous_5)
FN:55,(anonymous_6)
FN:72,(anonymous_7)
FN:101,(anonymous_8)
FNF:9
FNH:0
FNDA:0,(anonymous_0)
FNDA:0,(anonymous_1)
FNDA:0,(anonymous_2)
FNDA:0,(anonymous_3)
FNDA:0,(anonymous_4)
FNDA:0,(anonymous_5)
FNDA:0,(anonymous_6)
FNDA:0,(anonymous_7)
FNDA:0,(anonymous_8)
DA:9,0
DA:10,0
DA:11,0
DA:13,0
DA:14,0
DA:16,0
DA:23,0
DA:24,0
DA:25,0
DA:26,0
DA:27,0
DA:28,0
DA:30,0
DA:34,0
DA:37,0
DA:38,0
DA:45,0
DA:55,0
DA:56,0
DA:72,0
DA:73,0
DA:101,0
DA:102,0
DA:114,0
DA:116,0
LF:25
LH:0
BRDA:14,0,0,0
BRDA:14,0,1,0
BRDA:25,1,0,0
BRDA:25,1,1,0
BRDA:32,2,0,0
BRDA:32,2,1,0
BRDA:114,3,0,0
BRDA:114,3,1,0
BRDA:124,4,0,0
BRDA:124,4,1,0
BRDA:125,5,0,0
BRDA:125,5,1,0
BRDA:126,6,0,0
BRDA:126,6,1,0
BRDA:127,7,0,0
BRDA:127,7,1,0
BRDA:138,8,0,0
BRDA:138,8,1,0
BRDA:139,9,0,0
BRDA:139,9,1,0
BRF:20
BRH:0
end_of_record
TN:
SF:src/components/HeroPortrait.tsx
FN:20,(anonymous_0)
FN:36,(anonymous_1)
FN:46,(anonymous_2)
FN:47,(anonymous_3)
FN:70,(anonymous_4)
FN:77,(anonymous_5)
FN:83,(anonymous_6)
FN:116,(anonymous_7)
FN:122,(anonymous_8)
FN:203,(anonymous_9)
FN:230,(anonymous_10)
FN:234,(anonymous_11)
FN:238,(anonymous_12)
FNF:13
FNH:0
FNDA:0,(anonymous_0)
FNDA:0,(anonymous_1)
FNDA:0,(anonymous_2)
FNDA:0,(anonymous_3)
FNDA:0,(anonymous_4)
FNDA:0,(anonymous_5)
FNDA:0,(anonymous_6)
FNDA:0,(anonymous_7)
FNDA:0,(anonymous_8)
FNDA:0,(anonymous_9)
FNDA:0,(anonymous_10)
FNDA:0,(anonymous_11)
FNDA:0,(anonymous_12)
DA:20,0
DA:30,0
DA:31,0
DA:32,0
DA:33,0
DA:36,0
DA:37,0
DA:42,0
DA:46,0
DA:47,0
DA:48,0
DA:50,0
DA:51,0
DA:52,0
DA:54,0
DA:55,0
DA:58,0
DA:59,0
DA:61,0
DA:62,0
DA:66,0
DA:70,0
DA:71,0
DA:72,0
DA:77,0
DA:78,0
DA:79,0
DA:83,0
DA:84,0
DA:85,0
DA:89,0
DA:95,0
DA:97,0
DA:117,0
DA:118,0
DA:119,0
DA:123,0
DA:124,0
DA:125,0
DA:203,0
DA:204,0
DA:221,0
DA:230,0
DA:231,0
DA:234,0
DA:235,0
DA:238,0
DA:239,0
DA:243,0
DA:263,0
DA:264,0
DA:265,0
DA:266,0
LF:53
LH:0
BRDA:24,0,0,0
BRDA:25,1,0,0
BRDA:26,2,0,0
BRDA:28,3,0,0
BRDA:50,4,0,0
BRDA:50,4,1,0
BRDA:61,5,0,0
BRDA:61,5,1,0
BRDA:71,6,0,0
BRDA:71,6,1,0
BRDA:95,7,0,0
BRDA:95,7,1,0
BRDA:95,8,0,0
BRDA:95,8,1,0
BRDA:103,9,0,0
BRDA:103,9,1,0
BRDA:115,10,0,0
BRDA:115,10,1,0
BRDA:117,11,0,0
BRDA:117,11,1,0
BRDA:123,12,0,0
BRDA:123,12,1,0
BRDA:130,13,0,0
BRDA:130,13,1,0
BRDA:130,13,2,0
BRDA:138,14,0,0
BRDA:138,14,1,0
BRDA:147,15,0,0
BRDA:147,15,1,0
BRDA:155,16,0,0
BRDA:155,16,1,0
BRDA:155,17,0,0
BRDA:155,17,1,0
BRDA:165,18,0,0
BRDA:165,18,1,0
BRDA:165,18,2,0
BRDA:183,19,0,0
BRDA:183,19,1,0
BRDA:221,20,0,0
BRDA:221,20,1,0
BRDA:263,21,0,0
BRDA:263,21,1,0
BRF:42
BRH:0
end_of_record
TN:
SF:src/components/HexagonalTerrainRenderer.tsx
FN:9,(anonymous_0)
FN:19,(anonymous_1)
FN:26,(anonymous_2)
FN:48,(anonymous_3)
FN:61,(anonymous_4)
FN:110,(anonymous_5)
FNF:6
FNH:0
FNDA:0,(anonymous_0)
FNDA:0,(anonymous_1)
FNDA:0,(anonymous_2)
FNDA:0,(anonymous_3)
FNDA:0,(anonymous_4)
FNDA:0,(anonymous_5)
DA:9,0
DA:10,0
DA:11,0
DA:14,0
DA:15,0
DA:16,0
DA:19,0
DA:20,0
DA:21,0
DA:22,0
DA:26,0
DA:27,0
DA:28,0
DA:29,0
DA:30,0
DA:31,0
DA:32,0
DA:33,0
DA:35,0
DA:38,0
DA:40,0
DA:41,0
DA:42,0
DA:43,0
DA:44,0
DA:48,0
DA:49,0
DA:57,0
DA:61,0
DA:62,0
DA:64,0
DA:65,0
DA:66,0
DA:69,0
DA:72,0
DA:73,0
DA:76,0
DA:77,0
DA:79,0
DA:80,0
DA:81,0
DA:82,0
DA:84,0
DA:87,0
DA:89,0
DA:92,0
DA:93,0
DA:98,0
DA:99,0
DA:101,0
DA:102,0
DA:103,0
DA:104,0
DA:110,0
DA:111,0
DA:114,0
LF:56
LH:0
BRDA:26,0,0,0
BRDA:32,1,0,0
BRDA:32,1,1,0
BRDA:57,2,0,0
BRDA:57,2,1,0
BRDA:62,3,0,0
BRDA:62,3,1,0
BRDA:62,4,0,0
BRDA:62,4,1,0
BRDA:62,4,2,0
BRDA:66,5,0,0
BRDA:66,5,1,0
BRDA:82,6,0,0
BRDA:82,6,1,0
BRDA:87,7,0,0
BRDA:87,7,1,0
BRDA:87,8,0,0
BRDA:87,8,1,0
BRDA:87,8,2,0
BRDA:87,8,3,0
BRF:20
BRH:0
end_of_record
TN:
SF:src/components/HexagonalTestPage.tsx
FN:4,(anonymous_0)
FNF:1
FNH:0
FNDA:0,(anonymous_0)
DA:4,0
DA:5,0
LF:2
LH:0
BRF:0
BRH:0
end_of_record
TN:
SF:src/components/InterfaceTestPage.tsx
FN:21,(anonymous_0)
FN:207,(anonymous_1)
FN:208,(anonymous_2)
FN:214,(anonymous_3)
FN:216,(anonymous_4)
FN:217,(anonymous_5)
FN:233,(anonymous_6)
FN:241,(anonymous_7)
FN:248,(anonymous_8)
FN:262,(anonymous_9)
FNF:10
FNH:0
FNDA:0,(anonymous_0)
FNDA:0,(anonymous_1)
FNDA:0,(anonymous_2)
FNDA:0,(anonymous_3)
FNDA:0,(anonymous_4)
FNDA:0,(anonymous_5)
FNDA:0,(anonymous_6)
FNDA:0,(anonymous_7)
FNDA:0,(anonymous_8)
FNDA:0,(anonymous_9)
DA:21,0
DA:22,0
DA:25,0
DA:32,0
DA:207,0
DA:208,0
DA:214,0
DA:215,0
DA:216,0
DA:217,0
DA:219,0
DA:220,0
DA:221,0
DA:225,0
DA:234,0
DA:242,0
DA:248,0
DA:262,0
LF:18
LH:0
BRDA:219,0,0,0
BRDA:219,0,1,0
BRDA:219,1,0,0
BRDA:219,1,1,0
BRF:4
BRH:0
end_of_record
TN:
SF:src/components/ModernGameRenderer.tsx
FN:29,(anonymous_0)
FN:58,(anonymous_1)
FN:86,(anonymous_2)
FN:94,(anonymous_3)
FN:103,(anonymous_4)
FN:110,(anonymous_5)
FN:117,(anonymous_6)
FN:138,(anonymous_7)
FN:161,(anonymous_8)
FN:169,(anonymous_9)
FN:188,(anonymous_10)
FN:240,(anonymous_11)
FN:241,(anonymous_12)
FN:263,(anonymous_13)
FN:264,(anonymous_14)
FN:285,(anonymous_15)
FN:286,(anonymous_16)
FN:305,(anonymous_17)
FN:306,(anonymous_18)
FN:316,(anonymous_19)
FN:317,(anonymous_20)
FN:327,(anonymous_21)
FN:357,(anonymous_22)
FN:372,(anonymous_23)
FN:386,(anonymous_24)
FN:394,(anonymous_25)
FN:399,(anonymous_26)
FNF:27
FNH:0
FNDA:0,(anonymous_0)
FNDA:0,(anonymous_1)
FNDA:0,(anonymous_2)
FNDA:0,(anonymous_3)
FNDA:0,(anonymous_4)
FNDA:0,(anonymous_5)
FNDA:0,(anonymous_6)
FNDA:0,(anonymous_7)
FNDA:0,(anonymous_8)
FNDA:0,(anonymous_9)
FNDA:0,(anonymous_10)
FNDA:0,(anonymous_11)
FNDA:0,(anonymous_12)
FNDA:0,(anonymous_13)
FNDA:0,(anonymous_14)
FNDA:0,(anonymous_15)
FNDA:0,(anonymous_16)
FNDA:0,(anonymous_17)
FNDA:0,(anonymous_18)
FNDA:0,(anonymous_19)
FNDA:0,(anonymous_20)
FNDA:0,(anonymous_21)
FNDA:0,(anonymous_22)
FNDA:0,(anonymous_23)
FNDA:0,(anonymous_24)
FNDA:0,(anonymous_25)
FNDA:0,(anonymous_26)
DA:29,0
DA:47,0
DA:48,0
DA:51,0
DA:52,0
DA:53,0
DA:54,0
DA:55,0
DA:58,0
DA:59,0
DA:61,0
DA:62,0
DA:63,0
DA:64,0
DA:65,0
DA:66,0
DA:82,0
DA:86,0
DA:87,0
DA:89,0
DA:90,0
DA:93,0
DA:94,0
DA:95,0
DA:96,0
DA:97,0
DA:98,0
DA:103,0
DA:104,0
DA:105,0
DA:106,0
DA:110,0
DA:111,0
DA:112,0
DA:113,0
DA:117,0
DA:118,0
DA:119,0
DA:120,0
DA:121,0
DA:122,0
DA:123,0
DA:124,0
DA:126,0
DA:129,0
DA:130,0
DA:131,0
DA:132,0
DA:133,0
DA:134,0
DA:138,0
DA:139,0
DA:141,0
DA:142,0
DA:145,0
DA:146,0
DA:147,0
DA:148,0
DA:149,0
DA:150,0
DA:151,0
DA:154,0
DA:155,0
DA:156,0
DA:157,0
DA:161,0
DA:162,0
DA:164,0
DA:165,0
DA:166,0
DA:167,0
DA:169,0
DA:170,0
DA:171,0
DA:172,0
DA:174,0
DA:175,0
DA:176,0
DA:180,0
DA:181,0
DA:182,0
DA:183,0
DA:188,0
DA:189,0
DA:190,0
DA:193,0
DA:195,0
DA:197,0
DA:206,0
DA:207,0
DA:208,0
DA:209,0
DA:210,0
DA:222,0
DA:223,0
DA:227,0
DA:230,0
DA:233,0
DA:234,0
DA:240,0
DA:241,0
DA:242,0
DA:245,0
DA:246,0
DA:247,0
DA:248,0
DA:249,0
DA:250,0
DA:251,0
DA:252,0
DA:255,0
DA:256,0
DA:257,0
DA:258,0
DA:263,0
DA:264,0
DA:265,0
DA:268,0
DA:269,0
DA:270,0
DA:271,0
DA:272,0
DA:273,0
DA:274,0
DA:277,0
DA:278,0
DA:279,0
DA:280,0
DA:285,0
DA:286,0
DA:287,0
DA:290,0
DA:291,0
DA:292,0
DA:293,0
DA:294,0
DA:297,0
DA:298,0
DA:299,0
DA:300,0
DA:305,0
DA:306,0
DA:307,0
DA:308,0
DA:309,0
DA:310,0
DA:311,0
DA:316,0
DA:317,0
DA:318,0
DA:319,0
DA:320,0
DA:321,0
DA:322,0
DA:327,0
DA:328,0
DA:329,0
DA:331,0
DA:332,0
DA:335,0
DA:338,0
DA:339,0
DA:340,0
DA:341,0
DA:344,0
DA:347,0
DA:348,0
DA:349,0
DA:350,0
DA:351,0
DA:353,0
DA:357,0
DA:358,0
DA:359,0
DA:361,0
DA:362,0
DA:363,0
DA:366,0
DA:367,0
DA:369,0
DA:372,0
DA:373,0
DA:374,0
DA:375,0
DA:378,0
DA:379,0
DA:380,0
DA:381,0
DA:386,0
DA:387,0
DA:388,0
DA:389,0
DA:390,0
DA:394,0
DA:399,0
DA:400,0
DA:403,0
DA:420,0
LF:198
LH:0
BRDA:31,0,0,0
BRDA:32,1,0,0
BRDA:33,2,0,0
BRDA:35,3,0,0
BRDA:36,4,0,0
BRDA:39,5,0,0
BRDA:40,6,0,0
BRDA:42,7,0,0
BRDA:43,8,0,0
BRDA:44,9,0,0
BRDA:45,10,0,0
BRDA:59,11,0,0
BRDA:59,11,1,0
BRDA:65,12,0,0
BRDA:65,12,1,0
BRDA:69,13,0,0
BRDA:69,13,1,0
BRDA:70,14,0,0
BRDA:70,14,1,0
BRDA:71,15,0,0
BRDA:71,15,1,0
BRDA:72,16,0,0
BRDA:72,16,1,0
BRDA:73,17,0,0
BRDA:73,17,1,0
BRDA:74,18,0,0
BRDA:74,18,1,0
BRDA:75,19,0,0
BRDA:75,19,1,0
BRDA:76,20,0,0
BRDA:76,20,1,0
BRDA:77,21,0,0
BRDA:77,21,1,0
BRDA:87,22,0,0
BRDA:87,22,1,0
BRDA:89,23,0,0
BRDA:89,23,1,0
BRDA:90,24,0,0
BRDA:90,24,1,0
BRDA:117,25,0,0
BRDA:123,26,0,0
BRDA:123,26,1,0
BRDA:139,27,0,0
BRDA:139,27,1,0
BRDA:162,28,0,0
BRDA:162,28,1,0
BRDA:162,29,0,0
BRDA:162,29,1,0
BRDA:162,29,2,0
BRDA:195,30,0,0
BRDA:195,30,1,0
BRDA:206,31,0,0
BRDA:206,31,1,0
BRDA:209,32,0,0
BRDA:209,32,1,0
BRDA:233,33,0,0
BRDA:233,33,1,0
BRDA:248,34,0,0
BRDA:248,34,1,0
BRDA:250,35,0,0
BRDA:250,35,1,0
BRDA:329,36,0,0
BRDA:329,36,1,0
BRDA:332,37,0,0
BRDA:332,37,1,0
BRDA:359,38,0,0
BRDA:359,38,1,0
BRDA:378,39,0,0
BRDA:378,39,1,0
BRDA:378,40,0,0
BRDA:378,40,1,0
BRDA:380,41,0,0
BRDA:380,41,1,0
BRF:73
BRH:0
end_of_record
TN:
SF:src/components/MultiplayerSessionManager.tsx
FN:21,(anonymous_0)
FN:40,(anonymous_1)
FN:43,(anonymous_2)
FN:49,(anonymous_3)
FN:61,(anonymous_4)
FN:62,(anonymous_5)
FN:87,(anonymous_6)
FN:95,(anonymous_7)
FN:124,(anonymous_8)
FN:129,(anonymous_9)
FN:133,(anonymous_10)
FN:136,(anonymous_11)
FN:175,(anonymous_12)
FN:191,(anonymous_13)
FN:214,(anonymous_14)
FN:232,(anonymous_15)
FN:256,(anonymous_16)
FN:264,(anonymous_17)
FN:376,(anonymous_18)
FN:416,(anonymous_19)
FN:437,(anonymous_20)
FN:461,(anonymous_21)
FN:486,(anonymous_22)
FN:501,(anonymous_23)
FN:549,(anonymous_24)
FN:621,(anonymous_25)
FN:637,(anonymous_26)
FN:678,(anonymous_27)
FN:707,(anonymous_28)
FN:714,(anonymous_29)
FNF:30
FNH:0
FNDA:0,(anonymous_0)
FNDA:0,(anonymous_1)
FNDA:0,(anonymous_2)
FNDA:0,(anonymous_3)
FNDA:0,(anonymous_4)
FNDA:0,(anonymous_5)
FNDA:0,(anonymous_6)
FNDA:0,(anonymous_7)
FNDA:0,(anonymous_8)
FNDA:0,(anonymous_9)
FNDA:0,(anonymous_10)
FNDA:0,(anonymous_11)
FNDA:0,(anonymous_12)
FNDA:0,(anonymous_13)
FNDA:0,(anonymous_14)
FNDA:0,(anonymous_15)
FNDA:0,(anonymous_16)
FNDA:0,(anonymous_17)
FNDA:0,(anonymous_18)
FNDA:0,(anonymous_19)
FNDA:0,(anonymous_20)
FNDA:0,(anonymous_21)
FNDA:0,(anonymous_22)
FNDA:0,(anonymous_23)
FNDA:0,(anonymous_24)
FNDA:0,(anonymous_25)
FNDA:0,(anonymous_26)
FNDA:0,(anonymous_27)
FNDA:0,(anonymous_28)
FNDA:0,(anonymous_29)
DA:21,0
DA:25,0
DA:26,0
DA:27,0
DA:28,0
DA:29,0
DA:30,0
DA:31,0
DA:32,0
DA:33,0
DA:34,0
DA:37,0
DA:40,0
DA:41,0
DA:43,0
DA:44,0
DA:49,0
DA:50,0
DA:51,0
DA:52,0
DA:53,0
DA:55,0
DA:56,0
DA:61,0
DA:62,0
DA:63,0
DA:64,0
DA:65,0
DA:68,0
DA:69,0
DA:72,0
DA:73,0
DA:74,0
DA:75,0
DA:77,0
DA:78,0
DA:83,0
DA:84,0
DA:87,0
DA:88,0
DA:89,0
DA:90,0
DA:92,0
DA:95,0
DA:96,0
DA:97,0
DA:99,0
DA:103,0
DA:104,0
DA:105,0
DA:106,0
DA:107,0
DA:108,0
DA:111,0
DA:115,0
DA:117,0
DA:118,0
DA:124,0
DA:125,0
DA:129,0
DA:130,0
DA:132,0
DA:133,0
DA:136,0
DA:137,0
DA:138,0
DA:139,0
DA:142,0
DA:143,0
DA:146,0
DA:149,0
DA:150,0
DA:151,0
DA:154,0
DA:161,0
DA:164,0
DA:166,0
DA:167,0
DA:168,0
DA:169,0
DA:172,0
DA:175,0
DA:176,0
DA:177,0
DA:179,0
DA:184,0
DA:185,0
DA:187,0
DA:191,0
DA:192,0
DA:193,0
DA:194,0
DA:197,0
DA:198,0
DA:199,0
DA:202,0
DA:203,0
DA:204,0
DA:206,0
DA:207,0
DA:210,0
DA:211,0
DA:214,0
DA:215,0
DA:222,0
DA:223,0
DA:226,0
DA:228,0
DA:232,0
DA:233,0
DA:234,0
DA:235,0
DA:238,0
DA:239,0
DA:240,0
DA:242,0
DA:243,0
DA:246,0
DA:249,0
DA:250,0
DA:252,0
DA:256,0
DA:257,0
DA:258,0
DA:259,0
DA:263,0
DA:264,0
DA:266,0
DA:356,0
DA:357,0
DA:376,0
DA:416,0
DA:437,0
DA:461,0
DA:486,0
DA:501,0
DA:549,0
DA:568,0
DA:621,0
DA:637,0
DA:679,0
DA:707,0
DA:714,0
LF:143
LH:0
BRDA:53,0,0,0
BRDA:53,0,1,0
BRDA:75,1,0,0
BRDA:75,1,1,0
BRDA:87,2,0,0
BRDA:89,3,0,0
BRDA:89,3,1,0
BRDA:96,4,0,0
BRDA:96,4,1,0
BRDA:103,5,0,0
BRDA:103,5,1,0
BRDA:103,6,0,0
BRDA:103,6,1,0
BRDA:106,7,0,0
BRDA:106,7,1,0
BRDA:106,8,0,0
BRDA:106,8,1,0
BRDA:117,9,0,0
BRDA:117,9,1,0
BRDA:137,10,0,0
BRDA:137,10,1,0
BRDA:137,11,0,0
BRDA:137,11,1,0
BRDA:149,12,0,0
BRDA:149,12,1,0
BRDA:164,13,0,0
BRDA:164,13,1,0
BRDA:176,14,0,0
BRDA:176,14,1,0
BRDA:185,15,0,0
BRDA:185,15,1,0
BRDA:192,16,0,0
BRDA:192,16,1,0
BRDA:192,17,0,0
BRDA:192,17,1,0
BRDA:197,18,0,0
BRDA:197,18,1,0
BRDA:197,19,0,0
BRDA:197,19,1,0
BRDA:197,19,2,0
BRDA:223,20,0,0
BRDA:223,20,1,0
BRDA:233,21,0,0
BRDA:233,21,1,0
BRDA:250,22,0,0
BRDA:250,22,1,0
BRDA:263,23,0,0
BRDA:263,23,1,0
BRDA:263,24,0,0
BRDA:263,24,1,0
BRDA:284,25,0,0
BRDA:284,25,1,0
BRDA:291,26,0,0
BRDA:291,26,1,0
BRDA:291,27,0,0
BRDA:291,27,1,0
BRDA:295,28,0,0
BRDA:295,28,1,0
BRDA:312,29,0,0
BRDA:312,29,1,0
BRDA:312,29,2,0
BRDA:316,30,0,0
BRDA:316,30,1,0
BRDA:316,31,0,0
BRDA:316,31,1,0
BRDA:316,31,2,0
BRDA:317,32,0,0
BRDA:317,32,1,0
BRDA:317,33,0,0
BRDA:317,33,1,0
BRDA:317,33,2,0
BRDA:321,34,0,0
BRDA:321,34,1,0
BRDA:321,35,0,0
BRDA:321,35,1,0
BRDA:321,35,2,0
BRDA:324,36,0,0
BRDA:324,36,1,0
BRDA:342,37,0,0
BRDA:342,37,1,0
BRDA:342,37,2,0
BRDA:356,38,0,0
BRDA:356,38,1,0
BRDA:490,39,0,0
BRDA:490,39,1,0
BRDA:491,40,0,0
BRDA:491,40,1,0
BRDA:492,41,0,0
BRDA:492,41,1,0
BRDA:506,42,0,0
BRDA:506,42,1,0
BRDA:507,43,0,0
BRDA:507,43,1,0
BRDA:508,44,0,0
BRDA:508,44,1,0
BRDA:509,45,0,0
BRDA:509,45,1,0
BRDA:511,46,0,0
BRDA:511,46,1,0
BRDA:512,47,0,0
BRDA:512,47,1,0
BRDA:524,48,0,0
BRDA:524,48,1,0
BRDA:534,49,0,0
BRDA:534,49,1,0
BRDA:534,49,2,0
BRDA:539,50,0,0
BRDA:539,50,1,0
BRDA:539,51,0,0
BRDA:539,51,1,0
BRDA:539,51,2,0
BRDA:540,52,0,0
BRDA:540,52,1,0
BRDA:540,53,0,0
BRDA:540,53,1,0
BRDA:540,53,2,0
BRDA:543,54,0,0
BRDA:543,54,1,0
BRDA:543,55,0,0
BRDA:543,55,1,0
BRDA:543,55,2,0
BRDA:546,56,0,0
BRDA:546,56,1,0
BRDA:616,57,0,0
BRDA:616,57,1,0
BRDA:625,58,0,0
BRDA:625,58,1,0
BRDA:626,59,0,0
BRDA:626,59,1,0
BRDA:629,60,0,0
BRDA:629,60,1,0
BRDA:634,61,0,0
BRDA:634,61,1,0
BRDA:642,62,0,0
BRDA:642,62,1,0
BRDA:643,63,0,0
BRDA:643,63,1,0
BRDA:646,64,0,0
BRDA:646,64,1,0
BRDA:656,65,0,0
BRDA:656,65,1,0
BRDA:666,66,0,0
BRDA:666,66,1,0
BRDA:666,67,0,0
BRDA:666,67,1,0
BRDA:694,68,0,0
BRDA:694,68,1,0
BRDA:694,69,0,0
BRDA:694,69,1,0
BRDA:694,70,0,0
BRDA:694,70,1,0
BRDA:696,71,0,0
BRDA:696,71,1,0
BRDA:696,71,2,0
BRDA:715,72,0,0
BRDA:715,72,1,0
BRDA:719,73,0,0
BRDA:719,73,1,0
BRDA:719,74,0,0
BRDA:719,74,1,0
BRDA:720,75,0,0
BRDA:720,75,1,0
BRDA:720,76,0,0
BRDA:720,76,1,0
BRDA:723,77,0,0
BRDA:723,77,1,0
BRDA:723,78,0,0
BRDA:723,78,1,0
BRDA:726,79,0,0
BRDA:726,79,1,0
BRF:170
BRH:0
end_of_record
TN:
SF:src/components/OfflineAvatarTest.tsx
FN:5,(anonymous_0)
FN:12,(anonymous_1)
FN:16,(anonymous_2)
FN:29,(anonymous_3)
FN:40,(anonymous_4)
FN:44,(anonymous_5)
FN:48,(anonymous_6)
FN:56,(anonymous_7)
FN:89,(anonymous_8)
FN:98,(anonymous_9)
FN:108,(anonymous_10)
FN:114,(anonymous_11)
FNF:12
FNH:0
FNDA:0,(anonymous_0)
FNDA:0,(anonymous_1)
FNDA:0,(anonymous_2)
FNDA:0,(anonymous_3)
FNDA:0,(anonymous_4)
FNDA:0,(anonymous_5)
FNDA:0,(anonymous_6)
FNDA:0,(anonymous_7)
FNDA:0,(anonymous_8)
FNDA:0,(anonymous_9)
FNDA:0,(anonymous_10)
FNDA:0,(anonymous_11)
DA:5,0
DA:6,0
DA:7,0
DA:8,0
DA:10,0
DA:12,0
DA:13,0
DA:14,0
DA:15,0
DA:16,0
DA:20,0
DA:21,0
DA:23,0
DA:25,0
DA:29,0
DA:30,0
DA:31,0
DA:32,0
DA:33,0
DA:34,0
DA:35,0
DA:36,0
DA:37,0
DA:40,0
DA:41,0
DA:44,0
DA:45,0
DA:48,0
DA:49,0
DA:50,0
DA:52,0
DA:56,0
DA:57,0
DA:60,0
DA:90,0
DA:99,0
DA:100,0
DA:108,0
DA:114,0
LF:39
LH:0
BRDA:49,0,0,0
BRDA:49,0,1,0
BRDA:66,1,0,0
BRDA:66,1,1,0
BRDA:79,2,0,0
BRDA:79,2,1,0
BRDA:92,3,0,0
BRDA:92,3,1,0
BRDA:104,4,0,0
BRDA:104,4,1,0
BRDA:105,5,0,0
BRDA:105,5,1,0
BRF:12
BRH:0
end_of_record
TN:
SF:src/components/OrganicTerrainRenderer.tsx
FN:48,(anonymous_0)
FN:63,(anonymous_1)
FN:68,(anonymous_2)
FN:73,(anonymous_3)
FN:112,(anonymous_4)
FN:114,(anonymous_5)
FN:123,(anonymous_6)
FN:124,(anonymous_7)
FN:133,(anonymous_8)
FN:139,(anonymous_9)
FN:165,(anonymous_10)
FN:187,(anonymous_11)
FN:246,(anonymous_12)
FN:254,(anonymous_13)
FN:275,(anonymous_14)
FN:297,(anonymous_15)
FN:300,(anonymous_16)
FN:315,(anonymous_17)
FN:316,(anonymous_18)
FN:317,(anonymous_19)
FN:325,(anonymous_20)
FN:365,(anonymous_21)
FN:372,(anonymous_22)
FN:377,(anonymous_23)
FN:379,(anonymous_24)
FN:385,(anonymous_25)
FN:391,(anonymous_26)
FN:401,(anonymous_27)
FN:408,(anonymous_28)
FN:424,(anonymous_29)
FNF:30
FNH:0
FNDA:0,(anonymous_0)
FNDA:0,(anonymous_1)
FNDA:0,(anonymous_2)
FNDA:0,(anonymous_3)
FNDA:0,(anonymous_4)
FNDA:0,(anonymous_5)
FNDA:0,(anonymous_6)
FNDA:0,(anonymous_7)
FNDA:0,(anonymous_8)
FNDA:0,(anonymous_9)
FNDA:0,(anonymous_10)
FNDA:0,(anonymous_11)
FNDA:0,(anonymous_12)
FNDA:0,(anonymous_13)
FNDA:0,(anonymous_14)
FNDA:0,(anonymous_15)
FNDA:0,(anonymous_16)
FNDA:0,(anonymous_17)
FNDA:0,(anonymous_18)
FNDA:0,(anonymous_19)
FNDA:0,(anonymous_20)
FNDA:0,(anonymous_21)
FNDA:0,(anonymous_22)
FNDA:0,(anonymous_23)
FNDA:0,(anonymous_24)
FNDA:0,(anonymous_25)
FNDA:0,(anonymous_26)
FNDA:0,(anonymous_27)
FNDA:0,(anonymous_28)
FNDA:0,(anonymous_29)
DA:21,0
DA:22,0
DA:23,0
DA:26,0
DA:40,0
DA:48,0
DA:55,0
DA:56,0
DA:57,0
DA:58,0
DA:59,0
DA:60,0
DA:63,0
DA:64,0
DA:66,0
DA:68,0
DA:69,0
DA:73,0
DA:74,0
DA:76,0
DA:86,0
DA:87,0
DA:90,0
DA:93,0
DA:94,0
DA:95,0
DA:98,0
DA:101,0
DA:104,0
DA:106,0
DA:108,0
DA:112,0
DA:114,0
DA:115,0
DA:116,0
DA:117,0
DA:122,0
DA:123,0
DA:124,0
DA:125,0
DA:126,0
DA:127,0
DA:133,0
DA:134,0
DA:135,0
DA:139,0
DA:140,0
DA:141,0
DA:144,0
DA:147,0
DA:148,0
DA:149,0
DA:152,0
DA:155,0
DA:156,0
DA:162,0
DA:165,0
DA:166,0
DA:167,0
DA:168,0
DA:171,0
DA:172,0
DA:175,0
DA:176,0
DA:178,0
DA:179,0
DA:181,0
DA:184,0
DA:187,0
DA:188,0
DA:189,0
DA:192,0
DA:194,0
DA:197,0
DA:198,0
DA:199,0
DA:200,0
DA:201,0
DA:203,0
DA:204,0
DA:205,0
DA:207,0
DA:211,0
DA:212,0
DA:213,0
DA:214,0
DA:215,0
DA:216,0
DA:222,0
DA:226,0
DA:227,0
DA:233,0
DA:234,0
DA:235,0
DA:239,0
DA:240,0
DA:241,0
DA:242,0
DA:246,0
DA:247,0
DA:248,0
DA:249,0
DA:250,0
DA:251,0
DA:254,0
DA:255,0
DA:256,0
DA:258,0
DA:259,0
DA:262,0
DA:264,0
DA:265,0
DA:266,0
DA:272,0
DA:275,0
DA:276,0
DA:277,0
DA:279,0
DA:281,0
DA:284,0
DA:285,0
DA:286,0
DA:289,0
DA:290,0
DA:291,0
DA:294,0
DA:297,0
DA:298,0
DA:300,0
DA:301,0
DA:304,0
DA:305,0
DA:306,0
DA:308,0
DA:309,0
DA:310,0
DA:311,0
DA:314,0
DA:315,0
DA:316,0
DA:317,0
DA:319,0
DA:322,0
DA:323,0
DA:325,0
DA:326,0
DA:327,0
DA:328,0
DA:330,0
DA:331,0
DA:332,0
DA:333,0
DA:334,0
DA:335,0
DA:341,0
DA:342,0
DA:343,0
DA:344,0
DA:345,0
DA:346,0
DA:347,0
DA:348,0
DA:349,0
DA:350,0
DA:355,0
DA:365,0
DA:372,0
DA:377,0
DA:378,0
DA:379,0
DA:380,0
DA:382,0
DA:385,0
DA:386,0
DA:387,0
DA:391,0
DA:392,0
DA:393,0
DA:394,0
DA:398,0
DA:401,0
DA:402,0
DA:403,0
DA:404,0
DA:405,0
DA:408,0
DA:409,0
DA:410,0
DA:411,0
DA:413,0
DA:414,0
DA:415,0
DA:417,0
DA:418,0
DA:419,0
DA:421,0
DA:424,0
DA:425,0
DA:426,0
DA:427,0
DA:430,0
DA:431,0
DA:432,0
DA:435,0
LF:204
LH:0
BRDA:64,0,0,0
BRDA:64,0,1,0
BRDA:64,1,0,0
BRDA:64,1,1,0
BRDA:81,2,0,0
BRDA:81,2,1,0
BRDA:86,3,0,0
BRDA:86,3,1,0
BRDA:125,4,0,0
BRDA:125,4,1,0
BRDA:194,5,0,0
BRDA:194,5,1,0
BRDA:194,5,2,0
BRDA:194,5,3,0
BRDA:281,6,0,0
BRDA:281,6,1,0
BRDA:308,7,0,0
BRDA:308,7,1,0
BRDA:326,8,0,0
BRDA:326,8,1,0
BRDA:330,9,0,0
BRDA:330,9,1,0
BRDA:342,10,0,0
BRDA:342,10,1,0
BRDA:344,11,0,0
BRDA:344,11,1,0
BRDA:393,12,0,0
BRDA:393,12,1,0
BRDA:425,13,0,0
BRDA:425,13,1,0
BRDA:446,14,0,0
BRDA:446,14,1,0
BRF:32
BRH:0
end_of_record
TN:
SF:src/components/TerrainModeSelector.tsx
FN:37,(anonymous_0)
FN:46,(anonymous_1)
FN:50,(anonymous_2)
FNF:3
FNH:0
FNDA:0,(anonymous_0)
FNDA:0,(anonymous_1)
FNDA:0,(anonymous_2)
DA:14,0
DA:37,0
DA:42,0
DA:47,0
DA:50,0
LF:5
LH:0
BRDA:40,0,0,0
BRDA:49,1,0,0
BRDA:49,1,1,0
BRF:3
BRH:0
end_of_record
TN:
SF:src/components/TerrainRendererWrapper.tsx
FN:37,(anonymous_0)
FN:85,(anonymous_1)
FN:105,(anonymous_2)
FN:108,(anonymous_3)
FN:118,(anonymous_4)
FNF:5
FNH:0
FNDA:0,(anonymous_0)
FNDA:0,(anonymous_1)
FNDA:0,(anonymous_2)
FNDA:0,(anonymous_3)
FNDA:0,(anonymous_4)
DA:37,0
DA:38,0
DA:40,0
DA:41,0
DA:42,0
DA:43,0
DA:46,0
DA:47,0
DA:48,0
DA:49,0
DA:50,0
DA:51,0
DA:52,0
DA:53,0
DA:54,0
DA:55,0
DA:56,0
DA:57,0
DA:61,0
DA:62,0
DA:64,0
DA:82,0
DA:85,0
DA:105,0
DA:108,0
DA:109,0
DA:111,0
DA:112,0
DA:113,0
DA:118,0
DA:123,0
DA:124,0
DA:145,0
LF:33
LH:0
BRDA:43,0,0,0
BRDA:43,0,1,0
BRDA:47,1,0,0
BRDA:47,1,1,0
BRDA:47,1,2,0
BRDA:47,1,3,0
BRDA:47,1,4,0
BRDA:47,1,5,0
BRDA:47,1,6,0
BRDA:47,1,7,0
BRDA:47,1,8,0
BRDA:47,1,9,0
BRDA:68,2,0,0
BRDA:68,2,1,0
BRDA:69,3,0,0
BRDA:69,3,1,0
BRDA:96,4,0,0
BRDA:97,5,0,0
BRDA:99,6,0,0
BRDA:100,7,0,0
BRDA:101,8,0,0
BRDA:102,9,0,0
BRDA:109,10,0,0
BRDA:109,10,1,0
BRDA:123,11,0,0
BRDA:123,11,1,0
BRF:26
BRH:0
end_of_record
TN:
SF:src/components/TrueHeroesInterface.tsx
FN:22,(anonymous_0)
FN:52,(anonymous_1)
FN:74,(anonymous_2)
FN:96,(anonymous_3)
FN:101,(anonymous_4)
FN:110,(anonymous_5)
FN:131,(anonymous_6)
FN:132,(anonymous_7)
FN:138,(anonymous_8)
FN:165,(anonymous_9)
FN:200,(anonymous_10)
FN:217,(anonymous_11)
FN:224,(anonymous_12)
FN:231,(anonymous_13)
FN:238,(anonymous_14)
FN:273,(anonymous_15)
FN:323,(anonymous_16)
FN:355,(anonymous_17)
FN:366,(anonymous_18)
FN:374,(anonymous_19)
FNF:20
FNH:0
FNDA:0,(anonymous_0)
FNDA:0,(anonymous_1)
FNDA:0,(anonymous_2)
FNDA:0,(anonymous_3)
FNDA:0,(anonymous_4)
FNDA:0,(anonymous_5)
FNDA:0,(anonymous_6)
FNDA:0,(anonymous_7)
FNDA:0,(anonymous_8)
FNDA:0,(anonymous_9)
FNDA:0,(anonymous_10)
FNDA:0,(anonymous_11)
FNDA:0,(anonymous_12)
FNDA:0,(anonymous_13)
FNDA:0,(anonymous_14)
FNDA:0,(anonymous_15)
FNDA:0,(anonymous_16)
FNDA:0,(anonymous_17)
FNDA:0,(anonymous_18)
FNDA:0,(anonymous_19)
DA:22,0
DA:23,0
DA:34,0
DA:37,0
DA:38,0
DA:39,0
DA:40,0
DA:43,0
DA:46,0
DA:49,0
DA:52,0
DA:53,0
DA:55,0
DA:58,0
DA:59,0
DA:61,0
DA:62,0
DA:64,0
DA:65,0
DA:67,0
DA:68,0
DA:70,0
DA:74,0
DA:75,0
DA:77,0
DA:78,0
DA:80,0
DA:81,0
DA:83,0
DA:84,0
DA:86,0
DA:87,0
DA:89,0
DA:90,0
DA:92,0
DA:96,0
DA:97,0
DA:101,0
DA:102,0
DA:110,0
DA:111,0
DA:112,0
DA:113,0
DA:116,0
DA:118,0
DA:121,0
DA:124,0
DA:126,0
DA:131,0
DA:132,0
DA:133,0
DA:134,0
DA:138,0
DA:139,0
DA:141,0
DA:142,0
DA:143,0
DA:145,0
DA:150,0
DA:151,0
DA:160,0
DA:161,0
DA:165,0
DA:172,0
DA:200,0
DA:217,0
DA:224,0
DA:231,0
DA:238,0
DA:273,0
DA:323,0
DA:355,0
DA:366,0
DA:374,0
LF:74
LH:0
BRDA:53,0,0,0
BRDA:53,0,1,0
BRDA:55,1,0,0
BRDA:55,1,1,0
BRDA:55,1,2,0
BRDA:55,1,3,0
BRDA:55,1,4,0
BRDA:75,2,0,0
BRDA:75,2,1,0
BRDA:75,2,2,0
BRDA:75,2,3,0
BRDA:75,2,4,0
BRDA:75,2,5,0
BRDA:102,3,0,0
BRDA:102,3,1,0
BRDA:111,4,0,0
BRDA:111,4,1,0
BRDA:111,5,0,0
BRDA:111,5,1,0
BRDA:116,6,0,0
BRDA:116,6,1,0
BRDA:116,7,0,0
BRDA:116,7,1,0
BRDA:133,8,0,0
BRDA:133,8,1,0
BRDA:139,9,0,0
BRDA:139,9,1,0
BRDA:139,10,0,0
BRDA:139,10,1,0
BRDA:150,11,0,0
BRDA:150,11,1,0
BRDA:160,12,0,0
BRDA:160,12,1,0
BRDA:173,13,0,0
BRDA:173,13,1,0
BRDA:177,14,0,0
BRDA:177,14,1,0
BRDA:180,15,0,0
BRDA:180,15,1,0
BRDA:181,16,0,0
BRDA:181,16,1,0
BRDA:211,17,0,0
BRDA:211,17,1,0
BRDA:212,18,0,0
BRDA:212,18,1,0
BRDA:216,19,0,0
BRDA:216,19,1,0
BRDA:223,20,0,0
BRDA:223,20,1,0
BRDA:230,21,0,0
BRDA:230,21,1,0
BRDA:237,22,0,0
BRDA:237,22,1,0
BRDA:247,23,0,0
BRDA:247,23,1,0
BRDA:251,24,0,0
BRDA:251,24,1,0
BRDA:263,25,0,0
BRDA:263,25,1,0
BRDA:264,26,0,0
BRDA:264,26,1,0
BRDA:265,27,0,0
BRDA:265,27,1,0
BRDA:266,28,0,0
BRDA:266,28,1,0
BRDA:291,29,0,0
BRDA:291,29,1,0
BRDA:293,30,0,0
BRDA:293,30,1,0
BRDA:300,31,0,0
BRDA:300,31,1,0
BRDA:302,32,0,0
BRDA:302,32,1,0
BRDA:303,33,0,0
BRDA:303,33,1,0
BRDA:308,34,0,0
BRDA:308,34,1,0
BRDA:317,35,0,0
BRDA:317,35,1,0
BRDA:336,36,0,0
BRDA:336,36,1,0
BRDA:350,37,0,0
BRDA:350,37,1,0
BRDA:363,38,0,0
BRDA:363,38,1,0
BRDA:371,39,0,0
BRDA:371,39,1,0
BRF:87
BRH:0
end_of_record
TN:
SF:src/components/TrueHeroesInterface_v1.tsx
FN:11,(anonymous_0)
FN:21,(anonymous_1)
FN:37,(anonymous_2)
FN:47,(anonymous_3)
FN:52,(anonymous_4)
FN:59,(anonymous_5)
FN:66,(anonymous_6)
FN:110,(anonymous_7)
FN:115,(anonymous_8)
FN:120,(anonymous_9)
FN:129,(anonymous_10)
FN:150,(anonymous_11)
FN:157,(anonymous_12)
FN:164,(anonymous_13)
FN:171,(anonymous_14)
FN:214,(anonymous_15)
FN:220,(anonymous_16)
FN:220,(anonymous_17)
FN:242,(anonymous_18)
FN:246,(anonymous_19)
FN:279,(anonymous_20)
FN:289,(anonymous_21)
FNF:22
FNH:0
FNDA:0,(anonymous_0)
FNDA:0,(anonymous_1)
FNDA:0,(anonymous_2)
FNDA:0,(anonymous_3)
FNDA:0,(anonymous_4)
FNDA:0,(anonymous_5)
FNDA:0,(anonymous_6)
FNDA:0,(anonymous_7)
FNDA:0,(anonymous_8)
FNDA:0,(anonymous_9)
FNDA:0,(anonymous_10)
FNDA:0,(anonymous_11)
FNDA:0,(anonymous_12)
FNDA:0,(anonymous_13)
FNDA:0,(anonymous_14)
FNDA:0,(anonymous_15)
FNDA:0,(anonymous_16)
FNDA:0,(anonymous_17)
FNDA:0,(anonymous_18)
FNDA:0,(anonymous_19)
FNDA:0,(anonymous_20)
FNDA:0,(anonymous_21)
DA:11,0
DA:12,0
DA:13,0
DA:14,0
DA:15,0
DA:16,0
DA:18,0
DA:21,0
DA:30,0
DA:32,0
DA:33,0
DA:34,0
DA:37,0
DA:38,0
DA:39,0
DA:43,0
DA:47,0
DA:49,0
DA:52,0
DA:53,0
DA:54,0
DA:57,0
DA:59,0
DA:60,0
DA:61,0
DA:66,0
DA:67,0
DA:69,0
DA:71,0
DA:72,0
DA:73,0
DA:74,0
DA:76,0
DA:77,0
DA:78,0
DA:79,0
DA:80,0
DA:81,0
DA:82,0
DA:83,0
DA:84,0
DA:88,0
DA:89,0
DA:91,0
DA:104,0
DA:105,0
DA:108,0
DA:110,0
DA:111,0
DA:115,0
DA:116,0
DA:120,0
DA:121,0
DA:122,0
DA:123,0
DA:125,0
DA:129,0
DA:130,0
DA:133,0
DA:150,0
DA:157,0
DA:164,0
DA:171,0
DA:214,0
DA:220,0
DA:221,0
DA:243,0
DA:246,0
DA:279,0
DA:289,0
LF:70
LH:0
BRDA:38,0,0,0
BRDA:38,0,1,0
BRDA:69,1,0,0
BRDA:69,1,1,0
BRDA:69,2,0,0
BRDA:69,2,1,0
BRDA:74,3,0,0
BRDA:74,3,1,0
BRDA:77,4,0,0
BRDA:77,4,1,0
BRDA:77,4,2,0
BRDA:77,4,3,0
BRDA:77,4,4,0
BRDA:77,4,5,0
BRDA:77,4,6,0
BRDA:95,5,0,0
BRDA:95,5,1,0
BRDA:96,6,0,0
BRDA:96,6,1,0
BRDA:98,7,0,0
BRDA:98,7,1,0
BRDA:140,8,0,0
BRDA:140,8,1,0
BRDA:141,9,0,0
BRDA:141,9,1,0
BRDA:149,10,0,0
BRDA:149,10,1,0
BRDA:156,11,0,0
BRDA:156,11,1,0
BRDA:163,12,0,0
BRDA:163,12,1,0
BRDA:170,13,0,0
BRDA:170,13,1,0
BRDA:205,14,0,0
BRDA:205,14,1,0
BRDA:209,15,0,0
BRDA:209,15,1,0
BRDA:213,16,0,0
BRDA:213,16,1,0
BRDA:215,17,0,0
BRDA:215,17,1,0
BRDA:222,18,0,0
BRDA:222,18,1,0
BRDA:223,19,0,0
BRDA:223,19,1,0
BRDA:224,20,0,0
BRDA:224,20,1,0
BRDA:225,21,0,0
BRDA:225,21,1,0
BRDA:226,22,0,0
BRDA:226,22,1,0
BRDA:227,23,0,0
BRDA:227,23,1,0
BRDA:228,24,0,0
BRDA:228,24,1,0
BRDA:238,25,0,0
BRDA:238,25,1,0
BRDA:242,26,0,0
BRDA:242,26,1,0
BRDA:245,27,0,0
BRDA:245,27,1,0
BRDA:260,28,0,0
BRDA:260,28,1,0
BRDA:274,29,0,0
BRDA:274,29,1,0
BRDA:277,30,0,0
BRDA:277,30,1,0
BRDA:278,31,0,0
BRDA:278,31,1,0
BRF:69
BRH:0
end_of_record
TN:
SF:src/components/TrueHeroesInterface_v2.tsx
FN:11,(anonymous_0)
FN:21,(anonymous_1)
FN:37,(anonymous_2)
FN:47,(anonymous_3)
FN:52,(anonymous_4)
FN:59,(anonymous_5)
FN:66,(anonymous_6)
FN:110,(anonymous_7)
FN:115,(anonymous_8)
FN:120,(anonymous_9)
FN:129,(anonymous_10)
FN:150,(anonymous_11)
FN:157,(anonymous_12)
FN:164,(anonymous_13)
FN:171,(anonymous_14)
FN:214,(anonymous_15)
FN:220,(anonymous_16)
FN:220,(anonymous_17)
FN:242,(anonymous_18)
FN:246,(anonymous_19)
FN:279,(anonymous_20)
FN:289,(anonymous_21)
FNF:22
FNH:0
FNDA:0,(anonymous_0)
FNDA:0,(anonymous_1)
FNDA:0,(anonymous_2)
FNDA:0,(anonymous_3)
FNDA:0,(anonymous_4)
FNDA:0,(anonymous_5)
FNDA:0,(anonymous_6)
FNDA:0,(anonymous_7)
FNDA:0,(anonymous_8)
FNDA:0,(anonymous_9)
FNDA:0,(anonymous_10)
FNDA:0,(anonymous_11)
FNDA:0,(anonymous_12)
FNDA:0,(anonymous_13)
FNDA:0,(anonymous_14)
FNDA:0,(anonymous_15)
FNDA:0,(anonymous_16)
FNDA:0,(anonymous_17)
FNDA:0,(anonymous_18)
FNDA:0,(anonymous_19)
FNDA:0,(anonymous_20)
FNDA:0,(anonymous_21)
DA:11,0
DA:12,0
DA:13,0
DA:14,0
DA:15,0
DA:16,0
DA:18,0
DA:21,0
DA:30,0
DA:32,0
DA:33,0
DA:34,0
DA:37,0
DA:38,0
DA:39,0
DA:43,0
DA:47,0
DA:49,0
DA:52,0
DA:53,0
DA:54,0
DA:57,0
DA:59,0
DA:60,0
DA:61,0
DA:66,0
DA:67,0
DA:69,0
DA:71,0
DA:72,0
DA:73,0
DA:74,0
DA:76,0
DA:77,0
DA:78,0
DA:79,0
DA:80,0
DA:81,0
DA:82,0
DA:83,0
DA:84,0
DA:88,0
DA:89,0
DA:91,0
DA:104,0
DA:105,0
DA:108,0
DA:110,0
DA:111,0
DA:115,0
DA:116,0
DA:120,0
DA:121,0
DA:122,0
DA:123,0
DA:125,0
DA:129,0
DA:130,0
DA:133,0
DA:150,0
DA:157,0
DA:164,0
DA:171,0
DA:214,0
DA:220,0
DA:221,0
DA:243,0
DA:246,0
DA:279,0
DA:289,0
LF:70
LH:0
BRDA:38,0,0,0
BRDA:38,0,1,0
BRDA:69,1,0,0
BRDA:69,1,1,0
BRDA:69,2,0,0
BRDA:69,2,1,0
BRDA:74,3,0,0
BRDA:74,3,1,0
BRDA:77,4,0,0
BRDA:77,4,1,0
BRDA:77,4,2,0
BRDA:77,4,3,0
BRDA:77,4,4,0
BRDA:77,4,5,0
BRDA:77,4,6,0
BRDA:95,5,0,0
BRDA:95,5,1,0
BRDA:96,6,0,0
BRDA:96,6,1,0
BRDA:98,7,0,0
BRDA:98,7,1,0
BRDA:140,8,0,0
BRDA:140,8,1,0
BRDA:141,9,0,0
BRDA:141,9,1,0
BRDA:149,10,0,0
BRDA:149,10,1,0
BRDA:156,11,0,0
BRDA:156,11,1,0
BRDA:163,12,0,0
BRDA:163,12,1,0
BRDA:170,13,0,0
BRDA:170,13,1,0
BRDA:205,14,0,0
BRDA:205,14,1,0
BRDA:209,15,0,0
BRDA:209,15,1,0
BRDA:213,16,0,0
BRDA:213,16,1,0
BRDA:215,17,0,0
BRDA:215,17,1,0
BRDA:222,18,0,0
BRDA:222,18,1,0
BRDA:223,19,0,0
BRDA:223,19,1,0
BRDA:224,20,0,0
BRDA:224,20,1,0
BRDA:225,21,0,0
BRDA:225,21,1,0
BRDA:226,22,0,0
BRDA:226,22,1,0
BRDA:227,23,0,0
BRDA:227,23,1,0
BRDA:228,24,0,0
BRDA:228,24,1,0
BRDA:238,25,0,0
BRDA:238,25,1,0
BRDA:242,26,0,0
BRDA:242,26,1,0
BRDA:245,27,0,0
BRDA:245,27,1,0
BRDA:260,28,0,0
BRDA:260,28,1,0
BRDA:274,29,0,0
BRDA:274,29,1,0
BRDA:277,30,0,0
BRDA:277,30,1,0
BRDA:278,31,0,0
BRDA:278,31,1,0
BRF:69
BRH:0
end_of_record
TN:
SF:src/components/TrueHeroesInterface_v3.tsx
FN:7,(anonymous_0)
FN:21,(anonymous_1)
FN:27,(anonymous_2)
FN:32,(anonymous_3)
FN:41,(anonymous_4)
FN:61,(anonymous_5)
FN:68,(anonymous_6)
FN:75,(anonymous_7)
FN:82,(anonymous_8)
FN:138,(anonymous_9)
FN:142,(anonymous_10)
FN:175,(anonymous_11)
FNF:12
FNH:0
FNDA:0,(anonymous_0)
FNDA:0,(anonymous_1)
FNDA:0,(anonymous_2)
FNDA:0,(anonymous_3)
FNDA:0,(anonymous_4)
FNDA:0,(anonymous_5)
FNDA:0,(anonymous_6)
FNDA:0,(anonymous_7)
FNDA:0,(anonymous_8)
FNDA:0,(anonymous_9)
FNDA:0,(anonymous_10)
FNDA:0,(anonymous_11)
DA:7,0
DA:15,0
DA:17,0
DA:18,0
DA:21,0
DA:22,0
DA:23,0
DA:27,0
DA:28,0
DA:32,0
DA:33,0
DA:34,0
DA:35,0
DA:37,0
DA:41,0
DA:42,0
DA:45,0
DA:61,0
DA:68,0
DA:75,0
DA:82,0
DA:139,0
DA:142,0
DA:175,0
LF:24
LH:0
BRDA:22,0,0,0
BRDA:22,0,1,0
BRDA:52,1,0,0
BRDA:52,1,1,0
BRDA:53,2,0,0
BRDA:53,2,1,0
BRDA:60,3,0,0
BRDA:60,3,1,0
BRDA:67,4,0,0
BRDA:67,4,1,0
BRDA:74,5,0,0
BRDA:74,5,1,0
BRDA:81,6,0,0
BRDA:81,6,1,0
BRDA:107,7,0,0
BRDA:107,7,1,0
BRDA:108,8,0,0
BRDA:108,8,1,0
BRDA:119,9,0,0
BRDA:119,9,1,0
BRDA:123,10,0,0
BRDA:123,10,1,0
BRDA:127,11,0,0
BRDA:127,11,1,0
BRDA:134,12,0,0
BRDA:134,12,1,0
BRDA:138,13,0,0
BRDA:138,13,1,0
BRDA:141,14,0,0
BRDA:141,14,1,0
BRDA:156,15,0,0
BRDA:156,15,1,0
BRDA:170,16,0,0
BRDA:170,16,1,0
BRDA:173,17,0,0
BRDA:173,17,1,0
BRDA:174,18,0,0
BRDA:174,18,1,0
BRF:38
BRH:0
end_of_record
TN:
SF:src/data/dragonRouge.ts
FN:40,(anonymous_0)
FN:43,(anonymous_1)
FNF:2
FNH:0
FNDA:0,(anonymous_0)
FNDA:0,(anonymous_1)
DA:4,0
DA:30,0
DA:40,0
DA:43,0
DA:44,0
LF:5
LH:0
BRDA:44,0,0,0
BRDA:44,0,1,0
BRF:2
BRH:0
end_of_record
TN:
SF:src/i18n/index.ts
FN:1852,(anonymous_0)
FN:1875,(anonymous_1)
FN:1879,(anonymous_2)
FN:1884,(anonymous_3)
FN:1896,(anonymous_4)
FN:1900,(anonymous_5)
FNF:6
FNH:0
FNDA:0,(anonymous_0)
FNDA:0,(anonymous_1)
FNDA:0,(anonymous_2)
FNDA:0,(anonymous_3)
FNDA:0,(anonymous_4)
FNDA:0,(anonymous_5)
DA:469,0
DA:930,0
DA:1391,0
DA:1852,0
DA:1853,0
DA:1855,0
DA:1857,0
DA:1859,0
DA:1861,0
DA:1873,0
DA:1875,0
DA:1880,0
DA:1881,0
DA:1885,0
DA:1886,0
DA:1896,0
DA:1897,0
DA:1900,0
DA:1901,0
DA:1905,0
LF:20
LH:0
BRDA:1853,0,0,0
BRDA:1853,0,1,0
BRDA:1853,0,2,0
BRDA:1853,0,3,0
BRDA:1886,1,0,0
BRDA:1886,1,1,0
BRF:6
BRH:0
end_of_record
TN:
SF:src/pages/Game.tsx
FN:8,(anonymous_0)
FN:14,(anonymous_1)
FN:49,(anonymous_2)
FN:49,(anonymous_3)
FN:73,(anonymous_4)
FNF:5
FNH:0
FNDA:0,(anonymous_0)
FNDA:0,(anonymous_1)
FNDA:0,(anonymous_2)
FNDA:0,(anonymous_3)
FNDA:0,(anonymous_4)
DA:8,0
DA:9,0
DA:10,0
DA:11,0
DA:12,0
DA:14,0
DA:15,0
DA:16,0
DA:17,0
DA:20,0
DA:21,0
DA:22,0
DA:23,0
DA:28,0
DA:29,0
DA:30,0
DA:38,0
DA:39,0
DA:40,0
DA:43,0
DA:44,0
DA:45,0
DA:48,0
DA:49,0
DA:52,0
DA:53,0
DA:54,0
DA:57,0
DA:60,0
DA:61,0
DA:62,0
DA:63,0
DA:64,0
DA:65,0
DA:71,0
DA:73,0
LF:36
LH:0
BRDA:20,0,0,0
BRDA:20,0,1,0
BRDA:28,1,0,0
BRDA:28,1,1,0
BRDA:38,2,0,0
BRDA:38,2,1,0
BRDA:43,3,0,0
BRDA:43,3,1,0
BRDA:48,4,0,0
BRDA:48,4,1,0
BRDA:52,5,0,0
BRDA:52,5,1,0
BRDA:61,6,0,0
BRDA:61,6,1,0
BRDA:62,7,0,0
BRDA:62,7,1,0
BRDA:64,8,0,0
BRDA:64,8,1,0
BRDA:64,9,0,0
BRDA:64,9,1,0
BRF:20
BRH:0
end_of_record
TN:
SF:src/pages/HistoricalTestPages.tsx
FN:7,(anonymous_0)
FN:32,(anonymous_1)
FN:57,(anonymous_2)
FNF:3
FNH:0
FNDA:0,(anonymous_0)
FNDA:0,(anonymous_1)
FNDA:0,(anonymous_2)
DA:7,0
DA:8,0
DA:32,0
DA:33,0
DA:57,0
DA:58,0
LF:6
LH:0
BRF:0
BRH:0
end_of_record
TN:
SF:src/services/api.ts
FN:4,(anonymous_0)
FN:24,(anonymous_1)
FN:63,(anonymous_2)
FN:68,(anonymous_3)
FN:75,(anonymous_4)
FN:79,(anonymous_5)
FN:83,(anonymous_6)
FN:89,(anonymous_7)
FN:93,(anonymous_8)
FN:97,(anonymous_9)
FN:106,(anonymous_10)
FN:111,(anonymous_11)
FN:118,(anonymous_12)
FN:125,(anonymous_13)
FN:133,(anonymous_14)
FN:137,(anonymous_15)
FN:143,(anonymous_16)
FN:148,(anonymous_17)
FN:154,(anonymous_18)
FN:160,(anonymous_19)
FN:167,(anonymous_20)
FN:174,(anonymous_21)
FN:181,(anonymous_22)
FN:188,(anonymous_23)
FN:196,(anonymous_24)
FN:203,(anonymous_25)
FN:210,(anonymous_26)
FN:217,(anonymous_27)
FN:225,(anonymous_28)
FN:229,(anonymous_29)
FN:238,(anonymous_30)
FN:245,(anonymous_31)
FN:251,(anonymous_32)
FN:258,(anonymous_33)
FN:264,(anonymous_34)
FN:268,(anonymous_35)
FN:275,(anonymous_36)
FN:282,(anonymous_37)
FN:289,(anonymous_38)
FN:295,(anonymous_39)
FN:299,(anonymous_40)
FN:303,(anonymous_41)
FN:309,(anonymous_42)
FN:313,(anonymous_43)
FN:317,(anonymous_44)
FN:321,(anonymous_45)
FN:328,(anonymous_46)
FN:335,(anonymous_47)
FN:342,(anonymous_48)
FN:349,(anonymous_49)
FN:360,(anonymous_50)
FN:365,(anonymous_51)
FN:369,(anonymous_52)
FN:373,(anonymous_53)
FN:381,(anonymous_54)
FN:385,(anonymous_55)
FN:389,(anonymous_56)
FN:396,(anonymous_57)
FN:403,(anonymous_58)
FNF:59
FNH:17
FNDA:41,(anonymous_0)
FNDA:0,(anonymous_1)
FNDA:3,(anonymous_2)
FNDA:5,(anonymous_3)
FNDA:5,(anonymous_4)
FNDA:1,(anonymous_5)
FNDA:0,(anonymous_6)
FNDA:1,(anonymous_7)
FNDA:1,(anonymous_8)
FNDA:2,(anonymous_9)
FNDA:1,(anonymous_10)
FNDA:15,(anonymous_11)
FNDA:1,(anonymous_12)
FNDA:1,(anonymous_13)
FNDA:2,(anonymous_14)
FNDA:0,(anonymous_15)
FNDA:1,(anonymous_16)
FNDA:0,(anonymous_17)
FNDA:0,(anonymous_18)
FNDA:0,(anonymous_19)
FNDA:0,(anonymous_20)
FNDA:0,(anonymous_21)
FNDA:0,(anonymous_22)
FNDA:0,(anonymous_23)
FNDA:0,(anonymous_24)
FNDA:0,(anonymous_25)
FNDA:0,(anonymous_26)
FNDA:0,(anonymous_27)
FNDA:0,(anonymous_28)
FNDA:0,(anonymous_29)
FNDA:0,(anonymous_30)
FNDA:0,(anonymous_31)
FNDA:0,(anonymous_32)
FNDA:0,(anonymous_33)
FNDA:1,(anonymous_34)
FNDA:1,(anonymous_35)
FNDA:0,(anonymous_36)
FNDA:0,(anonymous_37)
FNDA:0,(anonymous_38)
FNDA:0,(anonymous_39)
FNDA:0,(anonymous_40)
FNDA:0,(anonymous_41)
FNDA:0,(anonymous_42)
FNDA:0,(anonymous_43)
FNDA:0,(anonymous_44)
FNDA:0,(anonymous_45)
FNDA:0,(anonymous_46)
FNDA:0,(anonymous_47)
FNDA:0,(anonymous_48)
FNDA:1,(anonymous_49)
FNDA:0,(anonymous_50)
FNDA:0,(anonymous_51)
FNDA:0,(anonymous_52)
FNDA:0,(anonymous_53)
FNDA:0,(anonymous_54)
FNDA:0,(anonymous_55)
FNDA:0,(anonymous_56)
FNDA:0,(anonymous_57)
FNDA:0,(anonymous_58)
DA:1,3
DA:5,41
DA:6,41
DA:7,41
DA:8,41
DA:9,41
DA:11,41
DA:19,41
DA:20,41
DA:23,41
DA:24,41
DA:26,41
DA:31,41
DA:33,41
DA:34,41
DA:35,41
DA:37,41
DA:38,3
DA:39,3
DA:40,3
DA:41,3
DA:42,3
DA:45,38
DA:46,38
DA:47,38
DA:49,3
DA:50,3
DA:51,3
DA:52,3
DA:54,3
DA:55,0
DA:58,3
DA:64,3
DA:69,5
DA:76,5
DA:80,1
DA:84,0
DA:90,1
DA:94,1
DA:98,2
DA:107,1
DA:112,15
DA:119,1
DA:126,1
DA:134,2
DA:138,0
DA:144,1
DA:149,0
DA:155,0
DA:161,0
DA:168,0
DA:175,0
DA:182,0
DA:189,0
DA:197,0
DA:204,0
DA:211,0
DA:218,0
DA:226,0
DA:230,0
DA:239,0
DA:246,0
DA:252,0
DA:259,0
DA:265,1
DA:269,1
DA:276,0
DA:283,0
DA:290,0
DA:296,0
DA:300,0
DA:304,0
DA:310,0
DA:314,0
DA:318,0
DA:322,0
DA:329,0
DA:336,0
DA:343,0
DA:350,1
DA:351,1
DA:352,1
DA:354,0
DA:355,0
DA:362,0
DA:366,0
DA:370,0
DA:375,0
DA:376,0
DA:378,0
DA:382,0
DA:386,0
DA:390,0
DA:397,0
DA:404,0
LF:95
LH:49
BRDA:4,0,0,16
BRDA:7,1,0,41
BRDA:7,1,1,16
BRDA:37,2,0,3
BRDA:37,2,1,38
BRDA:51,3,0,3
BRDA:51,3,1,2
BRDA:54,4,0,0
BRDA:54,4,1,3
BRDA:54,5,0,3
BRDA:54,5,1,3
BRDA:97,6,0,2
BRDA:225,7,0,0
BRDA:309,8,0,0
BRDA:375,9,0,0
BRDA:375,9,1,0
BRF:16
BRH:11
end_of_record
TN:
SF:src/services/buildingImageService.ts
FN:125,generateBuildingImage
FN:208,getBuildingImage
FN:226,(anonymous_2)
FN:227,(anonymous_3)
FN:228,(anonymous_4)
FN:232,getBuildingsByStyle
FN:233,(anonymous_6)
FN:236,getRandomBuilding
FNF:8
FNH:0
FNDA:0,generateBuildingImage
FNDA:0,getBuildingImage
FNDA:0,(anonymous_2)
FNDA:0,(anonymous_3)
FNDA:0,(anonymous_4)
FNDA:0,getBuildingsByStyle
FNDA:0,(anonymous_6)
FNDA:0,getRandomBuilding
DA:14,0
DA:126,0
DA:127,0
DA:128,0
DA:129,0
DA:131,0
DA:134,0
DA:143,0
DA:146,0
DA:147,0
DA:150,0
DA:152,0
DA:153,0
DA:156,0
DA:157,0
DA:160,0
DA:161,0
DA:162,0
DA:163,0
DA:165,0
DA:166,0
DA:169,0
DA:170,0
DA:171,0
DA:172,0
DA:173,0
DA:174,0
DA:175,0
DA:176,0
DA:178,0
DA:179,0
DA:182,0
DA:185,0
DA:186,0
DA:187,0
DA:188,0
DA:191,0
DA:192,0
DA:195,0
DA:196,0
DA:197,0
DA:198,0
DA:199,0
DA:200,0
DA:201,0
DA:204,0
DA:209,0
DA:210,0
DA:212,0
DA:223,0
DA:224,0
DA:226,0
DA:227,0
DA:228,0
DA:233,0
DA:237,0
DA:238,0
DA:241,0
LF:58
LH:0
BRDA:125,0,0,0
BRDA:131,1,0,0
BRDA:131,1,1,0
BRDA:150,2,0,0
BRDA:150,2,1,0
BRDA:163,3,0,0
BRDA:163,3,1,0
BRDA:176,4,0,0
BRDA:176,4,1,0
BRDA:210,5,0,0
BRDA:210,5,1,0
BRF:11
BRH:0
end_of_record
TN:
SF:src/services/epicContentAPI.ts
FN:71,isServerAvailable
FN:73,(anonymous_1)
FN:74,(anonymous_2)
FN:78,fetchEpicHeroes
FN:96,fetchEpicCreatures
FN:114,fetchEpicBuildings
FN:132,generateFallbackHeroes
FN:189,generateFallbackCreatures
FN:245,generateFallbackBuildings
FN:246,(anonymous_9)
FN:264,getTypeFromDescription
FN:273,fetchHeroById
FN:286,fetchCreatureById
FN:299,fetchBuildingById
FN:313,getServerStatus
FN:331,(anonymous_15)
FN:331,(anonymous_16)
FN:332,(anonymous_17)
FN:332,(anonymous_18)
FN:333,(anonymous_19)
FN:333,(anonymous_20)
FNF:21
FNH:0
FNDA:0,isServerAvailable
FNDA:0,(anonymous_1)
FNDA:0,(anonymous_2)
FNDA:0,fetchEpicHeroes
FNDA:0,fetchEpicCreatures
FNDA:0,fetchEpicBuildings
FNDA:0,generateFallbackHeroes
FNDA:0,generateFallbackCreatures
FNDA:0,generateFallbackBuildings
FNDA:0,(anonymous_9)
FNDA:0,getTypeFromDescription
FNDA:0,fetchHeroById
FNDA:0,fetchCreatureById
FNDA:0,fetchBuildingById
FNDA:0,getServerStatus
FNDA:0,(anonymous_15)
FNDA:0,(anonymous_16)
FNDA:0,(anonymous_17)
FNDA:0,(anonymous_18)
FNDA:0,(anonymous_19)
FNDA:0,(anonymous_20)
DA:6,0
DA:72,0
DA:73,0
DA:74,0
DA:79,0
DA:80,0
DA:81,0
DA:82,0
DA:84,0
DA:85,0
DA:87,0
DA:90,0
DA:91,0
DA:97,0
DA:98,0
DA:99,0
DA:100,0
DA:102,0
DA:103,0
DA:105,0
DA:108,0
DA:109,0
DA:115,0
DA:116,0
DA:117,0
DA:118,0
DA:120,0
DA:121,0
DA:123,0
DA:126,0
DA:127,0
DA:133,0
DA:190,0
DA:246,0
DA:265,0
DA:266,0
DA:267,0
DA:268,0
DA:269,0
DA:274,0
DA:275,0
DA:276,0
DA:277,0
DA:279,0
DA:281,0
DA:282,0
DA:287,0
DA:288,0
DA:289,0
DA:290,0
DA:292,0
DA:294,0
DA:295,0
DA:300,0
DA:301,0
DA:302,0
DA:303,0
DA:305,0
DA:307,0
DA:308,0
DA:321,0
DA:323,0
DA:324,0
DA:330,0
DA:331,0
DA:332,0
DA:333,0
DA:336,0
DA:339,0
LF:69
LH:0
BRDA:81,0,0,0
BRDA:81,0,1,0
BRDA:85,1,0,0
BRDA:85,1,1,0
BRDA:99,2,0,0
BRDA:99,2,1,0
BRDA:103,3,0,0
BRDA:103,3,1,0
BRDA:117,4,0,0
BRDA:117,4,1,0
BRDA:121,5,0,0
BRDA:121,5,1,0
BRDA:265,6,0,0
BRDA:265,6,1,0
BRDA:265,7,0,0
BRDA:265,7,1,0
BRDA:266,8,0,0
BRDA:266,8,1,0
BRDA:266,9,0,0
BRDA:266,9,1,0
BRDA:267,10,0,0
BRDA:267,10,1,0
BRDA:267,11,0,0
BRDA:267,11,1,0
BRDA:268,12,0,0
BRDA:268,12,1,0
BRDA:268,13,0,0
BRDA:268,13,1,0
BRDA:276,14,0,0
BRDA:276,14,1,0
BRDA:289,15,0,0
BRDA:289,15,1,0
BRDA:302,16,0,0
BRDA:302,16,1,0
BRDA:323,17,0,0
BRDA:323,17,1,0
BRF:36
BRH:0
end_of_record
TN:
SF:src/services/gameActionService.ts
FN:7,(anonymous_0)
FN:14,(anonymous_1)
FN:30,(anonymous_2)
FN:37,(anonymous_3)
FN:55,(anonymous_4)
FN:62,(anonymous_5)
FN:72,(anonymous_6)
FN:76,(anonymous_7)
FN:87,(anonymous_8)
FN:97,(anonymous_9)
FNF:10
FNH:0
FNDA:0,(anonymous_0)
FNDA:0,(anonymous_1)
FNDA:0,(anonymous_2)
FNDA:0,(anonymous_3)
FNDA:0,(anonymous_4)
FNDA:0,(anonymous_5)
FNDA:0,(anonymous_6)
FNDA:0,(anonymous_7)
FNDA:0,(anonymous_8)
FNDA:0,(anonymous_9)
DA:8,0
DA:15,0
DA:17,0
DA:19,0
DA:21,0
DA:23,0
DA:31,0
DA:39,0
DA:42,0
DA:43,0
DA:44,0
DA:45,0
DA:49,0
DA:56,0
DA:64,0
DA:69,0
DA:72,0
DA:73,0
DA:76,0
DA:77,0
DA:87,0
DA:88,0
DA:97,0
DA:98,0
LF:24
LH:0
BRDA:15,0,0,0
BRDA:15,0,1,0
BRDA:15,0,2,0
BRDA:15,0,3,0
BRDA:42,1,0,0
BRDA:42,1,1,0
BRDA:42,2,0,0
BRDA:42,2,1,0
BRDA:44,3,0,0
BRDA:44,3,1,0
BRF:10
BRH:0
end_of_record
TN:
SF:src/services/gameScriptEngine.ts
FN:52,(anonymous_0)
FN:57,(anonymous_1)
FN:81,(anonymous_2)
FN:132,(anonymous_3)
FN:167,(anonymous_4)
FN:189,(anonymous_5)
FN:214,(anonymous_6)
FN:238,(anonymous_7)
FN:251,(anonymous_8)
FN:269,(anonymous_9)
FN:288,(anonymous_10)
FN:309,(anonymous_11)
FN:346,(anonymous_12)
FN:362,(anonymous_13)
FN:366,(anonymous_14)
FN:375,(anonymous_15)
FN:392,(anonymous_16)
FN:409,(anonymous_17)
FN:411,(anonymous_18)
FN:419,(anonymous_19)
FN:435,(anonymous_20)
FN:436,(anonymous_21)
FN:439,(anonymous_22)
FN:442,(anonymous_23)
FNF:24
FNH:0
FNDA:0,(anonymous_0)
FNDA:0,(anonymous_1)
FNDA:0,(anonymous_2)
FNDA:0,(anonymous_3)
FNDA:0,(anonymous_4)
FNDA:0,(anonymous_5)
FNDA:0,(anonymous_6)
FNDA:0,(anonymous_7)
FNDA:0,(anonymous_8)
FNDA:0,(anonymous_9)
FNDA:0,(anonymous_10)
FNDA:0,(anonymous_11)
FNDA:0,(anonymous_12)
FNDA:0,(anonymous_13)
FNDA:0,(anonymous_14)
FNDA:0,(anonymous_15)
FNDA:0,(anonymous_16)
FNDA:0,(anonymous_17)
FNDA:0,(anonymous_18)
FNDA:0,(anonymous_19)
FNDA:0,(anonymous_20)
FNDA:0,(anonymous_21)
FNDA:0,(anonymous_22)
FNDA:0,(anonymous_23)
DA:53,0
DA:58,0
DA:66,0
DA:68,0
DA:69,0
DA:70,0
DA:72,0
DA:73,0
DA:77,0
DA:82,0
DA:84,0
DA:85,0
DA:93,0
DA:95,0
DA:97,0
DA:99,0
DA:101,0
DA:103,0
DA:105,0
DA:107,0
DA:109,0
DA:111,0
DA:113,0
DA:115,0
DA:117,0
DA:119,0
DA:122,0
DA:133,0
DA:136,0
DA:137,0
DA:138,0
DA:143,0
DA:144,0
DA:145,0
DA:150,0
DA:154,0
DA:157,0
DA:159,0
DA:168,0
DA:170,0
DA:171,0
DA:173,0
DA:174,0
DA:177,0
DA:179,0
DA:181,0
DA:190,0
DA:192,0
DA:193,0
DA:195,0
DA:202,0
DA:204,0
DA:206,0
DA:215,0
DA:217,0
DA:218,0
DA:219,0
DA:221,0
DA:226,0
DA:228,0
DA:230,0
DA:239,0
DA:241,0
DA:243,0
DA:252,0
DA:254,0
DA:255,0
DA:257,0
DA:259,0
DA:261,0
DA:270,0
DA:272,0
DA:273,0
DA:274,0
DA:278,0
DA:289,0
DA:291,0
DA:293,0
DA:294,0
DA:295,0
DA:296,0
DA:297,0
DA:302,0
DA:310,0
DA:312,0
DA:313,0
DA:315,0
DA:317,0
DA:318,0
DA:322,0
DA:323,0
DA:324,0
DA:325,0
DA:326,0
DA:331,0
DA:334,0
DA:335,0
DA:339,0
DA:347,0
DA:349,0
DA:351,0
DA:352,0
DA:355,0
DA:363,0
DA:364,0
DA:366,0
DA:368,0
DA:376,0
DA:378,0
DA:379,0
DA:381,0
DA:383,0
DA:393,0
DA:395,0
DA:397,0
DA:399,0
DA:401,0
DA:403,0
DA:405,0
DA:406,0
DA:407,0
DA:409,0
DA:411,0
DA:413,0
DA:415,0
DA:420,0
DA:422,0
DA:423,0
DA:426,0
DA:428,0
DA:429,0
DA:432,0
DA:436,0
DA:441,0
DA:442,0
DA:443,0
DA:444,0
DA:447,0
DA:452,0
LF:139
LH:0
BRDA:52,0,0,0
BRDA:59,1,0,0
BRDA:59,1,1,0
BRDA:60,2,0,0
BRDA:60,2,1,0
BRDA:63,3,0,0
BRDA:63,3,1,0
BRDA:72,4,0,0
BRDA:72,4,1,0
BRDA:84,5,0,0
BRDA:84,5,1,0
BRDA:84,6,0,0
BRDA:84,6,1,0
BRDA:93,7,0,0
BRDA:93,7,1,0
BRDA:93,7,2,0
BRDA:93,7,3,0
BRDA:93,7,4,0
BRDA:93,7,5,0
BRDA:93,7,6,0
BRDA:93,7,7,0
BRDA:93,7,8,0
BRDA:93,7,9,0
BRDA:93,7,10,0
BRDA:93,7,11,0
BRDA:93,7,12,0
BRDA:124,8,0,0
BRDA:124,8,1,0
BRDA:133,9,0,0
BRDA:133,9,1,0
BRDA:136,10,0,0
BRDA:136,10,1,0
BRDA:137,11,0,0
BRDA:137,11,1,0
BRDA:143,12,0,0
BRDA:143,12,1,0
BRDA:146,13,0,0
BRDA:146,13,1,0
BRDA:147,14,0,0
BRDA:147,14,1,0
BRDA:168,15,0,0
BRDA:168,15,1,0
BRDA:170,16,0,0
BRDA:170,16,1,0
BRDA:173,17,0,0
BRDA:173,17,1,0
BRDA:173,18,0,0
BRDA:173,18,1,0
BRDA:190,19,0,0
BRDA:190,19,1,0
BRDA:215,20,0,0
BRDA:215,20,1,0
BRDA:252,21,0,0
BRDA:252,21,1,0
BRDA:254,22,0,0
BRDA:254,22,1,0
BRDA:270,23,0,0
BRDA:270,23,1,0
BRDA:272,24,0,0
BRDA:272,24,1,0
BRDA:291,25,0,0
BRDA:291,25,1,0
BRDA:293,26,0,0
BRDA:293,26,1,0
BRDA:296,27,0,0
BRDA:296,27,1,0
BRDA:304,28,0,0
BRDA:304,28,1,0
BRDA:310,29,0,0
BRDA:310,29,1,0
BRDA:313,30,0,0
BRDA:313,30,1,0
BRDA:317,31,0,0
BRDA:317,31,1,0
BRDA:317,32,0,0
BRDA:317,32,1,0
BRDA:322,33,0,0
BRDA:322,33,1,0
BRDA:325,34,0,0
BRDA:325,34,1,0
BRDA:334,35,0,0
BRDA:334,35,1,0
BRDA:334,36,0,0
BRDA:334,36,1,0
BRDA:335,37,0,0
BRDA:335,37,1,0
BRDA:347,38,0,0
BRDA:347,38,1,0
BRDA:351,39,0,0
BRDA:351,39,1,0
BRDA:352,40,0,0
BRDA:352,40,1,0
BRDA:357,41,0,0
BRDA:357,41,1,0
BRDA:363,42,0,0
BRDA:363,42,1,0
BRDA:364,43,0,0
BRDA:364,43,1,0
BRDA:376,44,0,0
BRDA:376,44,1,0
BRDA:395,45,0,0
BRDA:395,45,1,0
BRDA:395,45,2,0
BRDA:395,45,3,0
BRDA:395,45,4,0
BRDA:395,45,5,0
BRDA:395,45,6,0
BRDA:395,45,7,0
BRDA:395,45,8,0
BRDA:407,46,0,0
BRDA:407,46,1,0
BRDA:420,47,0,0
BRDA:420,47,1,0
BRDA:420,48,0,0
BRDA:420,48,1,0
BRDA:426,49,0,0
BRDA:426,49,1,0
BRDA:426,50,0,0
BRDA:426,50,1,0
BRDA:441,51,0,0
BRDA:441,51,1,0
BRDA:443,52,0,0
BRDA:443,52,1,0
BRF:123
BRH:0
end_of_record
TN:
SF:src/services/gameService.ts
FN:7,(anonymous_0)
FN:9,(anonymous_1)
FN:64,(anonymous_2)
FN:103,(anonymous_3)
FN:154,(anonymous_4)
FN:191,(anonymous_5)
FNF:6
FNH:0
FNDA:0,(anonymous_0)
FNDA:0,(anonymous_1)
FNDA:0,(anonymous_2)
FNDA:0,(anonymous_3)
FNDA:0,(anonymous_4)
FNDA:0,(anonymous_5)
DA:9,0
DA:42,0
DA:43,0
DA:44,0
DA:46,0
DA:47,0
DA:48,0
DA:49,0
DA:60,0
DA:64,0
DA:75,0
DA:100,0
DA:104,0
DA:106,0
DA:108,0
DA:109,0
DA:115,0
DA:119,0
DA:122,0
DA:139,0
DA:149,0
DA:150,0
DA:155,0
DA:157,0
DA:158,0
DA:159,0
DA:161,0
DA:186,0
DA:187,0
DA:192,0
LF:30
LH:0
BRDA:9,0,0,0
BRDA:9,0,1,0
BRDA:11,1,0,0
BRDA:11,1,1,0
BRDA:23,2,0,0
BRDA:23,2,1,0
BRDA:42,3,0,0
BRDA:42,3,1,0
BRDA:43,4,0,0
BRDA:43,4,1,0
BRDA:64,5,0,0
BRDA:64,5,1,0
BRDA:80,6,0,0
BRDA:80,6,1,0
BRDA:82,7,0,0
BRDA:82,7,1,0
BRDA:96,8,0,0
BRDA:96,8,1,0
BRDA:127,9,0,0
BRDA:127,9,1,0
BRDA:128,10,0,0
BRDA:128,10,1,0
BRDA:129,11,0,0
BRDA:129,11,1,0
BRDA:130,12,0,0
BRDA:130,12,1,0
BRDA:131,13,0,0
BRDA:131,13,1,0
BRDA:132,14,0,0
BRDA:132,14,1,0
BRDA:133,15,0,0
BRDA:133,15,1,0
BRDA:135,16,0,0
BRDA:135,16,1,0
BRDA:136,17,0,0
BRDA:136,17,1,0
BRDA:141,18,0,0
BRDA:141,18,1,0
BRDA:167,19,0,0
BRDA:167,19,1,0
BRDA:168,20,0,0
BRDA:168,20,1,0
BRDA:169,21,0,0
BRDA:169,21,1,0
BRDA:170,22,0,0
BRDA:170,22,1,0
BRDA:171,23,0,0
BRDA:171,23,1,0
BRDA:172,24,0,0
BRDA:172,24,1,0
BRDA:173,25,0,0
BRDA:173,25,1,0
BRDA:175,26,0,0
BRDA:175,26,1,0
BRDA:176,27,0,0
BRDA:176,27,1,0
BRDA:178,28,0,0
BRDA:178,28,1,0
BRDA:191,29,0,0
BRF:59
BRH:0
end_of_record
TN:
SF:src/services/heroPortraitService.ts
FN:79,(anonymous_0)
FN:107,(anonymous_1)
FN:112,(anonymous_2)
FN:123,(anonymous_3)
FN:125,(anonymous_4)
FN:133,(anonymous_5)
FN:143,(anonymous_6)
FN:146,(anonymous_7)
FN:148,(anonymous_8)
FN:149,(anonymous_9)
FN:158,(anonymous_10)
FN:161,(anonymous_11)
FN:162,(anonymous_12)
FN:164,(anonymous_13)
FN:165,(anonymous_14)
FN:178,(anonymous_15)
FN:192,(anonymous_16)
FN:200,(anonymous_17)
FN:212,(anonymous_18)
FN:215,(anonymous_19)
FN:218,(anonymous_20)
FNF:21
FNH:0
FNDA:0,(anonymous_0)
FNDA:0,(anonymous_1)
FNDA:0,(anonymous_2)
FNDA:0,(anonymous_3)
FNDA:0,(anonymous_4)
FNDA:0,(anonymous_5)
FNDA:0,(anonymous_6)
FNDA:0,(anonymous_7)
FNDA:0,(anonymous_8)
FNDA:0,(anonymous_9)
FNDA:0,(anonymous_10)
FNDA:0,(anonymous_11)
FNDA:0,(anonymous_12)
FNDA:0,(anonymous_13)
FNDA:0,(anonymous_14)
FNDA:0,(anonymous_15)
FNDA:0,(anonymous_16)
FNDA:0,(anonymous_17)
FNDA:0,(anonymous_18)
FNDA:0,(anonymous_19)
FNDA:0,(anonymous_20)
DA:18,0
DA:26,0
DA:81,0
DA:84,0
DA:87,0
DA:90,0
DA:91,0
DA:95,0
DA:96,0
DA:99,0
DA:108,0
DA:111,0
DA:112,0
DA:115,0
DA:116,0
DA:124,0
DA:125,0
DA:134,0
DA:135,0
DA:144,0
DA:146,0
DA:147,0
DA:148,0
DA:149,0
DA:150,0
DA:159,0
DA:161,0
DA:162,0
DA:163,0
DA:164,0
DA:165,0
DA:166,0
DA:170,0
DA:179,0
DA:193,0
DA:201,0
DA:206,0
DA:212,0
DA:213,0
DA:215,0
DA:216,0
DA:218,0
DA:219,0
LF:43
LH:0
BRDA:84,0,0,0
BRDA:84,0,1,0
BRDA:90,1,0,0
BRDA:90,1,1,0
BRDA:95,2,0,0
BRDA:95,2,1,0
BRDA:111,3,0,0
BRDA:111,3,1,0
BRF:8
BRH:0
end_of_record
TN:
SF:src/services/magicItemService.ts
FN:35,(anonymous_0)
FN:49,(anonymous_1)
FN:65,(anonymous_2)
FN:81,(anonymous_3)
FN:108,(anonymous_4)
FN:127,(anonymous_5)
FN:140,(anonymous_6)
FNF:7
FNH:0
FNDA:0,(anonymous_0)
FNDA:0,(anonymous_1)
FNDA:0,(anonymous_2)
FNDA:0,(anonymous_3)
FNDA:0,(anonymous_4)
FNDA:0,(anonymous_5)
FNDA:0,(anonymous_6)
DA:36,0
DA:37,0
DA:38,0
DA:40,0
DA:42,0
DA:50,0
DA:51,0
DA:52,0
DA:54,0
DA:55,0
DA:66,0
DA:67,0
DA:68,0
DA:70,0
DA:71,0
DA:89,0
DA:90,0
DA:91,0
DA:93,0
DA:94,0
DA:112,0
DA:113,0
DA:114,0
DA:116,0
DA:117,0
DA:128,0
DA:129,0
DA:130,0
DA:132,0
DA:133,0
DA:141,0
DA:142,0
DA:143,0
DA:145,0
DA:146,0
LF:35
LH:0
BRF:0
BRH:0
end_of_record
TN:
SF:src/services/offlineAvatarGenerator.ts
FN:45,(anonymous_0)
FN:91,(anonymous_1)
FN:106,(anonymous_2)
FN:122,(anonymous_3)
FN:127,(anonymous_4)
FN:140,(anonymous_5)
FN:143,(anonymous_6)
FN:144,(anonymous_7)
FN:151,(anonymous_8)
FN:158,(anonymous_9)
FN:166,(anonymous_10)
FN:200,(anonymous_11)
FN:210,(anonymous_12)
FN:220,(anonymous_13)
FN:238,(anonymous_14)
FN:243,(anonymous_15)
FN:268,(anonymous_16)
FN:282,(anonymous_17)
FN:290,(anonymous_18)
FNF:19
FNH:0
FNDA:0,(anonymous_0)
FNDA:0,(anonymous_1)
FNDA:0,(anonymous_2)
FNDA:0,(anonymous_3)
FNDA:0,(anonymous_4)
FNDA:0,(anonymous_5)
FNDA:0,(anonymous_6)
FNDA:0,(anonymous_7)
FNDA:0,(anonymous_8)
FNDA:0,(anonymous_9)
FNDA:0,(anonymous_10)
FNDA:0,(anonymous_11)
FNDA:0,(anonymous_12)
FNDA:0,(anonymous_13)
FNDA:0,(anonymous_14)
FNDA:0,(anonymous_15)
FNDA:0,(anonymous_16)
FNDA:0,(anonymous_17)
FNDA:0,(anonymous_18)
DA:26,0
DA:30,0
DA:46,0
DA:47,0
DA:49,0
DA:51,0
DA:59,0
DA:64,0
DA:65,0
DA:67,0
DA:76,0
DA:78,0
DA:79,0
DA:82,0
DA:84,0
DA:92,0
DA:95,0
DA:96,0
DA:100,0
DA:107,0
DA:108,0
DA:110,0
DA:123,0
DA:125,0
DA:127,0
DA:129,0
DA:130,0
DA:131,0
DA:133,0
DA:141,0
DA:143,0
DA:144,0
DA:152,0
DA:159,0
DA:160,0
DA:167,0
DA:168,0
DA:170,0
DA:171,0
DA:172,0
DA:175,0
DA:177,0
DA:178,0
DA:181,0
DA:182,0
DA:183,0
DA:184,0
DA:185,0
DA:186,0
DA:189,0
DA:191,0
DA:193,0
DA:201,0
DA:203,0
DA:204,0
DA:205,0
DA:208,0
DA:210,0
DA:211,0
DA:212,0
DA:221,0
DA:222,0
DA:224,0
DA:225,0
DA:226,0
DA:229,0
DA:231,0
DA:232,0
DA:233,0
DA:234,0
DA:237,0
DA:238,0
DA:240,0
DA:243,0
DA:244,0
DA:245,0
DA:246,0
DA:247,0
DA:248,0
DA:249,0
DA:250,0
DA:251,0
DA:252,0
DA:254,0
DA:259,0
DA:261,0
DA:269,0
DA:271,0
DA:272,0
DA:273,0
DA:276,0
DA:278,0
DA:279,0
DA:280,0
DA:282,0
DA:291,0
DA:292,0
DA:293,0
DA:294,0
DA:297,0
DA:298,0
DA:299,0
DA:301,0
DA:304,0
DA:309,0
LF:105
LH:0
BRDA:47,0,0,0
BRDA:47,0,1,0
BRDA:47,0,2,0
BRDA:59,1,0,0
BRDA:59,1,1,0
BRDA:95,2,0,0
BRDA:95,2,1,0
BRDA:108,3,0,0
BRDA:108,3,1,0
BRDA:170,4,0,0
BRDA:170,4,1,0
BRDA:170,5,0,0
BRDA:170,5,1,0
BRDA:203,6,0,0
BRDA:203,6,1,0
BRDA:211,7,0,0
BRDA:211,7,1,0
BRDA:211,8,0,0
BRDA:211,8,1,0
BRDA:220,9,0,0
BRDA:224,10,0,0
BRDA:224,10,1,0
BRDA:224,11,0,0
BRDA:224,11,1,0
BRDA:244,12,0,0
BRDA:244,12,1,0
BRDA:268,13,0,0
BRDA:271,14,0,0
BRDA:271,14,1,0
BRDA:279,15,0,0
BRDA:279,15,1,0
BRDA:290,16,0,0
BRDA:298,17,0,0
BRDA:298,17,1,0
BRDA:298,18,0,0
BRDA:298,18,1,0
BRF:36
BRH:0
end_of_record
TN:
SF:src/services/sessionNameGenerator.ts
FN:83,getRandomElement
FN:91,fillPattern
FN:96,(anonymous_2)
FN:99,(anonymous_3)
FN:102,(anonymous_4)
FN:105,(anonymous_5)
FN:108,(anonymous_6)
FN:120,generateSessionNameId
FN:132,useSessionNameTranslator
FN:135,(anonymous_9)
FN:144,(anonymous_10)
FN:204,(anonymous_11)
FN:206,(anonymous_12)
FN:214,(anonymous_13)
FN:215,(anonymous_14)
FN:224,generateSessionNameSuggestions
FN:235,generateUniqueSessionName
FNF:17
FNH:0
FNDA:0,getRandomElement
FNDA:0,fillPattern
FNDA:0,(anonymous_2)
FNDA:0,(anonymous_3)
FNDA:0,(anonymous_4)
FNDA:0,(anonymous_5)
FNDA:0,(anonymous_6)
FNDA:0,generateSessionNameId
FNDA:0,useSessionNameTranslator
FNDA:0,(anonymous_9)
FNDA:0,(anonymous_10)
FNDA:0,(anonymous_11)
FNDA:0,(anonymous_12)
FNDA:0,(anonymous_13)
FNDA:0,(anonymous_14)
FNDA:0,generateSessionNameSuggestions
FNDA:0,generateUniqueSessionName
DA:13,0
DA:43,0
DA:84,0
DA:85,0
DA:87,0
DA:92,0
DA:93,0
DA:96,0
DA:97,0
DA:99,0
DA:100,0
DA:102,0
DA:103,0
DA:105,0
DA:106,0
DA:108,0
DA:109,0
DA:112,0
DA:114,0
DA:115,0
DA:121,0
DA:122,0
DA:123,0
DA:124,0
DA:126,0
DA:127,0
DA:133,0
DA:135,0
DA:136,0
DA:138,0
DA:139,0
DA:143,0
DA:144,0
DA:146,0
DA:147,0
DA:151,0
DA:154,0
DA:156,0
DA:157,0
DA:159,0
DA:160,0
DA:162,0
DA:163,0
DA:165,0
DA:166,0
DA:170,0
DA:171,0
DA:175,0
DA:199,0
DA:200,0
DA:204,0
DA:206,0
DA:210,0
DA:212,0
DA:214,0
DA:215,0
DA:220,0
DA:225,0
DA:227,0
DA:228,0
DA:231,0
DA:236,0
DA:237,0
DA:239,0
DA:240,0
DA:241,0
DA:242,0
DA:244,0
DA:248,0
DA:249,0
LF:70
LH:0
BRDA:84,0,0,0
BRDA:84,0,1,0
BRDA:84,1,0,0
BRDA:84,1,1,0
BRDA:124,2,0,0
BRDA:124,2,1,0
BRDA:138,3,0,0
BRDA:138,3,1,0
BRDA:138,4,0,0
BRDA:138,4,1,0
BRDA:146,5,0,0
BRDA:146,5,1,0
BRDA:146,6,0,0
BRDA:146,6,1,0
BRDA:156,7,0,0
BRDA:156,7,1,0
BRDA:159,8,0,0
BRDA:159,8,1,0
BRDA:162,9,0,0
BRDA:162,9,1,0
BRDA:165,10,0,0
BRDA:165,10,1,0
BRDA:170,11,0,0
BRDA:170,11,1,0
BRDA:176,12,0,0
BRDA:176,12,1,0
BRDA:177,13,0,0
BRDA:177,13,1,0
BRDA:178,14,0,0
BRDA:178,14,1,0
BRDA:179,15,0,0
BRDA:179,15,1,0
BRDA:180,16,0,0
BRDA:180,16,1,0
BRDA:181,17,0,0
BRDA:181,17,1,0
BRDA:182,18,0,0
BRDA:182,18,1,0
BRDA:183,19,0,0
BRDA:183,19,1,0
BRDA:184,20,0,0
BRDA:184,20,1,0
BRDA:185,21,0,0
BRDA:185,21,1,0
BRDA:186,22,0,0
BRDA:186,22,1,0
BRDA:187,23,0,0
BRDA:187,23,1,0
BRDA:188,24,0,0
BRDA:188,24,1,0
BRDA:189,25,0,0
BRDA:189,25,1,0
BRDA:190,26,0,0
BRDA:190,26,1,0
BRDA:191,27,0,0
BRDA:191,27,1,0
BRDA:192,28,0,0
BRDA:192,28,1,0
BRDA:193,29,0,0
BRDA:193,29,1,0
BRDA:194,30,0,0
BRDA:194,30,1,0
BRDA:195,31,0,0
BRDA:195,31,1,0
BRDA:196,32,0,0
BRDA:196,32,1,0
BRDA:199,33,0,0
BRDA:199,33,1,0
BRDA:224,34,0,0
BRDA:235,35,0,0
BRDA:241,36,0,0
BRDA:241,36,1,0
BRF:72
BRH:0
end_of_record
TN:
SF:src/services/terrainSpriteService.ts
FN:225,(anonymous_0)
FN:232,(anonymous_1)
FN:235,(anonymous_2)
FN:247,(anonymous_3)
FN:249,(anonymous_4)
FN:254,(anonymous_5)
FN:266,(anonymous_6)
FN:295,(anonymous_7)
FN:303,(anonymous_8)
FN:317,(anonymous_9)
FN:331,(anonymous_10)
FN:344,(anonymous_11)
FN:348,(anonymous_12)
FN:349,(anonymous_13)
FN:352,(anonymous_14)
FN:353,(anonymous_15)
FN:354,(anonymous_16)
FN:374,(anonymous_17)
FN:393,(anonymous_18)
FN:404,(anonymous_19)
FN:413,(anonymous_20)
FN:424,(anonymous_21)
FN:447,(anonymous_22)
FN:453,(anonymous_23)
FNF:24
FNH:0
FNDA:0,(anonymous_0)
FNDA:0,(anonymous_1)
FNDA:0,(anonymous_2)
FNDA:0,(anonymous_3)
FNDA:0,(anonymous_4)
FNDA:0,(anonymous_5)
FNDA:0,(anonymous_6)
FNDA:0,(anonymous_7)
FNDA:0,(anonymous_8)
FNDA:0,(anonymous_9)
FNDA:0,(anonymous_10)
FNDA:0,(anonymous_11)
FNDA:0,(anonymous_12)
FNDA:0,(anonymous_13)
FNDA:0,(anonymous_14)
FNDA:0,(anonymous_15)
FNDA:0,(anonymous_16)
FNDA:0,(anonymous_17)
FNDA:0,(anonymous_18)
FNDA:0,(anonymous_19)
FNDA:0,(anonymous_20)
FNDA:0,(anonymous_21)
FNDA:0,(anonymous_22)
FNDA:0,(anonymous_23)
DA:44,0
DA:45,0
DA:48,0
DA:178,0
DA:192,0
DA:226,0
DA:227,0
DA:229,0
DA:237,0
DA:238,0
DA:242,0
DA:243,0
DA:247,0
DA:248,0
DA:249,0
DA:250,0
DA:251,0
DA:252,0
DA:254,0
DA:255,0
DA:256,0
DA:257,0
DA:259,0
DA:262,0
DA:263,0
DA:267,0
DA:268,0
DA:270,0
DA:273,0
DA:274,0
DA:275,0
DA:276,0
DA:278,0
DA:282,0
DA:283,0
DA:284,0
DA:287,0
DA:289,0
DA:290,0
DA:297,0
DA:298,0
DA:299,0
DA:300,0
DA:304,0
DA:305,0
DA:307,0
DA:308,0
DA:309,0
DA:311,0
DA:312,0
DA:318,0
DA:321,0
DA:323,0
DA:324,0
DA:325,0
DA:328,0
DA:332,0
DA:334,0
DA:335,0
DA:336,0
DA:338,0
DA:341,0
DA:345,0
DA:348,0
DA:349,0
DA:352,0
DA:353,0
DA:354,0
DA:357,0
DA:358,0
DA:359,0
DA:361,0
DA:375,0
DA:377,0
DA:378,0
DA:380,0
DA:381,0
DA:382,0
DA:383,0
DA:384,0
DA:390,0
DA:394,0
DA:397,0
DA:403,0
DA:404,0
DA:405,0
DA:407,0
DA:410,0
DA:415,0
DA:416,0
DA:418,0
DA:419,0
DA:420,0
DA:425,0
DA:426,0
DA:428,0
DA:429,0
DA:430,0
DA:434,0
DA:443,0
DA:448,0
DA:449,0
DA:454,0
DA:462,0
LF:104
LH:0
BRDA:226,0,0,0
BRDA:226,0,1,0
BRDA:237,1,0,0
BRDA:237,1,1,0
BRDA:242,2,0,0
BRDA:242,2,1,0
BRDA:268,3,0,0
BRDA:268,3,1,0
BRDA:273,4,0,0
BRDA:273,4,1,0
BRDA:274,5,0,0
BRDA:274,5,1,0
BRDA:275,6,0,0
BRDA:275,6,1,0
BRDA:276,7,0,0
BRDA:276,7,1,0
BRDA:278,8,0,0
BRDA:278,8,1,0
BRDA:282,9,0,0
BRDA:282,9,1,0
BRDA:282,10,0,0
BRDA:282,10,1,0
BRDA:284,11,0,0
BRDA:284,11,1,0
BRDA:299,12,0,0
BRDA:299,12,1,0
BRDA:305,13,0,0
BRDA:305,13,1,0
BRDA:309,14,0,0
BRDA:309,14,1,0
BRDA:325,15,0,0
BRDA:325,15,1,0
BRDA:335,16,0,0
BRDA:335,16,1,0
BRDA:345,17,0,0
BRDA:345,17,1,0
BRDA:358,18,0,0
BRDA:358,18,1,0
BRDA:359,19,0,0
BRDA:359,19,1,0
BRDA:381,20,0,0
BRDA:381,20,1,0
BRDA:383,21,0,0
BRDA:383,21,1,0
BRDA:405,22,0,0
BRDA:405,22,1,0
BRDA:407,23,0,0
BRDA:407,23,1,0
BRDA:418,24,0,0
BRDA:418,24,1,0
BRDA:419,25,0,0
BRDA:419,25,1,0
BRDA:426,26,0,0
BRDA:426,26,1,0
BRDA:428,27,0,0
BRDA:428,27,1,0
BRDA:429,28,0,0
BRDA:429,28,1,0
BRDA:443,29,0,0
BRDA:443,29,1,0
BRF:60
BRH:0
end_of_record
TN:
SF:src/services/zfcService.ts
FN:78,(anonymous_0)
FN:101,(anonymous_1)
FN:119,(anonymous_2)
FN:138,(anonymous_3)
FN:154,(anonymous_4)
FN:169,(anonymous_5)
FN:170,(anonymous_6)
FN:171,(anonymous_7)
FN:188,(anonymous_8)
FNF:9
FNH:0
FNDA:0,(anonymous_0)
FNDA:0,(anonymous_1)
FNDA:0,(anonymous_2)
FNDA:0,(anonymous_3)
FNDA:0,(anonymous_4)
FNDA:0,(anonymous_5)
FNDA:0,(anonymous_6)
FNDA:0,(anonymous_7)
FNDA:0,(anonymous_8)
DA:85,0
DA:86,0
DA:87,0
DA:89,0
DA:90,0
DA:107,0
DA:108,0
DA:109,0
DA:111,0
DA:112,0
DA:126,0
DA:127,0
DA:128,0
DA:130,0
DA:131,0
DA:142,0
DA:143,0
DA:144,0
DA:146,0
DA:147,0
DA:157,0
DA:158,0
DA:159,0
DA:161,0
DA:162,0
DA:170,0
DA:171,0
DA:189,0
LF:28
LH:0
BRDA:109,0,0,0
BRDA:109,0,1,0
BRDA:128,1,0,0
BRDA:128,1,1,0
BRDA:144,2,0,0
BRDA:144,2,1,0
BRDA:159,3,0,0
BRDA:159,3,1,0
BRDA:177,4,0,0
BRDA:177,4,1,0
BRDA:178,5,0,0
BRDA:178,5,1,0
BRDA:179,6,0,0
BRDA:179,6,1,0
BRDA:194,7,0,0
BRDA:194,7,1,0
BRDA:197,8,0,0
BRDA:197,8,1,0
BRDA:203,9,0,0
BRDA:203,9,1,0
BRDA:204,10,0,0
BRDA:204,10,1,0
BRF:22
BRH:0
end_of_record
TN:
SF:src/store/useGameStore.ts
FN:127,(anonymous_0)
FN:139,(anonymous_1)
FN:143,(anonymous_2)
FN:211,(anonymous_3)
FN:215,(anonymous_4)
FN:244,(anonymous_5)
FN:261,(anonymous_6)
FN:265,(anonymous_7)
FN:290,(anonymous_8)
FN:294,(anonymous_9)
FN:299,(anonymous_10)
FN:300,(anonymous_11)
FN:301,(anonymous_12)
FN:305,(anonymous_13)
FN:309,(anonymous_14)
FN:327,(anonymous_15)
FN:328,(anonymous_16)
FN:335,(anonymous_17)
FN:340,(anonymous_18)
FN:348,(anonymous_19)
FN:353,(anonymous_20)
FN:354,(anonymous_21)
FN:357,(anonymous_22)
FN:368,(anonymous_23)
FN:369,(anonymous_24)
FN:372,(anonymous_25)
FN:379,(anonymous_26)
FN:398,(anonymous_27)
FN:398,(anonymous_28)
FN:409,(anonymous_29)
FN:469,(anonymous_30)
FN:492,(anonymous_31)
FN:499,(anonymous_32)
FN:502,(anonymous_33)
FN:502,(anonymous_34)
FN:505,(anonymous_35)
FN:505,(anonymous_36)
FN:506,(anonymous_37)
FN:508,(anonymous_38)
FN:508,(anonymous_39)
FN:509,(anonymous_40)
FN:513,(anonymous_41)
FN:513,(anonymous_42)
FN:516,(anonymous_43)
FN:517,(anonymous_44)
FN:520,(anonymous_45)
FN:520,(anonymous_46)
FN:527,(anonymous_47)
FN:527,(anonymous_48)
FN:530,(anonymous_49)
FN:536,(anonymous_50)
FN:537,(anonymous_51)
FN:538,(anonymous_52)
FN:541,(anonymous_53)
FN:544,(anonymous_54)
FN:545,(anonymous_55)
FN:562,(anonymous_56)
FN:562,(anonymous_57)
FN:609,(anonymous_58)
FN:613,(anonymous_59)
FN:649,(anonymous_60)
FN:672,(anonymous_61)
FN:673,(anonymous_62)
FN:700,(anonymous_63)
FN:732,(anonymous_64)
FN:764,(anonymous_65)
FN:779,(anonymous_66)
FN:781,(anonymous_67)
FN:794,(anonymous_68)
FN:822,(anonymous_69)
FN:834,(anonymous_70)
FN:848,(anonymous_71)
FN:886,(anonymous_72)
FN:892,(anonymous_73)
FN:909,(anonymous_74)
FN:916,(anonymous_75)
FN:922,(anonymous_76)
FN:940,(anonymous_77)
FNF:78
FNH:6
FNDA:0,(anonymous_0)
FNDA:1,(anonymous_1)
FNDA:0,(anonymous_2)
FNDA:0,(anonymous_3)
FNDA:0,(anonymous_4)
FNDA:0,(anonymous_5)
FNDA:0,(anonymous_6)
FNDA:0,(anonymous_7)
FNDA:0,(anonymous_8)
FNDA:0,(anonymous_9)
FNDA:0,(anonymous_10)
FNDA:0,(anonymous_11)
FNDA:0,(anonymous_12)
FNDA:0,(anonymous_13)
FNDA:0,(anonymous_14)
FNDA:0,(anonymous_15)
FNDA:0,(anonymous_16)
FNDA:0,(anonymous_17)
FNDA:0,(anonymous_18)
FNDA:0,(anonymous_19)
FNDA:0,(anonymous_20)
FNDA:0,(anonymous_21)
FNDA:0,(anonymous_22)
FNDA:0,(anonymous_23)
FNDA:0,(anonymous_24)
FNDA:4,(anonymous_25)
FNDA:4,(anonymous_26)
FNDA:18,(anonymous_27)
FNDA:134,(anonymous_28)
FNDA:4,(anonymous_29)
FNDA:0,(anonymous_30)
FNDA:0,(anonymous_31)
FNDA:0,(anonymous_32)
FNDA:0,(anonymous_33)
FNDA:0,(anonymous_34)
FNDA:0,(anonymous_35)
FNDA:0,(anonymous_36)
FNDA:0,(anonymous_37)
FNDA:0,(anonymous_38)
FNDA:0,(anonymous_39)
FNDA:0,(anonymous_40)
FNDA:0,(anonymous_41)
FNDA:0,(anonymous_42)
FNDA:0,(anonymous_43)
FNDA:0,(anonymous_44)
FNDA:0,(anonymous_45)
FNDA:0,(anonymous_46)
FNDA:0,(anonymous_47)
FNDA:0,(anonymous_48)
FNDA:0,(anonymous_49)
FNDA:0,(anonymous_50)
FNDA:0,(anonymous_51)
FNDA:0,(anonymous_52)
FNDA:0,(anonymous_53)
FNDA:0,(anonymous_54)
FNDA:0,(anonymous_55)
FNDA:0,(anonymous_56)
FNDA:0,(anonymous_57)
FNDA:0,(anonymous_58)
FNDA:0,(anonymous_59)
FNDA:0,(anonymous_60)
FNDA:0,(anonymous_61)
FNDA:0,(anonymous_62)
FNDA:0,(anonymous_63)
FNDA:0,(anonymous_64)
FNDA:0,(anonymous_65)
FNDA:0,(anonymous_66)
FNDA:0,(anonymous_67)
FNDA:0,(anonymous_68)
FNDA:0,(anonymous_69)
FNDA:0,(anonymous_70)
FNDA:0,(anonymous_71)
FNDA:0,(anonymous_72)
FNDA:0,(anonymous_73)
FNDA:0,(anonymous_74)
FNDA:0,(anonymous_75)
FNDA:0,(anonymous_76)
FNDA:0,(anonymous_77)
DA:91,1
DA:127,1
DA:128,0
DA:129,0
DA:130,0
DA:131,0
DA:132,0
DA:133,0
DA:134,0
DA:135,0
DA:139,1
DA:144,0
DA:146,0
DA:147,0
DA:148,0
DA:149,0
DA:150,0
DA:151,0
DA:153,0
DA:155,0
DA:156,0
DA:158,0
DA:179,0
DA:180,0
DA:182,0
DA:203,0
DA:206,0
DA:207,0
DA:212,0
DA:213,0
DA:215,0
DA:216,0
DA:218,0
DA:220,0
DA:221,0
DA:222,0
DA:223,0
DA:227,0
DA:228,0
DA:229,0
DA:233,0
DA:235,0
DA:236,0
DA:237,0
DA:239,0
DA:240,0
DA:245,0
DA:246,0
DA:248,0
DA:251,0
DA:253,0
DA:254,0
DA:257,0
DA:258,0
DA:262,0
DA:263,0
DA:265,0
DA:266,0
DA:268,0
DA:269,0
DA:275,0
DA:276,0
DA:278,0
DA:279,0
DA:281,0
DA:282,0
DA:285,0
DA:286,0
DA:291,0
DA:292,0
DA:294,0
DA:300,0
DA:301,0
DA:306,0
DA:307,0
DA:309,0
DA:310,0
DA:312,0
DA:314,0
DA:319,0
DA:321,0
DA:322,0
DA:327,0
DA:329,0
DA:330,0
DA:333,0
DA:334,0
DA:335,0
DA:336,0
DA:341,0
DA:342,0
DA:345,0
DA:346,0
DA:347,0
DA:348,0
DA:349,0
DA:353,0
DA:354,0
DA:358,0
DA:359,0
DA:360,0
DA:361,0
DA:362,0
DA:363,0
DA:365,0
DA:368,0
DA:369,0
DA:373,4
DA:374,4
DA:375,0
DA:376,0
DA:379,4
DA:380,4
DA:381,0
DA:382,0
DA:385,4
DA:386,1
DA:387,1
DA:390,3
DA:393,3
DA:394,3
DA:395,3
DA:398,134
DA:404,3
DA:405,3
DA:406,3
DA:407,3
DA:409,3
DA:410,4
DA:411,0
DA:412,0
DA:415,4
DA:416,4
DA:419,4
DA:421,0
DA:422,0
DA:426,4
DA:427,84
DA:428,1764
DA:429,1764
DA:431,1764
DA:432,234
DA:433,234
DA:435,234
DA:437,75
DA:438,75
DA:439,75
DA:440,75
DA:441,159
DA:443,67
DA:444,67
DA:445,67
DA:446,67
DA:447,92
DA:449,72
DA:450,72
DA:451,72
DA:458,3
DA:459,3
DA:462,3
DA:463,3
DA:465,0
DA:470,0
DA:471,0
DA:473,0
DA:474,0
DA:475,0
DA:477,0
DA:478,0
DA:479,0
DA:480,0
DA:481,0
DA:482,0
DA:483,0
DA:489,0
DA:493,0
DA:494,0
DA:496,0
DA:497,0
DA:499,0
DA:502,0
DA:505,0
DA:506,0
DA:508,0
DA:510,0
DA:513,0
DA:516,0
DA:517,0
DA:520,0
DA:527,0
DA:531,0
DA:536,0
DA:537,0
DA:538,0
DA:542,0
DA:543,0
DA:544,0
DA:545,0
DA:547,0
DA:548,0
DA:557,0
DA:559,0
DA:562,0
DA:583,0
DA:586,0
DA:587,0
DA:588,0
DA:597,0
DA:600,0
DA:610,0
DA:611,0
DA:613,0
DA:614,0
DA:616,0
DA:617,0
DA:620,0
DA:623,0
DA:624,0
DA:627,0
DA:633,0
DA:641,0
DA:643,0
DA:644,0
DA:650,0
DA:651,0
DA:652,0
DA:654,0
DA:656,0
DA:657,0
DA:659,0
DA:661,0
DA:663,0
DA:665,0
DA:667,0
DA:670,0
DA:671,0
DA:672,0
DA:673,0
DA:675,0
DA:676,0
DA:682,0
DA:683,0
DA:684,0
DA:687,0
DA:689,0
DA:693,0
DA:694,0
DA:696,0
DA:701,0
DA:702,0
DA:703,0
DA:705,0
DA:706,0
DA:708,0
DA:710,0
DA:719,0
DA:722,0
DA:723,0
DA:726,0
DA:728,0
DA:733,0
DA:734,0
DA:735,0
DA:737,0
DA:738,0
DA:740,0
DA:742,0
DA:751,0
DA:754,0
DA:755,0
DA:758,0
DA:760,0
DA:765,0
DA:766,0
DA:767,0
DA:769,0
DA:770,0
DA:772,0
DA:774,0
DA:779,0
DA:782,0
DA:783,0
DA:784,0
DA:786,0
DA:787,0
DA:788,0
DA:790,0
DA:791,0
DA:794,0
DA:795,0
DA:798,0
DA:799,0
DA:800,0
DA:801,0
DA:804,0
DA:805,0
DA:806,0
DA:807,0
DA:808,0
DA:810,0
DA:812,0
DA:815,0
DA:816,0
DA:818,0
DA:823,0
DA:824,0
DA:826,0
DA:827,0
DA:828,0
DA:830,0
DA:831,0
DA:834,0
DA:835,0
DA:838,0
DA:839,0
DA:840,0
DA:841,0
DA:844,0
DA:849,0
DA:850,0
DA:852,0
DA:853,0
DA:854,0
DA:856,0
DA:858,0
DA:860,0
DA:862,0
DA:863,0
DA:866,0
DA:867,0
DA:869,0
DA:870,0
DA:872,0
DA:874,0
DA:878,0
DA:879,0
DA:881,0
DA:887,0
DA:888,0
DA:890,0
DA:892,0
DA:893,0
DA:894,0
DA:895,0
DA:899,0
DA:902,0
DA:905,0
DA:906,0
DA:909,0
DA:910,0
DA:913,0
DA:917,0
DA:918,0
DA:920,0
DA:922,0
DA:923,0
DA:924,0
DA:926,0
DA:929,0
DA:932,0
DA:933,0
DA:934,0
DA:935,0
DA:941,0
DA:942,0
DA:943,0
DA:944,0
LF:367
LH:49
BRDA:128,0,0,0
BRDA:128,0,1,0
BRDA:128,0,2,0
BRDA:128,0,3,0
BRDA:128,0,4,0
BRDA:128,0,5,0
BRDA:128,0,6,0
BRDA:153,1,0,0
BRDA:153,1,1,0
BRDA:155,2,0,0
BRDA:155,2,1,0
BRDA:155,2,2,0
BRDA:159,3,0,0
BRDA:159,3,1,0
BRDA:160,4,0,0
BRDA:160,4,1,0
BRDA:163,5,0,0
BRDA:163,5,1,0
BRDA:164,6,0,0
BRDA:164,6,1,0
BRDA:165,7,0,0
BRDA:165,7,1,0
BRDA:166,8,0,0
BRDA:166,8,1,0
BRDA:167,9,0,0
BRDA:167,9,1,0
BRDA:168,10,0,0
BRDA:168,10,1,0
BRDA:170,11,0,0
BRDA:170,11,1,0
BRDA:171,12,0,0
BRDA:171,12,1,0
BRDA:172,13,0,0
BRDA:172,13,1,0
BRDA:173,14,0,0
BRDA:173,14,1,0
BRDA:174,15,0,0
BRDA:174,15,1,0
BRDA:175,16,0,0
BRDA:175,16,1,0
BRDA:213,17,0,0
BRDA:213,17,1,0
BRDA:213,18,0,0
BRDA:213,18,1,0
BRDA:216,19,0,0
BRDA:216,19,1,0
BRDA:221,20,0,0
BRDA:221,20,1,0
BRDA:228,21,0,0
BRDA:228,21,1,0
BRDA:246,22,0,0
BRDA:246,22,1,0
BRDA:253,23,0,0
BRDA:253,23,1,0
BRDA:263,24,0,0
BRDA:263,24,1,0
BRDA:263,25,0,0
BRDA:263,25,1,0
BRDA:266,26,0,0
BRDA:266,26,1,0
BRDA:275,27,0,0
BRDA:275,27,1,0
BRDA:292,28,0,0
BRDA:292,28,1,0
BRDA:307,29,0,0
BRDA:307,29,1,0
BRDA:307,30,0,0
BRDA:307,30,1,0
BRDA:310,31,0,0
BRDA:310,31,1,0
BRDA:316,32,0,0
BRDA:316,32,1,0
BRDA:333,33,0,0
BRDA:333,33,1,0
BRDA:346,34,0,0
BRDA:346,34,1,0
BRDA:359,35,0,0
BRDA:359,35,1,0
BRDA:374,36,0,0
BRDA:374,36,1,4
BRDA:374,37,0,4
BRDA:374,37,1,4
BRDA:380,38,0,0
BRDA:380,38,1,4
BRDA:385,39,0,1
BRDA:385,39,1,3
BRDA:385,40,0,4
BRDA:385,40,1,4
BRDA:400,41,0,134
BRDA:400,41,1,134
BRDA:401,42,0,0
BRDA:401,42,1,134
BRDA:410,43,0,0
BRDA:410,43,1,4
BRDA:419,44,0,0
BRDA:419,44,1,4
BRDA:419,45,0,4
BRDA:419,45,1,4
BRDA:419,45,2,4
BRDA:419,45,3,4
BRDA:431,46,0,234
BRDA:431,46,1,1530
BRDA:431,47,0,1764
BRDA:431,47,1,1155
BRDA:431,47,2,588
BRDA:431,47,3,408
BRDA:435,48,0,75
BRDA:435,48,1,159
BRDA:441,49,0,67
BRDA:441,49,1,92
BRDA:447,50,0,72
BRDA:447,50,1,20
BRDA:462,51,0,3
BRDA:462,51,1,0
BRDA:471,52,0,0
BRDA:471,52,1,0
BRDA:471,53,0,0
BRDA:471,53,1,0
BRDA:474,54,0,0
BRDA:474,54,1,0
BRDA:480,55,0,0
BRDA:480,55,1,0
BRDA:480,56,0,0
BRDA:480,56,1,0
BRDA:482,57,0,0
BRDA:482,57,1,0
BRDA:494,58,0,0
BRDA:494,58,1,0
BRDA:494,59,0,0
BRDA:494,59,1,0
BRDA:497,60,0,0
BRDA:497,60,1,0
BRDA:497,61,0,0
BRDA:497,61,1,0
BRDA:499,62,0,0
BRDA:499,62,1,0
BRDA:510,63,0,0
BRDA:510,63,1,0
BRDA:521,64,0,0
BRDA:521,64,1,0
BRDA:523,65,0,0
BRDA:523,65,1,0
BRDA:528,66,0,0
BRDA:528,66,1,0
BRDA:530,67,0,0
BRDA:530,67,1,0
BRDA:531,68,0,0
BRDA:531,68,1,0
BRDA:547,69,0,0
BRDA:547,69,1,0
BRDA:547,70,0,0
BRDA:547,70,1,0
BRDA:560,71,0,0
BRDA:560,71,1,0
BRDA:566,72,0,0
BRDA:566,72,1,0
BRDA:567,73,0,0
BRDA:567,73,1,0
BRDA:568,74,0,0
BRDA:568,74,1,0
BRDA:569,75,0,0
BRDA:569,75,1,0
BRDA:570,76,0,0
BRDA:570,76,1,0
BRDA:571,77,0,0
BRDA:571,77,1,0
BRDA:572,78,0,0
BRDA:572,78,1,0
BRDA:575,79,0,0
BRDA:575,79,1,0
BRDA:576,80,0,0
BRDA:576,80,1,0
BRDA:577,81,0,0
BRDA:577,81,1,0
BRDA:583,82,0,0
BRDA:583,82,1,0
BRDA:587,83,0,0
BRDA:587,83,1,0
BRDA:592,84,0,0
BRDA:592,84,1,0
BRDA:593,85,0,0
BRDA:593,85,1,0
BRDA:611,86,0,0
BRDA:611,86,1,0
BRDA:611,87,0,0
BRDA:611,87,1,0
BRDA:614,88,0,0
BRDA:614,88,1,0
BRDA:620,89,0,0
BRDA:620,89,1,0
BRDA:623,90,0,0
BRDA:623,90,1,0
BRDA:628,91,0,0
BRDA:628,91,1,0
BRDA:657,92,0,0
BRDA:657,92,1,0
BRDA:657,93,0,0
BRDA:657,93,1,0
BRDA:665,94,0,0
BRDA:665,94,1,0
BRDA:675,95,0,0
BRDA:675,95,1,0
BRDA:680,96,0,0
BRDA:680,96,1,0
BRDA:683,97,0,0
BRDA:683,97,1,0
BRDA:689,98,0,0
BRDA:689,98,1,0
BRDA:693,99,0,0
BRDA:693,99,1,0
BRDA:706,100,0,0
BRDA:706,100,1,0
BRDA:706,101,0,0
BRDA:706,101,1,0
BRDA:726,102,0,0
BRDA:726,102,1,0
BRDA:738,103,0,0
BRDA:738,103,1,0
BRDA:738,104,0,0
BRDA:738,104,1,0
BRDA:758,105,0,0
BRDA:758,105,1,0
BRDA:772,106,0,0
BRDA:772,106,1,0
BRDA:790,107,0,0
BRDA:790,107,1,0
BRDA:794,108,0,0
BRDA:794,108,1,0
BRDA:816,109,0,0
BRDA:816,109,1,0
BRDA:824,110,0,0
BRDA:824,110,1,0
BRDA:830,111,0,0
BRDA:830,111,1,0
BRDA:834,112,0,0
BRDA:834,112,1,0
BRDA:850,113,0,0
BRDA:850,113,1,0
BRDA:850,114,0,0
BRDA:850,114,1,0
BRDA:860,115,0,0
BRDA:860,115,1,0
BRDA:869,116,0,0
BRDA:869,116,1,0
BRDA:874,117,0,0
BRDA:874,117,1,0
BRDA:879,118,0,0
BRDA:879,118,1,0
BRDA:888,119,0,0
BRDA:888,119,1,0
BRDA:893,120,0,0
BRDA:893,120,1,0
BRDA:918,121,0,0
BRDA:918,121,1,0
BRDA:918,122,0,0
BRDA:918,122,1,0
BRDA:932,123,0,0
BRDA:932,123,1,0
BRF:258
BRH:30
end_of_record
TN:
SF:src/types/game.ts
FNF:0
FNH:0
LF:0
LH:0
BRF:0
BRH:0
end_of_record
TN:
SF:src/types/terrain.ts
FNF:0
FNH:0
DA:54,0
LF:1
LH:0
BRF:0
BRH:0
end_of_record
TN:
SF:src/utils/retro-konami.ts
FN:18,(anonymous_0)
FN:22,(anonymous_1)
FN:28,(anonymous_2)
FN:39,(anonymous_3)
FN:50,(anonymous_4)
FN:61,(anonymous_5)
FN:68,(anonymous_6)
FN:72,(anonymous_7)
FN:80,(anonymous_8)
FN:85,(anonymous_9)
FN:90,(anonymous_10)
FN:104,(anonymous_11)
FN:113,(anonymous_12)
FN:120,(anonymous_13)
FN:128,(anonymous_14)
FN:140,(anonymous_15)
FN:145,(anonymous_16)
FN:157,(anonymous_17)
FN:170,(anonymous_18)
FN:176,(anonymous_19)
FN:180,(anonymous_20)
FN:184,(anonymous_21)
FN:193,(anonymous_22)
FN:194,(anonymous_23)
FN:195,(anonymous_24)
FN:196,(anonymous_25)
FNF:26
FNH:0
FNDA:0,(anonymous_0)
FNDA:0,(anonymous_1)
FNDA:0,(anonymous_2)
FNDA:0,(anonymous_3)
FNDA:0,(anonymous_4)
FNDA:0,(anonymous_5)
FNDA:0,(anonymous_6)
FNDA:0,(anonymous_7)
FNDA:0,(anonymous_8)
FNDA:0,(anonymous_9)
FNDA:0,(anonymous_10)
FNDA:0,(anonymous_11)
FNDA:0,(anonymous_12)
FNDA:0,(anonymous_13)
FNDA:0,(anonymous_14)
FNDA:0,(anonymous_15)
FNDA:0,(anonymous_16)
FNDA:0,(anonymous_17)
FNDA:0,(anonymous_18)
FNDA:0,(anonymous_19)
FNDA:0,(anonymous_20)
FNDA:0,(anonymous_21)
FNDA:0,(anonymous_22)
FNDA:0,(anonymous_23)
FNDA:0,(anonymous_24)
FNDA:0,(anonymous_25)
DA:14,0
DA:15,0
DA:16,0
DA:19,0
DA:24,0
DA:29,0
DA:30,0
DA:35,0
DA:40,0
DA:41,0
DA:46,0
DA:51,0
DA:52,0
DA:57,0
DA:62,0
DA:63,0
DA:69,0
DA:73,0
DA:75,0
DA:76,0
DA:79,0
DA:80,0
DA:81,0
DA:86,0
DA:87,0
DA:90,0
DA:92,0
DA:93,0
DA:96,0
DA:99,0
DA:100,0
DA:104,0
DA:105,0
DA:106,0
DA:107,0
DA:108,0
DA:114,0
DA:116,0
DA:117,0
DA:122,0
DA:125,0
DA:130,0
DA:136,0
DA:139,0
DA:140,0
DA:141,0
DA:147,0
DA:154,0
DA:159,0
DA:166,0
DA:169,0
DA:170,0
DA:171,0
DA:177,0
DA:181,0
DA:185,0
DA:190,0
DA:193,0
DA:194,0
DA:195,0
DA:196,0
DA:198,0
DA:207,0
DA:243,0
DA:244,0
DA:245,0
DA:246,0
LF:67
LH:0
BRDA:73,0,0,0
BRDA:73,0,1,0
BRDA:92,1,0,0
BRDA:92,1,1,0
BRDA:92,2,0,0
BRDA:92,2,1,0
BRDA:99,3,0,0
BRDA:99,3,1,0
BRDA:105,4,0,0
BRDA:105,4,1,0
BRDA:114,5,0,0
BRDA:114,5,1,0
BRDA:243,6,0,0
BRDA:243,6,1,0
BRF:14
BRH:0
end_of_record
TN:
SF:src/utils/terrainEngine.ts
FN:15,(anonymous_0)
FN:19,(anonymous_1)
FN:25,(anonymous_2)
FN:26,(anonymous_3)
FN:32,(anonymous_4)
FN:36,(anonymous_5)
FN:47,(anonymous_6)
FN:59,(anonymous_7)
FN:78,(anonymous_8)
FN:85,(anonymous_9)
FN:99,(anonymous_10)
FN:140,(anonymous_11)
FN:146,(anonymous_12)
FN:193,(anonymous_13)
FN:214,(anonymous_14)
FN:216,(anonymous_15)
FN:217,(anonymous_16)
FN:223,(anonymous_17)
FN:239,(anonymous_18)
FN:245,(anonymous_19)
FN:251,(anonymous_20)
FN:257,(anonymous_21)
FN:272,(anonymous_22)
FN:281,(anonymous_23)
FN:289,(anonymous_24)
FN:304,(anonymous_25)
FN:313,(anonymous_26)
FN:330,(anonymous_27)
FN:347,(anonymous_28)
FN:353,(anonymous_29)
FN:360,(anonymous_30)
FN:370,(anonymous_31)
FN:377,(anonymous_32)
FN:383,(anonymous_33)
FN:398,(anonymous_34)
FN:431,(anonymous_35)
FN:435,(anonymous_36)
FN:439,(anonymous_37)
FN:443,(anonymous_38)
FNF:39
FNH:0
FNDA:0,(anonymous_0)
FNDA:0,(anonymous_1)
FNDA:0,(anonymous_2)
FNDA:0,(anonymous_3)
FNDA:0,(anonymous_4)
FNDA:0,(anonymous_5)
FNDA:0,(anonymous_6)
FNDA:0,(anonymous_7)
FNDA:0,(anonymous_8)
FNDA:0,(anonymous_9)
FNDA:0,(anonymous_10)
FNDA:0,(anonymous_11)
FNDA:0,(anonymous_12)
FNDA:0,(anonymous_13)
FNDA:0,(anonymous_14)
FNDA:0,(anonymous_15)
FNDA:0,(anonymous_16)
FNDA:0,(anonymous_17)
FNDA:0,(anonymous_18)
FNDA:0,(anonymous_19)
FNDA:0,(anonymous_20)
FNDA:0,(anonymous_21)
FNDA:0,(anonymous_22)
FNDA:0,(anonymous_23)
FNDA:0,(anonymous_24)
FNDA:0,(anonymous_25)
FNDA:0,(anonymous_26)
FNDA:0,(anonymous_27)
FNDA:0,(anonymous_28)
FNDA:0,(anonymous_29)
FNDA:0,(anonymous_30)
FNDA:0,(anonymous_31)
FNDA:0,(anonymous_32)
FNDA:0,(anonymous_33)
FNDA:0,(anonymous_34)
FNDA:0,(anonymous_35)
FNDA:0,(anonymous_36)
FNDA:0,(anonymous_37)
FNDA:0,(anonymous_38)
DA:16,0
DA:20,0
DA:21,0
DA:22,0
DA:26,0
DA:33,0
DA:37,0
DA:38,0
DA:45,0
DA:48,0
DA:56,0
DA:60,0
DA:62,0
DA:63,0
DA:65,0
DA:66,0
DA:68,0
DA:69,0
DA:70,0
DA:71,0
DA:74,0
DA:79,0
DA:80,0
DA:81,0
DA:84,0
DA:85,0
DA:87,0
DA:88,0
DA:89,0
DA:91,0
DA:92,0
DA:95,0
DA:96,0
DA:100,0
DA:101,0
DA:102,0
DA:104,0
DA:106,0
DA:107,0
DA:108,0
DA:110,0
DA:111,0
DA:113,0
DA:114,0
DA:115,0
DA:116,0
DA:119,0
DA:120,0
DA:121,0
DA:122,0
DA:124,0
DA:125,0
DA:130,0
DA:141,0
DA:142,0
DA:147,0
DA:148,0
DA:151,0
DA:152,0
DA:153,0
DA:155,0
DA:156,0
DA:157,0
DA:158,0
DA:159,0
DA:163,0
DA:164,0
DA:165,0
DA:166,0
DA:171,0
DA:172,0
DA:174,0
DA:175,0
DA:176,0
DA:177,0
DA:179,0
DA:183,0
DA:184,0
DA:185,0
DA:186,0
DA:194,0
DA:195,0
DA:196,0
DA:197,0
DA:198,0
DA:200,0
DA:201,0
DA:202,0
DA:203,0
DA:204,0
DA:205,0
DA:209,0
DA:215,0
DA:216,0
DA:217,0
DA:220,0
DA:223,0
DA:224,0
DA:225,0
DA:229,0
DA:230,0
DA:231,0
DA:232,0
DA:233,0
DA:235,0
DA:240,0
DA:241,0
DA:242,0
DA:246,0
DA:247,0
DA:248,0
DA:252,0
DA:253,0
DA:254,0
DA:259,0
DA:268,0
DA:273,0
DA:274,0
DA:275,0
DA:276,0
DA:284,0
DA:290,0
DA:293,0
DA:296,0
DA:299,0
DA:301,0
DA:305,0
DA:307,0
DA:308,0
DA:310,0
DA:312,0
DA:313,0
DA:314,0
DA:315,0
DA:327,0
DA:331,0
DA:333,0
DA:334,0
DA:335,0
DA:336,0
DA:338,0
DA:344,0
DA:348,0
DA:350,0
DA:351,0
DA:353,0
DA:355,0
DA:356,0
DA:360,0
DA:367,0
DA:371,0
DA:372,0
DA:373,0
DA:374,0
DA:378,0
DA:379,0
DA:380,0
DA:384,0
DA:386,0
DA:387,0
DA:388,0
DA:389,0
DA:394,0
DA:399,0
DA:401,0
DA:404,0
DA:407,0
DA:410,0
DA:413,0
DA:414,0
DA:415,0
DA:419,0
DA:422,0
DA:424,0
DA:425,0
DA:427,0
DA:432,0
DA:436,0
DA:440,0
DA:444,0
LF:180
LH:0
BRDA:36,0,0,0
BRDA:47,1,0,0
BRDA:60,2,0,0
BRDA:60,2,1,0
BRDA:85,3,0,0
BRDA:85,3,1,0
BRDA:89,4,0,0
BRDA:89,4,1,0
BRDA:110,5,0,0
BRDA:110,5,1,0
BRDA:124,6,0,0
BRDA:124,6,1,0
BRDA:124,7,0,0
BRDA:124,7,1,0
BRDA:124,7,2,0
BRDA:157,8,0,0
BRDA:157,8,1,0
BRDA:157,9,0,0
BRDA:157,9,1,0
BRDA:163,10,0,0
BRDA:163,10,1,0
BRDA:179,11,0,0
BRDA:179,11,1,0
BRDA:179,12,0,0
BRDA:179,12,1,0
BRDA:179,12,2,0
BRDA:202,13,0,0
BRDA:202,13,1,0
BRDA:202,14,0,0
BRDA:202,14,1,0
BRDA:224,15,0,0
BRDA:224,15,1,0
BRDA:229,16,0,0
BRDA:229,16,1,0
BRDA:230,17,0,0
BRDA:230,17,1,0
BRDA:232,18,0,0
BRDA:232,18,1,0
BRDA:268,19,0,0
BRDA:268,19,1,0
BRDA:275,20,0,0
BRDA:275,20,1,0
BRDA:308,21,0,0
BRDA:308,21,1,0
BRDA:308,22,0,0
BRDA:308,22,1,0
BRDA:312,23,0,0
BRDA:312,23,1,0
BRDA:313,24,0,0
BRDA:313,24,1,0
BRDA:314,25,0,0
BRDA:314,25,1,0
BRDA:334,26,0,0
BRDA:334,26,1,0
BRDA:336,27,0,0
BRDA:336,27,1,0
BRDA:336,28,0,0
BRDA:336,28,1,0
BRDA:336,28,2,0
BRDA:351,29,0,0
BRDA:351,29,1,0
BRDA:351,30,0,0
BRDA:351,30,1,0
BRDA:353,31,0,0
BRDA:353,31,1,0
BRDA:355,32,0,0
BRDA:355,32,1,0
BRDA:388,33,0,0
BRDA:388,33,1,0
BRDA:399,34,0,0
BRDA:399,34,1,0
BRF:71
BRH:0
end_of_record
